-----------------------------------------------------------------
                            2015-06-01 12:10:18,936 [7] INFO  IMS.Logger.Logger [(null)] –                             
                            Parameter for Module=3
key=NavigationName,Value=NavHome
key=recordCount,Value=5
key=RB_Geo,Value=[Geo].[Hierarchy].[MARKET].&[TOTAL ENA]
key=RB_Geo_text,Value=TOTAL ENA
key=RB_MarketFilterParent,Value=[Market].[Hierarchy].[All]
key=RB_SubCategoryFilter,Value=[Market].[Hierarchy].[All]
key=RB_Segment,Value=
key=RB_Channel,Value=[Channel].[Channel].[All]
key=RB_SubChannel,Value=
key=RB_PeriodType,Value=
key=RB_Measure,Value=
key=RB_Market,Value=[Market].[Hierarchy].[All]
key=RB_Period,Value=[Period].[Hierarchy].[Period].&[MTH01]
key=uncheckedItems,Value=TOTAL MARKET
key=RB_Measure_Type,Value=sales
key=absoluteThousandConversion,Value=Thousand
key=RB_TopCountComGlance,Value=10
key=RB_TopCountBrandGlance,Value=10
key=RB_TopCountSubBrandGlance,Value=10
key=RB_TopCountSKUGlance,Value=10
key=RB_TopCountMoleculeAtaGlance,Value=5
key=RB_ComSnapshotTopCount,Value=5
key=RB_TopCountBrandSnapshot,Value=5
key=RB_TopCountSubBrandSnapshot,Value=5
key=RB_TopCountMoleculeSnapshot,Value=5
key=RB_TopCountSKUSnapshot,Value=5
key=RB_ComTrendTopCount,Value=5
key=RB_TopCountBrandTrend,Value=5
key=RB_TopCountSubBrandTrend,Value=5
key=RB_TopCountMoleculeTrend,Value=5
key=RB_TopCountSKUTrend,Value=5
key=RB_CategoryTrendTopCount,Value=5
key=CurrentNavigationId,Value=navigation1
key=Navigation_Label,Value=Home
key=GuideLevel,Value=JJV-M
key=EmailTemplate,Value=
key=IsIMSUser,Value=false
key=@@navigation,Value=NavHome
key=@@navigation_label,Value=Home
                            

-----------------------------------------------------------------
                            2015-06-01 12:10:19,837 [7] INFO  IMS.Logger.Logger [(null)] –                             
                            Parameter for Module=8
key=NavigationName,Value=NavHome
key=recordCount,Value=5
key=RB_Geo,Value=[Geo].[Hierarchy].[MARKET].&[TOTAL ENA]
key=RB_Geo_text,Value=TOTAL ENA
key=RB_MarketFilterParent,Value=[Market].[Hierarchy].[All]
key=RB_SubCategoryFilter,Value=[Market].[Hierarchy].[All]
key=RB_Segment,Value=
key=RB_Channel,Value=[Channel].[Channel].[All]
key=RB_SubChannel,Value=
key=RB_PeriodType,Value=
key=RB_Measure,Value=
key=RB_Market,Value=[Market].[Hierarchy].[All]
key=RB_Period,Value=[Period].[Hierarchy].[Period].&[MTH01]
key=uncheckedItems,Value=TOTAL MARKET
key=RB_Measure_Type,Value=sales
key=absoluteThousandConversion,Value=Thousand
key=RB_TopCountComGlance,Value=10
key=RB_TopCountBrandGlance,Value=10
key=RB_TopCountSubBrandGlance,Value=10
key=RB_TopCountSKUGlance,Value=10
key=RB_TopCountMoleculeAtaGlance,Value=5
key=RB_ComSnapshotTopCount,Value=5
key=RB_TopCountBrandSnapshot,Value=5
key=RB_TopCountSubBrandSnapshot,Value=5
key=RB_TopCountMoleculeSnapshot,Value=5
key=RB_TopCountSKUSnapshot,Value=5
key=RB_ComTrendTopCount,Value=5
key=RB_TopCountBrandTrend,Value=5
key=RB_TopCountSubBrandTrend,Value=5
key=RB_TopCountMoleculeTrend,Value=5
key=RB_TopCountSKUTrend,Value=5
key=RB_CategoryTrendTopCount,Value=5
key=CurrentNavigationId,Value=navigation1
key=Navigation_Label,Value=Home
key=GuideLevel,Value=JJV-M
key=EmailTemplate,Value=
key=IsIMSUser,Value=false
key=@@navigation,Value=NavHome
key=@@navigation_label,Value=Home
key=@@MarketCategory_text,Value=All RB Categories
                            

-----------------------------------------------------------------
                            2015-06-01 12:10:20,651 [7] INFO  IMS.Logger.Logger [(null)] –                             
                            Parameter for Module=7
key=NavigationName,Value=NavHome
key=recordCount,Value=5
key=RB_Geo,Value=[Geo].[Hierarchy].[MARKET].&[TOTAL ENA]
key=RB_Geo_text,Value=TOTAL ENA
key=RB_MarketFilterParent,Value=[Market].[Hierarchy].[All]
key=RB_SubCategoryFilter,Value=[Market].[Hierarchy].[All]
key=RB_Segment,Value=
key=RB_Channel,Value=[Channel].[Channel].[All]
key=RB_SubChannel,Value=
key=RB_PeriodType,Value=[Period].[PeriodTypeName].&[Monthly]
key=RB_Measure,Value=
key=RB_Market,Value=[Market].[Hierarchy].[All]
key=RB_Period,Value=[Period].[Hierarchy].[Period].&[MTH01]
key=uncheckedItems,Value=TOTAL MARKET
key=RB_Measure_Type,Value=sales
key=absoluteThousandConversion,Value=Thousand
key=RB_TopCountComGlance,Value=10
key=RB_TopCountBrandGlance,Value=10
key=RB_TopCountSubBrandGlance,Value=10
key=RB_TopCountSKUGlance,Value=10
key=RB_TopCountMoleculeAtaGlance,Value=5
key=RB_ComSnapshotTopCount,Value=5
key=RB_TopCountBrandSnapshot,Value=5
key=RB_TopCountSubBrandSnapshot,Value=5
key=RB_TopCountMoleculeSnapshot,Value=5
key=RB_TopCountSKUSnapshot,Value=5
key=RB_ComTrendTopCount,Value=5
key=RB_TopCountBrandTrend,Value=5
key=RB_TopCountSubBrandTrend,Value=5
key=RB_TopCountMoleculeTrend,Value=5
key=RB_TopCountSKUTrend,Value=5
key=RB_CategoryTrendTopCount,Value=5
key=CurrentNavigationId,Value=navigation1
key=Navigation_Label,Value=Home
key=GuideLevel,Value=JJV-M
key=EmailTemplate,Value=
key=IsIMSUser,Value=false
key=@@navigation,Value=NavHome
key=@@navigation_label,Value=Home
key=@@MarketCategory_text,Value=All RB Categories
key=@@PeriodType_text,Value=Monthly
                            

-----------------------------------------------------------------
                            2015-06-01 12:10:21,460 [7] INFO  IMS.Logger.Logger [(null)] –                             
                            Parameter for Module=4
key=NavigationName,Value=NavHome
key=recordCount,Value=5
key=RB_Geo,Value=[Geo].[Hierarchy].[MARKET].&[TOTAL ENA]
key=RB_Geo_text,Value=TOTAL ENA
key=RB_MarketFilterParent,Value=[Market].[Hierarchy].[All]
key=RB_SubCategoryFilter,Value=[Market].[Hierarchy].[All]
key=RB_Segment,Value=
key=RB_Channel,Value=[Channel].[Channel].[All]
key=RB_SubChannel,Value=
key=RB_PeriodType,Value=[Period].[PeriodTypeName].&[Monthly]
key=RB_Measure,Value=Measures.LCDR
key=RB_Market,Value=[Market].[Hierarchy].[All]
key=RB_Period,Value=[Period].[Hierarchy].[Period].&[MTH01]
key=uncheckedItems,Value=TOTAL MARKET
key=RB_Measure_Type,Value=sales
key=absoluteThousandConversion,Value=Thousand
key=RB_TopCountComGlance,Value=10
key=RB_TopCountBrandGlance,Value=10
key=RB_TopCountSubBrandGlance,Value=10
key=RB_TopCountSKUGlance,Value=10
key=RB_TopCountMoleculeAtaGlance,Value=5
key=RB_ComSnapshotTopCount,Value=5
key=RB_TopCountBrandSnapshot,Value=5
key=RB_TopCountSubBrandSnapshot,Value=5
key=RB_TopCountMoleculeSnapshot,Value=5
key=RB_TopCountSKUSnapshot,Value=5
key=RB_ComTrendTopCount,Value=5
key=RB_TopCountBrandTrend,Value=5
key=RB_TopCountSubBrandTrend,Value=5
key=RB_TopCountMoleculeTrend,Value=5
key=RB_TopCountSKUTrend,Value=5
key=RB_CategoryTrendTopCount,Value=5
key=CurrentNavigationId,Value=navigation1
key=Navigation_Label,Value=Home
key=GuideLevel,Value=JJV-M
key=EmailTemplate,Value=
key=IsIMSUser,Value=false
key=@@navigation,Value=NavHome
key=@@navigation_label,Value=Home
key=@@MarketCategory_text,Value=All RB Categories
key=@@PeriodType_text,Value=Monthly
key=@@Measure_text,Value=$ Value Retail
                            

-----------------------------------------------------------------
                            2015-06-01 12:10:22,272 [7] INFO  IMS.Logger.Logger [(null)] –                             
                            Parameter for Module=10
key=NavigationName,Value=NavHome
key=recordCount,Value=5
key=RB_Geo,Value=[Geo].[Hierarchy].[MARKET].&[TOTAL ENA]
key=RB_Geo_text,Value=TOTAL ENA
key=RB_MarketFilterParent,Value=[Market].[Hierarchy].[All]
key=RB_SubCategoryFilter,Value=[Market].[Hierarchy].[All]
key=RB_Segment,Value=
key=RB_Channel,Value=[Channel].[Channel].[All]
key=RB_SubChannel,Value=
key=RB_PeriodType,Value=[Period].[PeriodTypeName].&[Monthly]
key=RB_Measure,Value=Measures.LCDR
key=RB_Market,Value=[Market].[Hierarchy].[All]
key=RB_Period,Value=[Period].[Hierarchy].[Period].&[MTH01]
key=uncheckedItems,Value=TOTAL MARKET
key=RB_Measure_Type,Value=sales
key=absoluteThousandConversion,Value=Thousand
key=RB_TopCountComGlance,Value=10
key=RB_TopCountBrandGlance,Value=10
key=RB_TopCountSubBrandGlance,Value=10
key=RB_TopCountSKUGlance,Value=10
key=RB_TopCountMoleculeAtaGlance,Value=5
key=RB_ComSnapshotTopCount,Value=5
key=RB_TopCountBrandSnapshot,Value=5
key=RB_TopCountSubBrandSnapshot,Value=5
key=RB_TopCountMoleculeSnapshot,Value=5
key=RB_TopCountSKUSnapshot,Value=5
key=RB_ComTrendTopCount,Value=5
key=RB_TopCountBrandTrend,Value=5
key=RB_TopCountSubBrandTrend,Value=5
key=RB_TopCountMoleculeTrend,Value=5
key=RB_TopCountSKUTrend,Value=5
key=RB_CategoryTrendTopCount,Value=5
key=CurrentNavigationId,Value=navigation1
key=Navigation_Label,Value=Home
key=GuideLevel,Value=JJV-M
key=EmailTemplate,Value=
key=IsIMSUser,Value=false
key=@@navigation,Value=NavHome
key=@@navigation_label,Value=Home
key=@@MarketCategory_text,Value=All RB Categories
key=@@PeriodType_text,Value=Monthly
key=@@Measure_text,Value=$ Value Retail
key=@@MarketSubCategory_text,Value=-na-
                            

-----------------------------------------------------------------
                            2015-06-01 12:10:23,090 [7] INFO  IMS.Logger.Logger [(null)] –                             
                            Parameter for Module=5
key=NavigationName,Value=NavHome
key=recordCount,Value=5
key=RB_Geo,Value=[Geo].[Hierarchy].[MARKET].&[TOTAL ENA]
key=RB_Geo_text,Value=TOTAL ENA
key=RB_MarketFilterParent,Value=[Market].[Hierarchy].[All]
key=RB_SubCategoryFilter,Value=[Market].[Hierarchy].[All]
key=RB_Segment,Value=[Market].[Hierarchy].[All]
key=RB_Channel,Value=[Channel].[Channel].[All]
key=RB_SubChannel,Value=
key=RB_PeriodType,Value=[Period].[PeriodTypeName].&[Monthly]
key=RB_Measure,Value=Measures.LCDR
key=RB_Market,Value=[Market].[Hierarchy].[All]
key=RB_Period,Value=[Period].[Hierarchy].[Period].&[MTH01]
key=uncheckedItems,Value=TOTAL MARKET
key=RB_Measure_Type,Value=sales
key=absoluteThousandConversion,Value=Thousand
key=RB_TopCountComGlance,Value=10
key=RB_TopCountBrandGlance,Value=10
key=RB_TopCountSubBrandGlance,Value=10
key=RB_TopCountSKUGlance,Value=10
key=RB_TopCountMoleculeAtaGlance,Value=5
key=RB_ComSnapshotTopCount,Value=5
key=RB_TopCountBrandSnapshot,Value=5
key=RB_TopCountSubBrandSnapshot,Value=5
key=RB_TopCountMoleculeSnapshot,Value=5
key=RB_TopCountSKUSnapshot,Value=5
key=RB_ComTrendTopCount,Value=5
key=RB_TopCountBrandTrend,Value=5
key=RB_TopCountSubBrandTrend,Value=5
key=RB_TopCountMoleculeTrend,Value=5
key=RB_TopCountSKUTrend,Value=5
key=RB_CategoryTrendTopCount,Value=5
key=CurrentNavigationId,Value=navigation1
key=Navigation_Label,Value=Home
key=GuideLevel,Value=JJV-M
key=EmailTemplate,Value=
key=IsIMSUser,Value=false
key=@@navigation,Value=NavHome
key=@@navigation_label,Value=Home
key=@@MarketCategory_text,Value=All RB Categories
key=@@PeriodType_text,Value=Monthly
key=@@Measure_text,Value=$ Value Retail
key=@@MarketSubCategory_text,Value=-na-
key=@@Segment_text,Value=-na-
key=@@HiddenMarket_text,Value=[Market].[Hierarchy].[All]
                            

-----------------------------------------------------------------
                            2015-06-01 12:10:24,168 [7] INFO  IMS.Logger.Logger [(null)] –                             
                            Parameter for Module=6
key=NavigationName,Value=NavHome
key=recordCount,Value=5
key=RB_Geo,Value=[Geo].[Hierarchy].[MARKET].&[TOTAL ENA]
key=RB_Geo_text,Value=TOTAL ENA
key=RB_MarketFilterParent,Value=[Market].[Hierarchy].[All]
key=RB_SubCategoryFilter,Value=[Market].[Hierarchy].[All]
key=RB_Segment,Value=[Market].[Hierarchy].[All]
key=RB_Channel,Value=[Channel].[Channel].[All]
key=RB_SubChannel,Value=
key=RB_PeriodType,Value=[Period].[PeriodTypeName].&[Monthly]
key=RB_Measure,Value=Measures.LCDR
key=RB_Market,Value=[Market].[Hierarchy].[All]
key=RB_Period,Value=[Period].[Hierarchy].[Period].&[MTH01]
key=uncheckedItems,Value=TOTAL MARKET
key=RB_Measure_Type,Value=sales
key=absoluteThousandConversion,Value=Thousand
key=RB_TopCountComGlance,Value=10
key=RB_TopCountBrandGlance,Value=10
key=RB_TopCountSubBrandGlance,Value=10
key=RB_TopCountSKUGlance,Value=10
key=RB_TopCountMoleculeAtaGlance,Value=5
key=RB_ComSnapshotTopCount,Value=5
key=RB_TopCountBrandSnapshot,Value=5
key=RB_TopCountSubBrandSnapshot,Value=5
key=RB_TopCountMoleculeSnapshot,Value=5
key=RB_TopCountSKUSnapshot,Value=5
key=RB_ComTrendTopCount,Value=5
key=RB_TopCountBrandTrend,Value=5
key=RB_TopCountSubBrandTrend,Value=5
key=RB_TopCountMoleculeTrend,Value=5
key=RB_TopCountSKUTrend,Value=5
key=RB_CategoryTrendTopCount,Value=5
key=CurrentNavigationId,Value=navigation1
key=Navigation_Label,Value=Home
key=GuideLevel,Value=JJV-M
key=EmailTemplate,Value=
key=IsIMSUser,Value=false
key=@@navigation,Value=NavHome
key=@@navigation_label,Value=Home
key=@@MarketCategory_text,Value=All RB Categories
key=@@PeriodType_text,Value=Monthly
key=@@Measure_text,Value=$ Value Retail
key=@@MarketSubCategory_text,Value=-na-
key=@@Segment_text,Value=-na-
key=@@HiddenMarket_text,Value=[Market].[Hierarchy].[All]
key=@@Channel_text,Value=All Channels
                            

-----------------------------------------------------------------
                            2015-06-01 12:10:25,250 [7] INFO  IMS.Logger.Logger [(null)] –                             
                            Parameter for Module=9
key=NavigationName,Value=NavHome
key=recordCount,Value=5
key=RB_Geo,Value=[Geo].[Hierarchy].[MARKET].&[TOTAL ENA]
key=RB_Geo_text,Value=TOTAL ENA
key=RB_MarketFilterParent,Value=[Market].[Hierarchy].[All]
key=RB_SubCategoryFilter,Value=[Market].[Hierarchy].[All]
key=RB_Segment,Value=[Market].[Hierarchy].[All]
key=RB_Channel,Value=[Channel].[Channel].[All]
key=RB_SubChannel,Value=[Channel].[SubChannel].[All]
key=RB_PeriodType,Value=[Period].[PeriodTypeName].&[Monthly]
key=RB_Measure,Value=Measures.LCDR
key=RB_Market,Value=[Market].[Hierarchy].[All]
key=RB_Period,Value=[Period].[Hierarchy].[Period].&[MTH01]
key=uncheckedItems,Value=TOTAL MARKET
key=RB_Measure_Type,Value=sales
key=absoluteThousandConversion,Value=Thousand
key=RB_TopCountComGlance,Value=10
key=RB_TopCountBrandGlance,Value=10
key=RB_TopCountSubBrandGlance,Value=10
key=RB_TopCountSKUGlance,Value=10
key=RB_TopCountMoleculeAtaGlance,Value=5
key=RB_ComSnapshotTopCount,Value=5
key=RB_TopCountBrandSnapshot,Value=5
key=RB_TopCountSubBrandSnapshot,Value=5
key=RB_TopCountMoleculeSnapshot,Value=5
key=RB_TopCountSKUSnapshot,Value=5
key=RB_ComTrendTopCount,Value=5
key=RB_TopCountBrandTrend,Value=5
key=RB_TopCountSubBrandTrend,Value=5
key=RB_TopCountMoleculeTrend,Value=5
key=RB_TopCountSKUTrend,Value=5
key=RB_CategoryTrendTopCount,Value=5
key=CurrentNavigationId,Value=navigation1
key=Navigation_Label,Value=Home
key=GuideLevel,Value=JJV-M
key=EmailTemplate,Value=
key=IsIMSUser,Value=false
key=@@navigation,Value=NavHome
key=@@navigation_label,Value=Home
key=@@MarketCategory_text,Value=All RB Categories
key=@@PeriodType_text,Value=Monthly
key=@@Measure_text,Value=$ Value Retail
key=@@MarketSubCategory_text,Value=-na-
key=@@Segment_text,Value=-na-
key=@@HiddenMarket_text,Value=[Market].[Hierarchy].[All]
key=@@Channel_text,Value=All Channels
key=@@SubChannel_text,Value=All Sub Channels
                            

-----------------------------------------------------------------
                            2015-06-01 12:10:36,995 [7] INFO  IMS.Logger.Logger [(null)] –                             
                            Parameter for Module=1
key=NavigationName,Value=NavHome
key=recordCount,Value=5
key=RB_Geo,Value=[Geo].[Hierarchy].[MARKET].&[TOTAL ENA]
key=RB_Geo_text,Value=TOTAL ENA
key=RB_MarketFilterParent,Value=[Market].[Hierarchy].[All]
key=RB_SubCategoryFilter,Value=[Market].[Hierarchy].[All]
key=RB_Segment,Value=[Market].[Hierarchy].[All]
key=RB_Channel,Value=[Channel].[Channel].[All]
key=RB_SubChannel,Value=[Channel].[SubChannel].[All]
key=RB_PeriodType,Value=[Period].[PeriodTypeName].&[Monthly]
key=RB_Measure,Value=Measures.LCDR
key=RB_Market,Value=[Market].[Hierarchy].[All]
key=RB_Period,Value=[Period].[Hierarchy].[Period].&[MTH01]
key=uncheckedItems,Value=TOTAL MARKET
key=RB_Measure_Type,Value=sales
key=absoluteThousandConversion,Value=Thousand
key=RB_TopCountComGlance,Value=10
key=RB_TopCountBrandGlance,Value=10
key=RB_TopCountSubBrandGlance,Value=10
key=RB_TopCountSKUGlance,Value=10
key=RB_TopCountMoleculeAtaGlance,Value=5
key=RB_ComSnapshotTopCount,Value=5
key=RB_TopCountBrandSnapshot,Value=5
key=RB_TopCountSubBrandSnapshot,Value=5
key=RB_TopCountMoleculeSnapshot,Value=5
key=RB_TopCountSKUSnapshot,Value=5
key=RB_ComTrendTopCount,Value=5
key=RB_TopCountBrandTrend,Value=5
key=RB_TopCountSubBrandTrend,Value=5
key=RB_TopCountMoleculeTrend,Value=5
key=RB_TopCountSKUTrend,Value=5
key=RB_CategoryTrendTopCount,Value=5
key=CurrentNavigationId,Value=navigation1
key=Navigation_Label,Value=Home
key=GuideLevel,Value=JJV-M
key=EmailTemplate,Value=
key=IsIMSUser,Value=true
key=@@navigation,Value=NavHome
key=@@navigation_label,Value=Home
key=@@MarketCategory_text,Value=All RB Categories
key=@@PeriodType_text,Value=Monthly
key=@@Measure_text,Value=$ Value Retail
key=@@MarketSubCategory_text,Value=-na-
key=@@Segment_text,Value=-na-
key=@@HiddenMarket_text,Value=[Market].[Hierarchy].[All]
key=@@Channel_text,Value=All Channels
key=@@SubChannel_text,Value=All Sub Channels
key=@@Period_text,Value=Feb 2015
                            

-----------------------------------------------------------------
                            2015-06-01 12:10:38,095 [7] INFO  IMS.Logger.Logger [(null)] –                             
                            Parameter for Module=2
key=NavigationName,Value=NavHome
key=recordCount,Value=5
key=RB_Geo,Value=[Geo].[Hierarchy].[MARKET].&[TOTAL ENA]
key=RB_Geo_text,Value=TOTAL ENA
key=RB_MarketFilterParent,Value=[Market].[Hierarchy].[All]
key=RB_SubCategoryFilter,Value=[Market].[Hierarchy].[All]
key=RB_Segment,Value=[Market].[Hierarchy].[All]
key=RB_Channel,Value=[Channel].[Channel].[All]
key=RB_SubChannel,Value=[Channel].[SubChannel].[All]
key=RB_PeriodType,Value=[Period].[PeriodTypeName].&[Monthly]
key=RB_Measure,Value=Measures.LCDR
key=RB_Market,Value=[Market].[Hierarchy].[All]
key=RB_Period,Value=[Period].[Hierarchy].[Period].&[MTH01]
key=uncheckedItems,Value=TOTAL MARKET
key=RB_Measure_Type,Value=sales
key=absoluteThousandConversion,Value=Thousand
key=RB_TopCountComGlance,Value=10
key=RB_TopCountBrandGlance,Value=10
key=RB_TopCountSubBrandGlance,Value=10
key=RB_TopCountSKUGlance,Value=10
key=RB_TopCountMoleculeAtaGlance,Value=5
key=RB_ComSnapshotTopCount,Value=5
key=RB_TopCountBrandSnapshot,Value=5
key=RB_TopCountSubBrandSnapshot,Value=5
key=RB_TopCountMoleculeSnapshot,Value=5
key=RB_TopCountSKUSnapshot,Value=5
key=RB_ComTrendTopCount,Value=5
key=RB_TopCountBrandTrend,Value=5
key=RB_TopCountSubBrandTrend,Value=5
key=RB_TopCountMoleculeTrend,Value=5
key=RB_TopCountSKUTrend,Value=5
key=RB_CategoryTrendTopCount,Value=5
key=CurrentNavigationId,Value=navigation1
key=Navigation_Label,Value=Home
key=GuideLevel,Value=JJV-M
key=EmailTemplate,Value=
key=IsIMSUser,Value=true
key=@@navigation,Value=NavHome
key=@@navigation_label,Value=Home
key=@@MarketCategory_text,Value=All RB Categories
key=@@PeriodType_text,Value=Monthly
key=@@Measure_text,Value=$ Value Retail
key=@@MarketSubCategory_text,Value=-na-
key=@@Segment_text,Value=-na-
key=@@HiddenMarket_text,Value=[Market].[Hierarchy].[All]
key=@@Channel_text,Value=All Channels
key=@@SubChannel_text,Value=All Sub Channels
key=@@Period_text,Value=Feb 2015
                            

-----------------------------------------------------------------
                            2015-06-01 12:10:43,060 [5] INFO  IMS.Logger.Logger [(null)] –                             
                            Parameter for Module=3
key=NavigationName,Value=NavCategoriesTrend
key=recordCount,Value=5
key=RB_Geo,Value=[Geo].[Hierarchy].[MARKET].&[TOTAL ENA]
key=RB_Geo_text,Value=TOTAL ENA
key=RB_MarketFilterParent,Value=[Market].[Hierarchy].[All]
key=RB_SubCategoryFilter,Value=[Market].[Hierarchy].[All]
key=RB_Segment,Value=[Market].[Hierarchy].[All]
key=RB_Channel,Value=[Channel].[Channel].[All]
key=RB_SubChannel,Value=[Channel].[SubChannel].[All]
key=RB_PeriodType,Value=[Period].[PeriodTypeName].&[Monthly]
key=RB_Measure,Value=Measures.LCDR
key=RB_Market,Value=[Market].[Hierarchy].[All]
key=RB_Period,Value=[Period].[Hierarchy].[Period].&[MTH01]
key=uncheckedItems,Value=TOTAL MARKET
key=RB_Measure_Type,Value=sales
key=absoluteThousandConversion,Value=Thousand
key=RB_TopCountComGlance,Value=10
key=RB_TopCountBrandGlance,Value=10
key=RB_TopCountSubBrandGlance,Value=10
key=RB_TopCountSKUGlance,Value=10
key=RB_TopCountMoleculeAtaGlance,Value=5
key=RB_ComSnapshotTopCount,Value=5
key=RB_TopCountBrandSnapshot,Value=5
key=RB_TopCountSubBrandSnapshot,Value=5
key=RB_TopCountMoleculeSnapshot,Value=5
key=RB_TopCountSKUSnapshot,Value=5
key=RB_ComTrendTopCount,Value=5
key=RB_TopCountBrandTrend,Value=5
key=RB_TopCountSubBrandTrend,Value=5
key=RB_TopCountMoleculeTrend,Value=5
key=RB_TopCountSKUTrend,Value=5
key=RB_CategoryTrendTopCount,Value=5
key=CurrentNavigationId,Value=navigation2
key=Navigation_Label,Value=Trend
key=GuideLevel,Value=JJV-M
key=EmailTemplate,Value=
key=IsIMSUser,Value=true
key=@@navigation,Value=NavCategoriesTrend
key=@@navigation_label,Value=
                            

-----------------------------------------------------------------
                            2015-06-01 12:10:43,868 [5] INFO  IMS.Logger.Logger [(null)] –                             
                            Parameter for Module=8
key=NavigationName,Value=NavCategoriesTrend
key=recordCount,Value=5
key=RB_Geo,Value=[Geo].[Hierarchy].[MARKET].&[TOTAL ENA]
key=RB_Geo_text,Value=TOTAL ENA
key=RB_MarketFilterParent,Value=[Market].[Hierarchy].[All]
key=RB_SubCategoryFilter,Value=[Market].[Hierarchy].[All]
key=RB_Segment,Value=[Market].[Hierarchy].[All]
key=RB_Channel,Value=[Channel].[Channel].[All]
key=RB_SubChannel,Value=[Channel].[SubChannel].[All]
key=RB_PeriodType,Value=[Period].[PeriodTypeName].&[Monthly]
key=RB_Measure,Value=Measures.LCDR
key=RB_Market,Value=[Market].[Hierarchy].[All]
key=RB_Period,Value=[Period].[Hierarchy].[Period].&[MTH01]
key=uncheckedItems,Value=TOTAL MARKET
key=RB_Measure_Type,Value=sales
key=absoluteThousandConversion,Value=Thousand
key=RB_TopCountComGlance,Value=10
key=RB_TopCountBrandGlance,Value=10
key=RB_TopCountSubBrandGlance,Value=10
key=RB_TopCountSKUGlance,Value=10
key=RB_TopCountMoleculeAtaGlance,Value=5
key=RB_ComSnapshotTopCount,Value=5
key=RB_TopCountBrandSnapshot,Value=5
key=RB_TopCountSubBrandSnapshot,Value=5
key=RB_TopCountMoleculeSnapshot,Value=5
key=RB_TopCountSKUSnapshot,Value=5
key=RB_ComTrendTopCount,Value=5
key=RB_TopCountBrandTrend,Value=5
key=RB_TopCountSubBrandTrend,Value=5
key=RB_TopCountMoleculeTrend,Value=5
key=RB_TopCountSKUTrend,Value=5
key=RB_CategoryTrendTopCount,Value=5
key=CurrentNavigationId,Value=navigation2
key=Navigation_Label,Value=Trend
key=GuideLevel,Value=JJV-M
key=EmailTemplate,Value=
key=IsIMSUser,Value=true
key=@@navigation,Value=NavCategoriesTrend
key=@@navigation_label,Value=
key=@@MarketCategory_text,Value=All RB Categories
                            

-----------------------------------------------------------------
                            2015-06-01 12:10:44,682 [5] INFO  IMS.Logger.Logger [(null)] –                             
                            Parameter for Module=7
key=NavigationName,Value=NavCategoriesTrend
key=recordCount,Value=5
key=RB_Geo,Value=[Geo].[Hierarchy].[MARKET].&[TOTAL ENA]
key=RB_Geo_text,Value=TOTAL ENA
key=RB_MarketFilterParent,Value=[Market].[Hierarchy].[All]
key=RB_SubCategoryFilter,Value=[Market].[Hierarchy].[All]
key=RB_Segment,Value=[Market].[Hierarchy].[All]
key=RB_Channel,Value=[Channel].[Channel].[All]
key=RB_SubChannel,Value=[Channel].[SubChannel].[All]
key=RB_PeriodType,Value=[Period].[PeriodTypeName].&[Monthly]
key=RB_Measure,Value=Measures.LCDR
key=RB_Market,Value=[Market].[Hierarchy].[All]
key=RB_Period,Value=[Period].[Hierarchy].[Period].&[MTH01]
key=uncheckedItems,Value=TOTAL MARKET
key=RB_Measure_Type,Value=sales
key=absoluteThousandConversion,Value=Thousand
key=RB_TopCountComGlance,Value=10
key=RB_TopCountBrandGlance,Value=10
key=RB_TopCountSubBrandGlance,Value=10
key=RB_TopCountSKUGlance,Value=10
key=RB_TopCountMoleculeAtaGlance,Value=5
key=RB_ComSnapshotTopCount,Value=5
key=RB_TopCountBrandSnapshot,Value=5
key=RB_TopCountSubBrandSnapshot,Value=5
key=RB_TopCountMoleculeSnapshot,Value=5
key=RB_TopCountSKUSnapshot,Value=5
key=RB_ComTrendTopCount,Value=5
key=RB_TopCountBrandTrend,Value=5
key=RB_TopCountSubBrandTrend,Value=5
key=RB_TopCountMoleculeTrend,Value=5
key=RB_TopCountSKUTrend,Value=5
key=RB_CategoryTrendTopCount,Value=5
key=CurrentNavigationId,Value=navigation2
key=Navigation_Label,Value=Trend
key=GuideLevel,Value=JJV-M
key=EmailTemplate,Value=
key=IsIMSUser,Value=true
key=@@navigation,Value=NavCategoriesTrend
key=@@navigation_label,Value=
key=@@MarketCategory_text,Value=All RB Categories
key=@@PeriodType_text,Value=Monthly
                            

-----------------------------------------------------------------
                            2015-06-01 12:10:45,495 [5] INFO  IMS.Logger.Logger [(null)] –                             
                            Parameter for Module=4
key=NavigationName,Value=NavCategoriesTrend
key=recordCount,Value=5
key=RB_Geo,Value=[Geo].[Hierarchy].[MARKET].&[TOTAL ENA]
key=RB_Geo_text,Value=TOTAL ENA
key=RB_MarketFilterParent,Value=[Market].[Hierarchy].[All]
key=RB_SubCategoryFilter,Value=[Market].[Hierarchy].[All]
key=RB_Segment,Value=[Market].[Hierarchy].[All]
key=RB_Channel,Value=[Channel].[Channel].[All]
key=RB_SubChannel,Value=[Channel].[SubChannel].[All]
key=RB_PeriodType,Value=[Period].[PeriodTypeName].&[Monthly]
key=RB_Measure,Value=Measures.LCDR
key=RB_Market,Value=[Market].[Hierarchy].[All]
key=RB_Period,Value=[Period].[Hierarchy].[Period].&[MTH01]
key=uncheckedItems,Value=TOTAL MARKET
key=RB_Measure_Type,Value=sales
key=absoluteThousandConversion,Value=Thousand
key=RB_TopCountComGlance,Value=10
key=RB_TopCountBrandGlance,Value=10
key=RB_TopCountSubBrandGlance,Value=10
key=RB_TopCountSKUGlance,Value=10
key=RB_TopCountMoleculeAtaGlance,Value=5
key=RB_ComSnapshotTopCount,Value=5
key=RB_TopCountBrandSnapshot,Value=5
key=RB_TopCountSubBrandSnapshot,Value=5
key=RB_TopCountMoleculeSnapshot,Value=5
key=RB_TopCountSKUSnapshot,Value=5
key=RB_ComTrendTopCount,Value=5
key=RB_TopCountBrandTrend,Value=5
key=RB_TopCountSubBrandTrend,Value=5
key=RB_TopCountMoleculeTrend,Value=5
key=RB_TopCountSKUTrend,Value=5
key=RB_CategoryTrendTopCount,Value=5
key=CurrentNavigationId,Value=navigation2
key=Navigation_Label,Value=Trend
key=GuideLevel,Value=JJV-M
key=EmailTemplate,Value=
key=IsIMSUser,Value=true
key=@@navigation,Value=NavCategoriesTrend
key=@@navigation_label,Value=
key=@@MarketCategory_text,Value=All RB Categories
key=@@PeriodType_text,Value=Monthly
key=@@Measure_text,Value=$ Value Retail
                            

-----------------------------------------------------------------
                            2015-06-01 12:10:46,305 [5] INFO  IMS.Logger.Logger [(null)] –                             
                            Parameter for Module=10
key=NavigationName,Value=NavCategoriesTrend
key=recordCount,Value=5
key=RB_Geo,Value=[Geo].[Hierarchy].[MARKET].&[TOTAL ENA]
key=RB_Geo_text,Value=TOTAL ENA
key=RB_MarketFilterParent,Value=[Market].[Hierarchy].[All]
key=RB_SubCategoryFilter,Value=[Market].[Hierarchy].[All]
key=RB_Segment,Value=[Market].[Hierarchy].[All]
key=RB_Channel,Value=[Channel].[Channel].[All]
key=RB_SubChannel,Value=[Channel].[SubChannel].[All]
key=RB_PeriodType,Value=[Period].[PeriodTypeName].&[Monthly]
key=RB_Measure,Value=Measures.LCDR
key=RB_Market,Value=[Market].[Hierarchy].[All]
key=RB_Period,Value=[Period].[Hierarchy].[Period].&[MTH01]
key=uncheckedItems,Value=TOTAL MARKET
key=RB_Measure_Type,Value=sales
key=absoluteThousandConversion,Value=Thousand
key=RB_TopCountComGlance,Value=10
key=RB_TopCountBrandGlance,Value=10
key=RB_TopCountSubBrandGlance,Value=10
key=RB_TopCountSKUGlance,Value=10
key=RB_TopCountMoleculeAtaGlance,Value=5
key=RB_ComSnapshotTopCount,Value=5
key=RB_TopCountBrandSnapshot,Value=5
key=RB_TopCountSubBrandSnapshot,Value=5
key=RB_TopCountMoleculeSnapshot,Value=5
key=RB_TopCountSKUSnapshot,Value=5
key=RB_ComTrendTopCount,Value=5
key=RB_TopCountBrandTrend,Value=5
key=RB_TopCountSubBrandTrend,Value=5
key=RB_TopCountMoleculeTrend,Value=5
key=RB_TopCountSKUTrend,Value=5
key=RB_CategoryTrendTopCount,Value=5
key=CurrentNavigationId,Value=navigation2
key=Navigation_Label,Value=Trend
key=GuideLevel,Value=JJV-M
key=EmailTemplate,Value=
key=IsIMSUser,Value=true
key=@@navigation,Value=NavCategoriesTrend
key=@@navigation_label,Value=
key=@@MarketCategory_text,Value=All RB Categories
key=@@PeriodType_text,Value=Monthly
key=@@Measure_text,Value=$ Value Retail
key=@@MarketSubCategory_text,Value=-na-
                            

-----------------------------------------------------------------
                            2015-06-01 12:10:47,158 [5] INFO  IMS.Logger.Logger [(null)] –                             
                            Parameter for Module=5
key=NavigationName,Value=NavCategoriesTrend
key=recordCount,Value=5
key=RB_Geo,Value=[Geo].[Hierarchy].[MARKET].&[TOTAL ENA]
key=RB_Geo_text,Value=TOTAL ENA
key=RB_MarketFilterParent,Value=[Market].[Hierarchy].[All]
key=RB_SubCategoryFilter,Value=[Market].[Hierarchy].[All]
key=RB_Segment,Value=[Market].[Hierarchy].[All]
key=RB_Channel,Value=[Channel].[Channel].[All]
key=RB_SubChannel,Value=[Channel].[SubChannel].[All]
key=RB_PeriodType,Value=[Period].[PeriodTypeName].&[Monthly]
key=RB_Measure,Value=Measures.LCDR
key=RB_Market,Value=[Market].[Hierarchy].[All]
key=RB_Period,Value=[Period].[Hierarchy].[Period].&[MTH01]
key=uncheckedItems,Value=TOTAL MARKET
key=RB_Measure_Type,Value=sales
key=absoluteThousandConversion,Value=Thousand
key=RB_TopCountComGlance,Value=10
key=RB_TopCountBrandGlance,Value=10
key=RB_TopCountSubBrandGlance,Value=10
key=RB_TopCountSKUGlance,Value=10
key=RB_TopCountMoleculeAtaGlance,Value=5
key=RB_ComSnapshotTopCount,Value=5
key=RB_TopCountBrandSnapshot,Value=5
key=RB_TopCountSubBrandSnapshot,Value=5
key=RB_TopCountMoleculeSnapshot,Value=5
key=RB_TopCountSKUSnapshot,Value=5
key=RB_ComTrendTopCount,Value=5
key=RB_TopCountBrandTrend,Value=5
key=RB_TopCountSubBrandTrend,Value=5
key=RB_TopCountMoleculeTrend,Value=5
key=RB_TopCountSKUTrend,Value=5
key=RB_CategoryTrendTopCount,Value=5
key=CurrentNavigationId,Value=navigation2
key=Navigation_Label,Value=Trend
key=GuideLevel,Value=JJV-M
key=EmailTemplate,Value=
key=IsIMSUser,Value=true
key=@@navigation,Value=NavCategoriesTrend
key=@@navigation_label,Value=
key=@@MarketCategory_text,Value=All RB Categories
key=@@PeriodType_text,Value=Monthly
key=@@Measure_text,Value=$ Value Retail
key=@@MarketSubCategory_text,Value=-na-
key=@@Segment_text,Value=-na-
key=@@HiddenMarket_text,Value=[Market].[Hierarchy].[All]
                            

-----------------------------------------------------------------
                            2015-06-01 12:10:48,232 [5] INFO  IMS.Logger.Logger [(null)] –                             
                            Parameter for Module=6
key=NavigationName,Value=NavCategoriesTrend
key=recordCount,Value=5
key=RB_Geo,Value=[Geo].[Hierarchy].[MARKET].&[TOTAL ENA]
key=RB_Geo_text,Value=TOTAL ENA
key=RB_MarketFilterParent,Value=[Market].[Hierarchy].[All]
key=RB_SubCategoryFilter,Value=[Market].[Hierarchy].[All]
key=RB_Segment,Value=[Market].[Hierarchy].[All]
key=RB_Channel,Value=[Channel].[Channel].[All]
key=RB_SubChannel,Value=[Channel].[SubChannel].[All]
key=RB_PeriodType,Value=[Period].[PeriodTypeName].&[Monthly]
key=RB_Measure,Value=Measures.LCDR
key=RB_Market,Value=[Market].[Hierarchy].[All]
key=RB_Period,Value=[Period].[Hierarchy].[Period].&[MTH01]
key=uncheckedItems,Value=TOTAL MARKET
key=RB_Measure_Type,Value=sales
key=absoluteThousandConversion,Value=Thousand
key=RB_TopCountComGlance,Value=10
key=RB_TopCountBrandGlance,Value=10
key=RB_TopCountSubBrandGlance,Value=10
key=RB_TopCountSKUGlance,Value=10
key=RB_TopCountMoleculeAtaGlance,Value=5
key=RB_ComSnapshotTopCount,Value=5
key=RB_TopCountBrandSnapshot,Value=5
key=RB_TopCountSubBrandSnapshot,Value=5
key=RB_TopCountMoleculeSnapshot,Value=5
key=RB_TopCountSKUSnapshot,Value=5
key=RB_ComTrendTopCount,Value=5
key=RB_TopCountBrandTrend,Value=5
key=RB_TopCountSubBrandTrend,Value=5
key=RB_TopCountMoleculeTrend,Value=5
key=RB_TopCountSKUTrend,Value=5
key=RB_CategoryTrendTopCount,Value=5
key=CurrentNavigationId,Value=navigation2
key=Navigation_Label,Value=Trend
key=GuideLevel,Value=JJV-M
key=EmailTemplate,Value=
key=IsIMSUser,Value=true
key=@@navigation,Value=NavCategoriesTrend
key=@@navigation_label,Value=
key=@@MarketCategory_text,Value=All RB Categories
key=@@PeriodType_text,Value=Monthly
key=@@Measure_text,Value=$ Value Retail
key=@@MarketSubCategory_text,Value=-na-
key=@@Segment_text,Value=-na-
key=@@HiddenMarket_text,Value=[Market].[Hierarchy].[All]
key=@@Channel_text,Value=All Channels
                            

-----------------------------------------------------------------
                            2015-06-01 12:10:49,316 [5] INFO  IMS.Logger.Logger [(null)] –                             
                            Parameter for Module=9
key=NavigationName,Value=NavCategoriesTrend
key=recordCount,Value=5
key=RB_Geo,Value=[Geo].[Hierarchy].[MARKET].&[TOTAL ENA]
key=RB_Geo_text,Value=TOTAL ENA
key=RB_MarketFilterParent,Value=[Market].[Hierarchy].[All]
key=RB_SubCategoryFilter,Value=[Market].[Hierarchy].[All]
key=RB_Segment,Value=[Market].[Hierarchy].[All]
key=RB_Channel,Value=[Channel].[Channel].[All]
key=RB_SubChannel,Value=[Channel].[SubChannel].[All]
key=RB_PeriodType,Value=[Period].[PeriodTypeName].&[Monthly]
key=RB_Measure,Value=Measures.LCDR
key=RB_Market,Value=[Market].[Hierarchy].[All]
key=RB_Period,Value=[Period].[Hierarchy].[Period].&[MTH01]
key=uncheckedItems,Value=TOTAL MARKET
key=RB_Measure_Type,Value=sales
key=absoluteThousandConversion,Value=Thousand
key=RB_TopCountComGlance,Value=10
key=RB_TopCountBrandGlance,Value=10
key=RB_TopCountSubBrandGlance,Value=10
key=RB_TopCountSKUGlance,Value=10
key=RB_TopCountMoleculeAtaGlance,Value=5
key=RB_ComSnapshotTopCount,Value=5
key=RB_TopCountBrandSnapshot,Value=5
key=RB_TopCountSubBrandSnapshot,Value=5
key=RB_TopCountMoleculeSnapshot,Value=5
key=RB_TopCountSKUSnapshot,Value=5
key=RB_ComTrendTopCount,Value=5
key=RB_TopCountBrandTrend,Value=5
key=RB_TopCountSubBrandTrend,Value=5
key=RB_TopCountMoleculeTrend,Value=5
key=RB_TopCountSKUTrend,Value=5
key=RB_CategoryTrendTopCount,Value=5
key=CurrentNavigationId,Value=navigation2
key=Navigation_Label,Value=Trend
key=GuideLevel,Value=JJV-M
key=EmailTemplate,Value=
key=IsIMSUser,Value=true
key=@@navigation,Value=NavCategoriesTrend
key=@@navigation_label,Value=
key=@@MarketCategory_text,Value=All RB Categories
key=@@PeriodType_text,Value=Monthly
key=@@Measure_text,Value=$ Value Retail
key=@@MarketSubCategory_text,Value=-na-
key=@@Segment_text,Value=-na-
key=@@HiddenMarket_text,Value=[Market].[Hierarchy].[All]
key=@@Channel_text,Value=All Channels
key=@@SubChannel_text,Value=All Sub Channels
                            

-----------------------------------------------------------------
                            2015-06-01 12:10:51,844 [5] INFO  IMS.Logger.Logger [(null)] –                             
                            Parameter for Module=1
key=NavigationName,Value=NavCategoriesTrend
key=recordCount,Value=5
key=RB_Geo,Value=[Geo].[Hierarchy].[MARKET].&[TOTAL ENA]
key=RB_Geo_text,Value=TOTAL ENA
key=RB_MarketFilterParent,Value=[Market].[Hierarchy].[All]
key=RB_SubCategoryFilter,Value=[Market].[Hierarchy].[All]
key=RB_Segment,Value=[Market].[Hierarchy].[All]
key=RB_Channel,Value=[Channel].[Channel].[All]
key=RB_SubChannel,Value=[Channel].[SubChannel].[All]
key=RB_PeriodType,Value=[Period].[PeriodTypeName].&[Monthly]
key=RB_Measure,Value=Measures.LCDR
key=RB_Market,Value=[Market].[Hierarchy].[All]
key=RB_Period,Value=[Period].[Hierarchy].[Period].&[MTH01]
key=uncheckedItems,Value=TOTAL MARKET
key=RB_Measure_Type,Value=sales
key=absoluteThousandConversion,Value=Thousand
key=RB_TopCountComGlance,Value=10
key=RB_TopCountBrandGlance,Value=10
key=RB_TopCountSubBrandGlance,Value=10
key=RB_TopCountSKUGlance,Value=10
key=RB_TopCountMoleculeAtaGlance,Value=5
key=RB_ComSnapshotTopCount,Value=5
key=RB_TopCountBrandSnapshot,Value=5
key=RB_TopCountSubBrandSnapshot,Value=5
key=RB_TopCountMoleculeSnapshot,Value=5
key=RB_TopCountSKUSnapshot,Value=5
key=RB_ComTrendTopCount,Value=5
key=RB_TopCountBrandTrend,Value=5
key=RB_TopCountSubBrandTrend,Value=5
key=RB_TopCountMoleculeTrend,Value=5
key=RB_TopCountSKUTrend,Value=5
key=RB_CategoryTrendTopCount,Value=5
key=CurrentNavigationId,Value=navigation2
key=Navigation_Label,Value=Trend
key=GuideLevel,Value=JJV-M
key=EmailTemplate,Value=
key=IsIMSUser,Value=true
key=@@navigation,Value=NavCategoriesTrend
key=@@navigation_label,Value=
key=@@MarketCategory_text,Value=All RB Categories
key=@@PeriodType_text,Value=Monthly
key=@@Measure_text,Value=$ Value Retail
key=@@MarketSubCategory_text,Value=-na-
key=@@Segment_text,Value=-na-
key=@@HiddenMarket_text,Value=[Market].[Hierarchy].[All]
key=@@Channel_text,Value=All Channels
key=@@SubChannel_text,Value=All Sub Channels
key=@@Period_text,Value=Feb 2015
key=@@TopCountCategoriesTrend_text,Value=Top 5
key=@@MeasureType_text,Value=Sales
                            

-----------------------------------------------------------------
                            2015-06-01 12:10:52,946 [5] INFO  IMS.Logger.Logger [(null)] –                             
                            Parameter for Module=2
key=NavigationName,Value=NavCategoriesTrend
key=recordCount,Value=5
key=RB_Geo,Value=[Geo].[Hierarchy].[MARKET].&[TOTAL ENA]
key=RB_Geo_text,Value=TOTAL ENA
key=RB_MarketFilterParent,Value=[Market].[Hierarchy].[All]
key=RB_SubCategoryFilter,Value=[Market].[Hierarchy].[All]
key=RB_Segment,Value=[Market].[Hierarchy].[All]
key=RB_Channel,Value=[Channel].[Channel].[All]
key=RB_SubChannel,Value=[Channel].[SubChannel].[All]
key=RB_PeriodType,Value=[Period].[PeriodTypeName].&[Monthly]
key=RB_Measure,Value=Measures.LCDR
key=RB_Market,Value=[Market].[Hierarchy].[All]
key=RB_Period,Value=[Period].[Hierarchy].[Period].&[MTH01]
key=uncheckedItems,Value=TOTAL MARKET
key=RB_Measure_Type,Value=sales
key=absoluteThousandConversion,Value=Thousand
key=RB_TopCountComGlance,Value=10
key=RB_TopCountBrandGlance,Value=10
key=RB_TopCountSubBrandGlance,Value=10
key=RB_TopCountSKUGlance,Value=10
key=RB_TopCountMoleculeAtaGlance,Value=5
key=RB_ComSnapshotTopCount,Value=5
key=RB_TopCountBrandSnapshot,Value=5
key=RB_TopCountSubBrandSnapshot,Value=5
key=RB_TopCountMoleculeSnapshot,Value=5
key=RB_TopCountSKUSnapshot,Value=5
key=RB_ComTrendTopCount,Value=5
key=RB_TopCountBrandTrend,Value=5
key=RB_TopCountSubBrandTrend,Value=5
key=RB_TopCountMoleculeTrend,Value=5
key=RB_TopCountSKUTrend,Value=5
key=RB_CategoryTrendTopCount,Value=5
key=CurrentNavigationId,Value=navigation2
key=Navigation_Label,Value=Trend
key=GuideLevel,Value=JJV-M
key=EmailTemplate,Value=
key=IsIMSUser,Value=true
key=@@navigation,Value=NavCategoriesTrend
key=@@navigation_label,Value=
key=@@MarketCategory_text,Value=All RB Categories
key=@@PeriodType_text,Value=Monthly
key=@@Measure_text,Value=$ Value Retail
key=@@MarketSubCategory_text,Value=-na-
key=@@Segment_text,Value=-na-
key=@@HiddenMarket_text,Value=[Market].[Hierarchy].[All]
key=@@Channel_text,Value=All Channels
key=@@SubChannel_text,Value=All Sub Channels
key=@@Period_text,Value=Feb 2015
key=@@TopCountCategoriesTrend_text,Value=Top 5
key=@@MeasureType_text,Value=Sales
                            

-----------------------------------------------------------------
                            2015-06-01 12:10:55,572 [5] INFO  IMS.Logger.Logger [(null)] –                             
                            Parameter for Module=103
key=NavigationName,Value=NavCategoriesTrend
key=recordCount,Value=5
key=RB_Geo,Value=[Geo].[Hierarchy].[MARKET].&[TOTAL ENA]
key=RB_Geo_text,Value=TOTAL ENA
key=RB_MarketFilterParent,Value=[Market].[Hierarchy].[All]
key=RB_SubCategoryFilter,Value=[Market].[Hierarchy].[All]
key=RB_Segment,Value=[Market].[Hierarchy].[All]
key=RB_Channel,Value=[Channel].[Channel].[All]
key=RB_SubChannel,Value=[Channel].[SubChannel].[All]
key=RB_PeriodType,Value=[Period].[PeriodTypeName].&[Monthly]
key=RB_Measure,Value=Measures.LCDR
key=RB_Market,Value=[Market].[Hierarchy].[All]
key=RB_Period,Value=[Period].[Hierarchy].[Period].&[MTH01]
key=uncheckedItems,Value=TOTAL MARKET
key=RB_Measure_Type,Value=sales
key=absoluteThousandConversion,Value=Thousand
key=RB_TopCountComGlance,Value=10
key=RB_TopCountBrandGlance,Value=10
key=RB_TopCountSubBrandGlance,Value=10
key=RB_TopCountSKUGlance,Value=10
key=RB_TopCountMoleculeAtaGlance,Value=5
key=RB_ComSnapshotTopCount,Value=5
key=RB_TopCountBrandSnapshot,Value=5
key=RB_TopCountSubBrandSnapshot,Value=5
key=RB_TopCountMoleculeSnapshot,Value=5
key=RB_TopCountSKUSnapshot,Value=5
key=RB_ComTrendTopCount,Value=5
key=RB_TopCountBrandTrend,Value=5
key=RB_TopCountSubBrandTrend,Value=5
key=RB_TopCountMoleculeTrend,Value=5
key=RB_TopCountSKUTrend,Value=5
key=RB_CategoryTrendTopCount,Value=5
key=CurrentNavigationId,Value=navigation2
key=Navigation_Label,Value=Trend
key=GuideLevel,Value=JJV-M
key=EmailTemplate,Value=
key=IsIMSUser,Value=true
key=@@navigation,Value=NavCategoriesTrend
key=@@navigation_label,Value=
key=@@MarketCategory_text,Value=All RB Categories
key=@@PeriodType_text,Value=Monthly
key=@@Measure_text,Value=$ Value Retail
key=@@MarketSubCategory_text,Value=-na-
key=@@Segment_text,Value=-na-
key=@@HiddenMarket_text,Value=[Market].[Hierarchy].[All]
key=@@Channel_text,Value=All Channels
key=@@SubChannel_text,Value=All Sub Channels
key=@@Period_text,Value=Feb 2015
key=@@TopCountCategoriesTrend_text,Value=Top 5
key=@@MeasureType_text,Value=Sales
                            

-----------------------------------------------------------------
                            2015-06-01 12:10:57,538 [5] INFO  IMS.Logger.Logger [(null)] –                             
                            Parameter for Module=505
key=NavigationName,Value=NavCategoriesTrend
key=recordCount,Value=5
key=RB_Geo,Value=[Geo].[Hierarchy].[MARKET].&[TOTAL ENA]
key=RB_Geo_text,Value=TOTAL ENA
key=RB_MarketFilterParent,Value=[Market].[Hierarchy].[All]
key=RB_SubCategoryFilter,Value=[Market].[Hierarchy].[All]
key=RB_Segment,Value=[Market].[Hierarchy].[All]
key=RB_Channel,Value=[Channel].[Channel].[All]
key=RB_SubChannel,Value=[Channel].[SubChannel].[All]
key=RB_PeriodType,Value=[Period].[PeriodTypeName].&[Monthly]
key=RB_Measure,Value=Measures.LCDR
key=RB_Market,Value=[Market].[Hierarchy].[All]
key=RB_Period,Value=[Period].[Hierarchy].[Period].&[MTH01]
key=uncheckedItems,Value=TOTAL MARKET
key=RB_Measure_Type,Value=sales
key=absoluteThousandConversion,Value=Thousand
key=RB_TopCountComGlance,Value=10
key=RB_TopCountBrandGlance,Value=10
key=RB_TopCountSubBrandGlance,Value=10
key=RB_TopCountSKUGlance,Value=10
key=RB_TopCountMoleculeAtaGlance,Value=5
key=RB_ComSnapshotTopCount,Value=5
key=RB_TopCountBrandSnapshot,Value=5
key=RB_TopCountSubBrandSnapshot,Value=5
key=RB_TopCountMoleculeSnapshot,Value=5
key=RB_TopCountSKUSnapshot,Value=5
key=RB_ComTrendTopCount,Value=5
key=RB_TopCountBrandTrend,Value=5
key=RB_TopCountSubBrandTrend,Value=5
key=RB_TopCountMoleculeTrend,Value=5
key=RB_TopCountSKUTrend,Value=5
key=RB_CategoryTrendTopCount,Value=5
key=CurrentNavigationId,Value=navigation2
key=Navigation_Label,Value=Trend
key=GuideLevel,Value=JJV-M
key=EmailTemplate,Value=
key=IsIMSUser,Value=true
key=@@navigation,Value=NavCategoriesTrend
key=@@navigation_label,Value=
key=@@MarketCategory_text,Value=All RB Categories
key=@@PeriodType_text,Value=Monthly
key=@@Measure_text,Value=$ Value Retail
key=@@MarketSubCategory_text,Value=-na-
key=@@Segment_text,Value=-na-
key=@@HiddenMarket_text,Value=[Market].[Hierarchy].[All]
key=@@Channel_text,Value=All Channels
key=@@SubChannel_text,Value=All Sub Channels
key=@@Period_text,Value=Feb 2015
key=@@TopCountCategoriesTrend_text,Value=Top 5
key=@@MeasureType_text,Value=Sales
                            

-----------------------------------------------------------------
                            2015-06-01 12:10:59,688 [7] INFO  IMS.Logger.Logger [(null)] –                             
                            Parameter for Module=103
key=NavigationName,Value=NavCategoriesTrend
key=recordCount,Value=5
key=RB_Geo,Value=[Geo].[Hierarchy].[MARKET].&[TOTAL ENA]
key=RB_Geo_text,Value=TOTAL ENA
key=RB_MarketFilterParent,Value=[Market].[Hierarchy].[All]
key=RB_SubCategoryFilter,Value=[Market].[Hierarchy].[All]
key=RB_Segment,Value=[Market].[Hierarchy].[All]
key=RB_Channel,Value=[Channel].[Channel].[All]
key=RB_SubChannel,Value=[Channel].[SubChannel].[All]
key=RB_PeriodType,Value=[Period].[PeriodTypeName].&[Monthly]
key=RB_Measure,Value=Measures.LCDR
key=RB_Market,Value=[Market].[Hierarchy].[All]
key=RB_Period,Value=[Period].[Hierarchy].[Period].&[MTH01]
key=uncheckedItems,Value=TOTAL MARKET
key=RB_Measure_Type,Value=sales
key=absoluteThousandConversion,Value=Thousand
key=RB_TopCountComGlance,Value=10
key=RB_TopCountBrandGlance,Value=10
key=RB_TopCountSubBrandGlance,Value=10
key=RB_TopCountSKUGlance,Value=10
key=RB_TopCountMoleculeAtaGlance,Value=5
key=RB_ComSnapshotTopCount,Value=5
key=RB_TopCountBrandSnapshot,Value=5
key=RB_TopCountSubBrandSnapshot,Value=5
key=RB_TopCountMoleculeSnapshot,Value=5
key=RB_TopCountSKUSnapshot,Value=5
key=RB_ComTrendTopCount,Value=5
key=RB_TopCountBrandTrend,Value=5
key=RB_TopCountSubBrandTrend,Value=5
key=RB_TopCountMoleculeTrend,Value=5
key=RB_TopCountSKUTrend,Value=5
key=RB_CategoryTrendTopCount,Value=5
key=CurrentNavigationId,Value=navigation2
key=Navigation_Label,Value=Trend
key=GuideLevel,Value=JJV-M
key=EmailTemplate,Value=
key=IsIMSUser,Value=true
key=@@navigation,Value=NavCategoriesTrend
key=@@navigation_label,Value=
key=@@MarketCategory_text,Value=All RB Categories
key=@@PeriodType_text,Value=Monthly
key=@@Measure_text,Value=$ Value Retail
key=@@MarketSubCategory_text,Value=-na-
key=@@Segment_text,Value=-na-
key=@@HiddenMarket_text,Value=[Market].[Hierarchy].[All]
key=@@Channel_text,Value=All Channels
key=@@SubChannel_text,Value=All Sub Channels
key=@@Period_text,Value=Feb 2015
key=@@TopCountCategoriesTrend_text,Value=Top 5
key=@@MeasureType_text,Value=Sales
                            

-----------------------------------------------------------------
                            2015-06-01 12:11:00,765 [7] INFO  IMS.Logger.Logger [(null)] –                             
                            Parameter for Module=505
key=NavigationName,Value=NavCategoriesTrend
key=recordCount,Value=5
key=RB_Geo,Value=[Geo].[Hierarchy].[MARKET].&[TOTAL ENA]
key=RB_Geo_text,Value=TOTAL ENA
key=RB_MarketFilterParent,Value=[Market].[Hierarchy].[All]
key=RB_SubCategoryFilter,Value=[Market].[Hierarchy].[All]
key=RB_Segment,Value=[Market].[Hierarchy].[All]
key=RB_Channel,Value=[Channel].[Channel].[All]
key=RB_SubChannel,Value=[Channel].[SubChannel].[All]
key=RB_PeriodType,Value=[Period].[PeriodTypeName].&[Monthly]
key=RB_Measure,Value=Measures.LCDR
key=RB_Market,Value=[Market].[Hierarchy].[All]
key=RB_Period,Value=[Period].[Hierarchy].[Period].&[MTH01]
key=uncheckedItems,Value=TOTAL MARKET
key=RB_Measure_Type,Value=sales
key=absoluteThousandConversion,Value=Thousand
key=RB_TopCountComGlance,Value=10
key=RB_TopCountBrandGlance,Value=10
key=RB_TopCountSubBrandGlance,Value=10
key=RB_TopCountSKUGlance,Value=10
key=RB_TopCountMoleculeAtaGlance,Value=5
key=RB_ComSnapshotTopCount,Value=5
key=RB_TopCountBrandSnapshot,Value=5
key=RB_TopCountSubBrandSnapshot,Value=5
key=RB_TopCountMoleculeSnapshot,Value=5
key=RB_TopCountSKUSnapshot,Value=5
key=RB_ComTrendTopCount,Value=5
key=RB_TopCountBrandTrend,Value=5
key=RB_TopCountSubBrandTrend,Value=5
key=RB_TopCountMoleculeTrend,Value=5
key=RB_TopCountSKUTrend,Value=5
key=RB_CategoryTrendTopCount,Value=5
key=CurrentNavigationId,Value=navigation2
key=Navigation_Label,Value=Trend
key=GuideLevel,Value=JJV-M
key=EmailTemplate,Value=
key=IsIMSUser,Value=true
key=@@navigation,Value=NavCategoriesTrend
key=@@navigation_label,Value=
key=@@MarketCategory_text,Value=All RB Categories
key=@@PeriodType_text,Value=Monthly
key=@@Measure_text,Value=$ Value Retail
key=@@MarketSubCategory_text,Value=-na-
key=@@Segment_text,Value=-na-
key=@@HiddenMarket_text,Value=[Market].[Hierarchy].[All]
key=@@Channel_text,Value=All Channels
key=@@SubChannel_text,Value=All Sub Channels
key=@@Period_text,Value=Feb 2015
key=@@TopCountCategoriesTrend_text,Value=Top 5
key=@@MeasureType_text,Value=Sales
                            

