-----------------------------------------------------------------
                            2015-04-22 09:31:27,343 [9] FATAL IMS.Logger.Logger [(null)] –                             
                            An error occurred while updating the entries. See the inner exception for details.                            

System.Data.Entity.Infrastructure.DbUpdateException: An error occurred while updating the entries. See the inner exception for details. ---> System.Data.Entity.Core.UpdateException: An error occurred while updating the entries. See the inner exception for details. ---> System.Data.SqlClient.SqlException: Cannot insert the value NULL into column 'UserActivityId', table 'IT_CUST_DEV_RB_DASHBOARD_APAC_CONTENT_DB.dbo.UserActivities'; column does not allow nulls. INSERT fails.
The statement has been terminated.
   at System.Data.SqlClient.SqlConnection.OnError(SqlException exception, Boolean breakConnection, Action`1 wrapCloseInAction)
   at System.Data.SqlClient.SqlInternalConnection.OnError(SqlException exception, Boolean breakConnection, Action`1 wrapCloseInAction)
   at System.Data.SqlClient.TdsParser.ThrowExceptionAndWarning(TdsParserStateObject stateObj, Boolean callerHasConnectionLock, Boolean asyncClose)
   at System.Data.SqlClient.TdsParser.TryRun(RunBehavior runBehavior, SqlCommand cmdHandler, SqlDataReader dataStream, BulkCopySimpleResultSet bulkCopyHandler, TdsParserStateObject stateObj, Boolean& dataReady)
   at System.Data.SqlClient.SqlDataReader.TryConsumeMetaData()
   at System.Data.SqlClient.SqlDataReader.get_MetaData()
   at System.Data.SqlClient.SqlCommand.FinishExecuteReader(SqlDataReader ds, RunBehavior runBehavior, String resetOptionsString)
   at System.Data.SqlClient.SqlCommand.RunExecuteReaderTds(CommandBehavior cmdBehavior, RunBehavior runBehavior, Boolean returnStream, Boolean async, Int32 timeout, Task& task, Boolean asyncWrite, SqlDataReader ds)
   at System.Data.SqlClient.SqlCommand.RunExecuteReader(CommandBehavior cmdBehavior, RunBehavior runBehavior, Boolean returnStream, String method, TaskCompletionSource`1 completion, Int32 timeout, Task& task, Boolean asyncWrite)
   at System.Data.SqlClient.SqlCommand.RunExecuteReader(CommandBehavior cmdBehavior, RunBehavior runBehavior, Boolean returnStream, String method)
   at System.Data.SqlClient.SqlCommand.ExecuteReader(CommandBehavior behavior, String method)
   at System.Data.SqlClient.SqlCommand.ExecuteDbDataReader(CommandBehavior behavior)
   at System.Data.Common.DbCommand.ExecuteReader(CommandBehavior behavior)
   at System.Data.Entity.Infrastructure.Interception.DbCommandDispatcher.<Reader>b__c(DbCommand t, DbCommandInterceptionContext`1 c)
   at System.Data.Entity.Infrastructure.Interception.InternalDispatcher`1.Dispatch[TTarget,TInterceptionContext,TResult](TTarget target, Func`3 operation, TInterceptionContext interceptionContext, Action`3 executing, Action`3 executed)
   at System.Data.Entity.Infrastructure.Interception.DbCommandDispatcher.Reader(DbCommand command, DbCommandInterceptionContext interceptionContext)
   at System.Data.Entity.Internal.InterceptableDbCommand.ExecuteDbDataReader(CommandBehavior behavior)
   at System.Data.Common.DbCommand.ExecuteReader(CommandBehavior behavior)
   at System.Data.Entity.Core.Mapping.Update.Internal.DynamicUpdateCommand.Execute(Dictionary`2 identifierValues, List`1 generatedValues)
   at System.Data.Entity.Core.Mapping.Update.Internal.UpdateTranslator.Update()
   --- End of inner exception stack trace ---
   at System.Data.Entity.Core.Mapping.Update.Internal.UpdateTranslator.Update()
   at System.Data.Entity.Core.EntityClient.Internal.EntityAdapter.<Update>b__2(UpdateTranslator ut)
   at System.Data.Entity.Core.EntityClient.Internal.EntityAdapter.Update[T](T noChangesResult, Func`2 updateFunction)
   at System.Data.Entity.Core.EntityClient.Internal.EntityAdapter.Update()
   at System.Data.Entity.Core.Objects.ObjectContext.<SaveChangesToStore>b__35()
   at System.Data.Entity.Core.Objects.ObjectContext.ExecuteInTransaction[T](Func`1 func, IDbExecutionStrategy executionStrategy, Boolean startLocalTransaction, Boolean releaseConnectionOnSuccess)
   at System.Data.Entity.Core.Objects.ObjectContext.SaveChangesToStore(SaveOptions options, IDbExecutionStrategy executionStrategy, Boolean startLocalTransaction)
   at System.Data.Entity.Core.Objects.ObjectContext.<>c__DisplayClass2a.<SaveChangesInternal>b__27()
   at System.Data.Entity.SqlServer.DefaultSqlExecutionStrategy.Execute[TResult](Func`1 operation)
   at System.Data.Entity.Core.Objects.ObjectContext.SaveChangesInternal(SaveOptions options, Boolean executeInExistingTransaction)
   at System.Data.Entity.Core.Objects.ObjectContext.SaveChanges(SaveOptions options)
   at System.Data.Entity.Internal.InternalContext.SaveChanges()
   --- End of inner exception stack trace ---
   at System.Data.Entity.Internal.InternalContext.SaveChanges()
   at System.Data.Entity.Internal.LazyInternalContext.SaveChanges()
   at System.Data.Entity.DbContext.SaveChanges()
   at Dashboard.Controllers.Account.LoginController.AddUserActivity(String userName) in d:\GIT REPOSITORIES\My Projects\RB_Po1_Dashboard\1. Development\Application\DvM\RBPo1Dashboard\Dashboard\Controllers\Account\LoginController.cs:line 76
-----------------------------------------------------------------
                            2015-04-22 09:31:40,296 [7] INFO  IMS.Logger.Logger [(null)] –                             
                            Parameter for Module=3
key=NavigationName,Value=NavHome
key=recordCount,Value=5
key=RB_Geo,Value=[Geo].[Hierarchy].[MARKET].&[TOTAL ENA]
key=RB_Geo_text,Value=DvM
key=RB_MarketFilterParent,Value=[Market].[Hierarchy].[All]
key=RB_SubCategoryFilter,Value=[Market].[Hierarchy].[All]
key=RB_Segment,Value=
key=RB_Channel,Value=[Channel].[Channel].[All]
key=RB_SubChannel,Value=
key=RB_PeriodType,Value=
key=RB_Measure,Value=
key=RB_Market,Value=[Market].[Hierarchy].[All]
key=RB_Period,Value=[Period].[Hierarchy].[Period].&[MTH01]
key=uncheckedItems,Value=TOTAL MARKET
key=RB_Measure_Type,Value=sales
key=absoluteThousandConversion,Value=Absolute
key=RB_TopCountComGlance,Value=10
key=RB_TopCountBrandGlance,Value=10
key=RB_TopCountSubBrandGlance,Value=10
key=RB_TopCountSKUGlance,Value=10
key=RB_TopCountMoleculeAtaGlance,Value=10
key=RB_ComSnapshotTopCount,Value=5
key=RB_TopCountBrandSnapshot,Value=5
key=RB_TopCountSubBrandSnapshot,Value=5
key=RB_TopCountMoleculeSnapshot,Value=5
key=RB_TopCountSKUSnapshot,Value=5
key=RB_ComTrendTopCount,Value=5
key=RB_TopCountBrandTrend,Value=5
key=RB_TopCountSubBrandTrend,Value=5
key=RB_TopCountMoleculeTrend,Value=5
key=RB_TopCountSKUTrend,Value=5
key=RB_CategoryTrendTopCount,Value=5
key=CurrentNavigationId,Value=navigation1
key=Navigation_Label,Value=Home
key=GuideLevel,Value=JJV-M
key=EmailTemplate,Value=
key=IsIMSUser,Value=false
key=@@navigation,Value=NavHome
key=@@navigation_label,Value=Home
                            

-----------------------------------------------------------------
                            2015-04-22 09:33:16,464 [7] ERROR IMS.Logger.Logger [(null)] –                             
                            Error executing the command. Please see the inner exception for details.
Commnad Details:
DbConnectionString:Data Source=DACSV0020\SQL2K12; Initial Catalog=IT_CUST_DEV_RB_DASHBOARD_APAC_DATA_DB
CubeConnectionString:Data Source=DACSV0020\SQL2K12;Initial Catalog=RBAPACPo1DashboardCube;
CommandText:3
DataFormatFlat
CommandType:ViewId
Parameter(s):
NavigationName=NavHome
recordCount=5
RB_Geo=[Geo].[Hierarchy].[MARKET].&[TOTAL ENA]
RB_Geo_text=DvM
RB_MarketFilterParent=[Market].[Hierarchy].[All]
RB_SubCategoryFilter=[Market].[Hierarchy].[All]
RB_Segment=
RB_Channel=[Channel].[Channel].[All]
RB_SubChannel=
RB_PeriodType=
RB_Measure=
RB_Market=[Market].[Hierarchy].[All]
RB_Period=[Period].[Hierarchy].[Period].&[MTH01]
uncheckedItems=TOTAL MARKET
RB_Measure_Type=sales
absoluteThousandConversion=Absolute
RB_TopCountComGlance=10
RB_TopCountBrandGlance=10
RB_TopCountSubBrandGlance=10
RB_TopCountSKUGlance=10
RB_TopCountMoleculeAtaGlance=10
RB_ComSnapshotTopCount=5
RB_TopCountBrandSnapshot=5
RB_TopCountSubBrandSnapshot=5
RB_TopCountMoleculeSnapshot=5
RB_TopCountSKUSnapshot=5
RB_ComTrendTopCount=5
RB_TopCountBrandTrend=5
RB_TopCountSubBrandTrend=5
RB_TopCountMoleculeTrend=5
RB_TopCountSKUTrend=5
RB_CategoryTrendTopCount=5
CurrentNavigationId=navigation1
Navigation_Label=Home
GuideLevel=JJV-M
EmailTemplate=
IsIMSUser=false
@@navigation=NavHome
@@navigation_label=Home
                            

-----------------------------------------------------------------
                            2015-04-22 09:33:16,506 [11] FATAL IMS.Logger.Logger [(null)] –                             
                            Exception has been thrown by the target of an invocation.                            

System.Reflection.TargetInvocationException: Exception has been thrown by the target of an invocation. ---> DashboardFramework.FilterValueLoadException: Error in loading filter values. Filter name: MarketCategory
Detail: 
System.NullReferenceException: Object reference not set to an instance of an object.
   at Dashboard.DataComponents.Transformers.CubeDataToDictionaryTransformer.GetData() in d:\GIT REPOSITORIES\My Projects\RB_Po1_Dashboard\1. Development\Application\DvM\RBPo1Dashboard\Dashboard\DataComponents\Transformers\CubeDataToDictionaryTransformer.cs:line 25
   at System.Dynamic.UpdateDelegates.UpdateAndExecute1[T0,TRet](CallSite site, T0 arg0)
   at DashboardFramework.DataFlow.TransformerComponent.GetData(IReadOnlyDictionary`2 parameters, Object inputData)
   at DashboardFramework.DataFlow.DataFlow`1.GetData(IReadOnlyDictionary`2 parameters)
   at DashboardFramework.Filter`1.LoadValues()
   at DashboardFramework.Filter`1.LoadValues()
   at DashboardFramework.StateManagement.CommandGenerators.SingleFilterLoad.GetLoadValuesCommand()
   at DashboardFramework.StateManagement.CommandGenerators.SingleFilterLoad.GetCommands()
   at DashboardFramework.StateManagement.CommandGenerators.FilterAndWidgetContainerLoad.GetSingleFilterCommands(IFilter filter)
   at System.Linq.Enumerable.<SelectManyIterator>d__14`2.MoveNext()
   at System.Collections.Generic.List`1.InsertRange(Int32 index, IEnumerable`1 collection)
   at System.Collections.Generic.List`1.AddRange(IEnumerable`1 collection)
   at DashboardFramework.StateManagement.CommandGenerators.FilterAndWidgetContainerLoad.GetCommands()
   at DashboardFramework.StateManagement.CommandGenerators.DashboardLoad.GetCommands()
   at DashboardFramework.StateManagement.StateManager.LoadDashboard(Boolean fullLoad, String navName, Dictionary`2 parameters)
   at DashboardFramework.StateManagement.StateManager.Init(DashboardState state)
   at DashboardFramework.StateManagement.StateManager.Init(String stateString)
   --- End of inner exception stack trace ---
   at System.RuntimeMethodHandle.InvokeMethod(Object target, Object[] arguments, Signature sig, Boolean constructor)
   at System.Reflection.RuntimeMethodInfo.UnsafeInvokeInternal(Object obj, Object[] parameters, Object[] arguments)
   at System.Reflection.RuntimeMethodInfo.Invoke(Object obj, BindingFlags invokeAttr, Binder binder, Object[] parameters, CultureInfo culture)
   at System.Reflection.MethodBase.Invoke(Object obj, Object[] parameters)
   at DashboardFramework.Web.Helpers.MethodInvokeInfo.Invoke(DashboardController dashboardController, StateManager stateManager, Object[] parameters)
   at DashboardFramework.Web.Controllers.DashboardController.InvokeMethod(HandleActionParams handleActionParams)
   at DashboardFramework.Web.Controllers.DashboardController.HandleAction(HandleActionParams handleActionParams)
