-----------------------------------------------------------------
                            2015-05-29 19:29:54,595 [7] INFO  IMS.Logger.Logger [(null)] –                             
                            Parameter for Module=3
key=NavigationName,Value=NavHome
key=recordCount,Value=5
key=RB_Geo,Value=[Geo].[Hierarchy].[MARKET].&[TOTAL ENA]
key=RB_Geo_text,Value=TOTAL ENA
key=RB_MarketFilterParent,Value=[Market].[Hierarchy].[All]
key=RB_SubCategoryFilter,Value=[Market].[Hierarchy].[All]
key=RB_Segment,Value=
key=RB_Channel,Value=[Channel].[Channel].[All]
key=RB_SubChannel,Value=
key=RB_PeriodType,Value=
key=RB_Measure,Value=
key=RB_Market,Value=[Market].[Hierarchy].[All]
key=RB_Period,Value=[Period].[Hierarchy].[Period].&[MTH01]
key=uncheckedItems,Value=TOTAL MARKET
key=RB_Measure_Type,Value=sales
key=absoluteThousandConversion,Value=Thousand
key=RB_TopCountComGlance,Value=10
key=RB_TopCountBrandGlance,Value=10
key=RB_TopCountSubBrandGlance,Value=10
key=RB_TopCountSKUGlance,Value=10
key=RB_TopCountMoleculeAtaGlance,Value=5
key=RB_ComSnapshotTopCount,Value=5
key=RB_TopCountBrandSnapshot,Value=5
key=RB_TopCountSubBrandSnapshot,Value=5
key=RB_TopCountMoleculeSnapshot,Value=5
key=RB_TopCountSKUSnapshot,Value=5
key=RB_ComTrendTopCount,Value=5
key=RB_TopCountBrandTrend,Value=5
key=RB_TopCountSubBrandTrend,Value=5
key=RB_TopCountMoleculeTrend,Value=5
key=RB_TopCountSKUTrend,Value=5
key=RB_CategoryTrendTopCount,Value=5
key=CurrentNavigationId,Value=navigation1
key=Navigation_Label,Value=Home
key=GuideLevel,Value=JJV-M
key=EmailTemplate,Value=
key=IsIMSUser,Value=false
key=@@navigation,Value=NavHome
key=@@navigation_label,Value=Home
                            

-----------------------------------------------------------------
                            2015-05-29 19:29:55,497 [7] INFO  IMS.Logger.Logger [(null)] –                             
                            Parameter for Module=5
key=NavigationName,Value=NavHome
key=recordCount,Value=5
key=RB_Geo,Value=[Geo].[Hierarchy].[MARKET].&[TOTAL ENA]
key=RB_Geo_text,Value=TOTAL ENA
key=RB_MarketFilterParent,Value=[Market].[Hierarchy].[All]
key=RB_SubCategoryFilter,Value=[Market].[Hierarchy].[All]
key=RB_Segment,Value=
key=RB_Channel,Value=[Channel].[Channel].[All]
key=RB_SubChannel,Value=
key=RB_PeriodType,Value=
key=RB_Measure,Value=
key=RB_Market,Value=[Market].[Hierarchy].[All]
key=RB_Period,Value=[Period].[Hierarchy].[Period].&[MTH01]
key=uncheckedItems,Value=TOTAL MARKET
key=RB_Measure_Type,Value=sales
key=absoluteThousandConversion,Value=Thousand
key=RB_TopCountComGlance,Value=10
key=RB_TopCountBrandGlance,Value=10
key=RB_TopCountSubBrandGlance,Value=10
key=RB_TopCountSKUGlance,Value=10
key=RB_TopCountMoleculeAtaGlance,Value=5
key=RB_ComSnapshotTopCount,Value=5
key=RB_TopCountBrandSnapshot,Value=5
key=RB_TopCountSubBrandSnapshot,Value=5
key=RB_TopCountMoleculeSnapshot,Value=5
key=RB_TopCountSKUSnapshot,Value=5
key=RB_ComTrendTopCount,Value=5
key=RB_TopCountBrandTrend,Value=5
key=RB_TopCountSubBrandTrend,Value=5
key=RB_TopCountMoleculeTrend,Value=5
key=RB_TopCountSKUTrend,Value=5
key=RB_CategoryTrendTopCount,Value=5
key=CurrentNavigationId,Value=navigation1
key=Navigation_Label,Value=Home
key=GuideLevel,Value=JJV-M
key=EmailTemplate,Value=
key=IsIMSUser,Value=false
key=@@navigation,Value=NavHome
key=@@navigation_label,Value=Home
key=@@MarketCategory_text,Value=All RB Categories
                            

-----------------------------------------------------------------
                            2015-05-29 19:29:56,323 [7] INFO  IMS.Logger.Logger [(null)] –                             
                            Parameter for Module=8
key=NavigationName,Value=NavHome
key=recordCount,Value=5
key=RB_Geo,Value=[Geo].[Hierarchy].[MARKET].&[TOTAL ENA]
key=RB_Geo_text,Value=TOTAL ENA
key=RB_MarketFilterParent,Value=[Market].[Hierarchy].[All]
key=RB_SubCategoryFilter,Value=[Market].[Hierarchy].[All]
key=RB_Segment,Value=
key=RB_Channel,Value=[Channel].[Channel].[All]
key=RB_SubChannel,Value=
key=RB_PeriodType,Value=
key=RB_Measure,Value=
key=RB_Market,Value=[Market].[Hierarchy].[All]
key=RB_Period,Value=[Period].[Hierarchy].[Period].&[MTH01]
key=uncheckedItems,Value=TOTAL MARKET
key=RB_Measure_Type,Value=sales
key=absoluteThousandConversion,Value=Thousand
key=RB_TopCountComGlance,Value=10
key=RB_TopCountBrandGlance,Value=10
key=RB_TopCountSubBrandGlance,Value=10
key=RB_TopCountSKUGlance,Value=10
key=RB_TopCountMoleculeAtaGlance,Value=5
key=RB_ComSnapshotTopCount,Value=5
key=RB_TopCountBrandSnapshot,Value=5
key=RB_TopCountSubBrandSnapshot,Value=5
key=RB_TopCountMoleculeSnapshot,Value=5
key=RB_TopCountSKUSnapshot,Value=5
key=RB_ComTrendTopCount,Value=5
key=RB_TopCountBrandTrend,Value=5
key=RB_TopCountSubBrandTrend,Value=5
key=RB_TopCountMoleculeTrend,Value=5
key=RB_TopCountSKUTrend,Value=5
key=RB_CategoryTrendTopCount,Value=5
key=CurrentNavigationId,Value=navigation1
key=Navigation_Label,Value=Home
key=GuideLevel,Value=JJV-M
key=EmailTemplate,Value=
key=IsIMSUser,Value=false
key=@@navigation,Value=NavHome
key=@@navigation_label,Value=Home
key=@@MarketCategory_text,Value=All RB Categories
key=@@Channel_text,Value=All Channels
                            

-----------------------------------------------------------------
                            2015-05-29 19:29:57,148 [7] INFO  IMS.Logger.Logger [(null)] –                             
                            Parameter for Module=7
key=NavigationName,Value=NavHome
key=recordCount,Value=5
key=RB_Geo,Value=[Geo].[Hierarchy].[MARKET].&[TOTAL ENA]
key=RB_Geo_text,Value=TOTAL ENA
key=RB_MarketFilterParent,Value=[Market].[Hierarchy].[All]
key=RB_SubCategoryFilter,Value=[Market].[Hierarchy].[All]
key=RB_Segment,Value=
key=RB_Channel,Value=[Channel].[Channel].[All]
key=RB_SubChannel,Value=
key=RB_PeriodType,Value=[Period].[PeriodTypeName].&[Monthly]
key=RB_Measure,Value=
key=RB_Market,Value=[Market].[Hierarchy].[All]
key=RB_Period,Value=[Period].[Hierarchy].[Period].&[MTH01]
key=uncheckedItems,Value=TOTAL MARKET
key=RB_Measure_Type,Value=sales
key=absoluteThousandConversion,Value=Thousand
key=RB_TopCountComGlance,Value=10
key=RB_TopCountBrandGlance,Value=10
key=RB_TopCountSubBrandGlance,Value=10
key=RB_TopCountSKUGlance,Value=10
key=RB_TopCountMoleculeAtaGlance,Value=5
key=RB_ComSnapshotTopCount,Value=5
key=RB_TopCountBrandSnapshot,Value=5
key=RB_TopCountSubBrandSnapshot,Value=5
key=RB_TopCountMoleculeSnapshot,Value=5
key=RB_TopCountSKUSnapshot,Value=5
key=RB_ComTrendTopCount,Value=5
key=RB_TopCountBrandTrend,Value=5
key=RB_TopCountSubBrandTrend,Value=5
key=RB_TopCountMoleculeTrend,Value=5
key=RB_TopCountSKUTrend,Value=5
key=RB_CategoryTrendTopCount,Value=5
key=CurrentNavigationId,Value=navigation1
key=Navigation_Label,Value=Home
key=GuideLevel,Value=JJV-M
key=EmailTemplate,Value=
key=IsIMSUser,Value=false
key=@@navigation,Value=NavHome
key=@@navigation_label,Value=Home
key=@@MarketCategory_text,Value=All RB Categories
key=@@Channel_text,Value=All Channels
key=@@PeriodType_text,Value=Monthly
                            

-----------------------------------------------------------------
                            2015-05-29 19:29:57,977 [7] INFO  IMS.Logger.Logger [(null)] –                             
                            Parameter for Module=4
key=NavigationName,Value=NavHome
key=recordCount,Value=5
key=RB_Geo,Value=[Geo].[Hierarchy].[MARKET].&[TOTAL ENA]
key=RB_Geo_text,Value=TOTAL ENA
key=RB_MarketFilterParent,Value=[Market].[Hierarchy].[All]
key=RB_SubCategoryFilter,Value=[Market].[Hierarchy].[All]
key=RB_Segment,Value=
key=RB_Channel,Value=[Channel].[Channel].[All]
key=RB_SubChannel,Value=
key=RB_PeriodType,Value=[Period].[PeriodTypeName].&[Monthly]
key=RB_Measure,Value=Measures.LCDR
key=RB_Market,Value=[Market].[Hierarchy].[All]
key=RB_Period,Value=[Period].[Hierarchy].[Period].&[MTH01]
key=uncheckedItems,Value=TOTAL MARKET
key=RB_Measure_Type,Value=sales
key=absoluteThousandConversion,Value=Thousand
key=RB_TopCountComGlance,Value=10
key=RB_TopCountBrandGlance,Value=10
key=RB_TopCountSubBrandGlance,Value=10
key=RB_TopCountSKUGlance,Value=10
key=RB_TopCountMoleculeAtaGlance,Value=5
key=RB_ComSnapshotTopCount,Value=5
key=RB_TopCountBrandSnapshot,Value=5
key=RB_TopCountSubBrandSnapshot,Value=5
key=RB_TopCountMoleculeSnapshot,Value=5
key=RB_TopCountSKUSnapshot,Value=5
key=RB_ComTrendTopCount,Value=5
key=RB_TopCountBrandTrend,Value=5
key=RB_TopCountSubBrandTrend,Value=5
key=RB_TopCountMoleculeTrend,Value=5
key=RB_TopCountSKUTrend,Value=5
key=RB_CategoryTrendTopCount,Value=5
key=CurrentNavigationId,Value=navigation1
key=Navigation_Label,Value=Home
key=GuideLevel,Value=JJV-M
key=EmailTemplate,Value=
key=IsIMSUser,Value=false
key=@@navigation,Value=NavHome
key=@@navigation_label,Value=Home
key=@@MarketCategory_text,Value=All RB Categories
key=@@Channel_text,Value=All Channels
key=@@PeriodType_text,Value=Monthly
key=@@Measure_text,Value=$ Value Retail
                            

-----------------------------------------------------------------
                            2015-05-29 19:29:58,803 [7] INFO  IMS.Logger.Logger [(null)] –                             
                            Parameter for Module=6
key=NavigationName,Value=NavHome
key=recordCount,Value=5
key=RB_Geo,Value=[Geo].[Hierarchy].[MARKET].&[TOTAL ENA]
key=RB_Geo_text,Value=TOTAL ENA
key=RB_MarketFilterParent,Value=[Market].[Hierarchy].[All]
key=RB_SubCategoryFilter,Value=[Market].[Hierarchy].[All]
key=RB_Segment,Value=
key=RB_Channel,Value=[Channel].[Channel].[All]
key=RB_SubChannel,Value=
key=RB_PeriodType,Value=[Period].[PeriodTypeName].&[Monthly]
key=RB_Measure,Value=Measures.LCDR
key=RB_Market,Value=[Market].[Hierarchy].[All]
key=RB_Period,Value=[Period].[Hierarchy].[Period].&[MTH01]
key=uncheckedItems,Value=TOTAL MARKET
key=RB_Measure_Type,Value=sales
key=absoluteThousandConversion,Value=Thousand
key=RB_TopCountComGlance,Value=10
key=RB_TopCountBrandGlance,Value=10
key=RB_TopCountSubBrandGlance,Value=10
key=RB_TopCountSKUGlance,Value=10
key=RB_TopCountMoleculeAtaGlance,Value=5
key=RB_ComSnapshotTopCount,Value=5
key=RB_TopCountBrandSnapshot,Value=5
key=RB_TopCountSubBrandSnapshot,Value=5
key=RB_TopCountMoleculeSnapshot,Value=5
key=RB_TopCountSKUSnapshot,Value=5
key=RB_ComTrendTopCount,Value=5
key=RB_TopCountBrandTrend,Value=5
key=RB_TopCountSubBrandTrend,Value=5
key=RB_TopCountMoleculeTrend,Value=5
key=RB_TopCountSKUTrend,Value=5
key=RB_CategoryTrendTopCount,Value=5
key=CurrentNavigationId,Value=navigation1
key=Navigation_Label,Value=Home
key=GuideLevel,Value=JJV-M
key=EmailTemplate,Value=
key=IsIMSUser,Value=false
key=@@navigation,Value=NavHome
key=@@navigation_label,Value=Home
key=@@MarketCategory_text,Value=All RB Categories
key=@@Channel_text,Value=All Channels
key=@@PeriodType_text,Value=Monthly
key=@@Measure_text,Value=$ Value Retail
key=@@MarketSubCategory_text,Value=-na-
                            

-----------------------------------------------------------------
                            2015-05-29 19:29:59,629 [7] INFO  IMS.Logger.Logger [(null)] –                             
                            Parameter for Module=10
key=NavigationName,Value=NavHome
key=recordCount,Value=5
key=RB_Geo,Value=[Geo].[Hierarchy].[MARKET].&[TOTAL ENA]
key=RB_Geo_text,Value=TOTAL ENA
key=RB_MarketFilterParent,Value=[Market].[Hierarchy].[All]
key=RB_SubCategoryFilter,Value=[Market].[Hierarchy].[All]
key=RB_Segment,Value=
key=RB_Channel,Value=[Channel].[Channel].[All]
key=RB_SubChannel,Value=[Channel].[SubChannel].[All]
key=RB_PeriodType,Value=[Period].[PeriodTypeName].&[Monthly]
key=RB_Measure,Value=Measures.LCDR
key=RB_Market,Value=[Market].[Hierarchy].[All]
key=RB_Period,Value=[Period].[Hierarchy].[Period].&[MTH01]
key=uncheckedItems,Value=TOTAL MARKET
key=RB_Measure_Type,Value=sales
key=absoluteThousandConversion,Value=Thousand
key=RB_TopCountComGlance,Value=10
key=RB_TopCountBrandGlance,Value=10
key=RB_TopCountSubBrandGlance,Value=10
key=RB_TopCountSKUGlance,Value=10
key=RB_TopCountMoleculeAtaGlance,Value=5
key=RB_ComSnapshotTopCount,Value=5
key=RB_TopCountBrandSnapshot,Value=5
key=RB_TopCountSubBrandSnapshot,Value=5
key=RB_TopCountMoleculeSnapshot,Value=5
key=RB_TopCountSKUSnapshot,Value=5
key=RB_ComTrendTopCount,Value=5
key=RB_TopCountBrandTrend,Value=5
key=RB_TopCountSubBrandTrend,Value=5
key=RB_TopCountMoleculeTrend,Value=5
key=RB_TopCountSKUTrend,Value=5
key=RB_CategoryTrendTopCount,Value=5
key=CurrentNavigationId,Value=navigation1
key=Navigation_Label,Value=Home
key=GuideLevel,Value=JJV-M
key=EmailTemplate,Value=
key=IsIMSUser,Value=false
key=@@navigation,Value=NavHome
key=@@navigation_label,Value=Home
key=@@MarketCategory_text,Value=All RB Categories
key=@@Channel_text,Value=All Channels
key=@@PeriodType_text,Value=Monthly
key=@@Measure_text,Value=$ Value Retail
key=@@MarketSubCategory_text,Value=-na-
key=@@SubChannel_text,Value=All Sub Channels
                            

-----------------------------------------------------------------
                            2015-05-29 19:30:18,452 [12] INFO  IMS.Logger.Logger [(null)] –                             
                            Parameter for Module=3
key=NavigationName,Value=NavHome
key=recordCount,Value=5
key=RB_Geo,Value=[Geo].[Hierarchy].[MARKET].&[TOTAL ENA]
key=RB_Geo_text,Value=TOTAL ENA
key=RB_MarketFilterParent,Value=[Market].[Hierarchy].[All]
key=RB_SubCategoryFilter,Value=[Market].[Hierarchy].[All]
key=RB_Segment,Value=
key=RB_Channel,Value=[Channel].[Channel].[All]
key=RB_SubChannel,Value=
key=RB_PeriodType,Value=
key=RB_Measure,Value=
key=RB_Market,Value=[Market].[Hierarchy].[All]
key=RB_Period,Value=[Period].[Hierarchy].[Period].&[MTH01]
key=uncheckedItems,Value=TOTAL MARKET
key=RB_Measure_Type,Value=sales
key=absoluteThousandConversion,Value=Thousand
key=RB_TopCountComGlance,Value=10
key=RB_TopCountBrandGlance,Value=10
key=RB_TopCountSubBrandGlance,Value=10
key=RB_TopCountSKUGlance,Value=10
key=RB_TopCountMoleculeAtaGlance,Value=5
key=RB_ComSnapshotTopCount,Value=5
key=RB_TopCountBrandSnapshot,Value=5
key=RB_TopCountSubBrandSnapshot,Value=5
key=RB_TopCountMoleculeSnapshot,Value=5
key=RB_TopCountSKUSnapshot,Value=5
key=RB_ComTrendTopCount,Value=5
key=RB_TopCountBrandTrend,Value=5
key=RB_TopCountSubBrandTrend,Value=5
key=RB_TopCountMoleculeTrend,Value=5
key=RB_TopCountSKUTrend,Value=5
key=RB_CategoryTrendTopCount,Value=5
key=CurrentNavigationId,Value=navigation1
key=Navigation_Label,Value=Home
key=GuideLevel,Value=JJV-M
key=EmailTemplate,Value=
key=IsIMSUser,Value=false
key=@@navigation,Value=NavHome
key=@@navigation_label,Value=Home
                            

-----------------------------------------------------------------
                            2015-05-29 19:30:19,278 [12] INFO  IMS.Logger.Logger [(null)] –                             
                            Parameter for Module=5
key=NavigationName,Value=NavHome
key=recordCount,Value=5
key=RB_Geo,Value=[Geo].[Hierarchy].[MARKET].&[TOTAL ENA]
key=RB_Geo_text,Value=TOTAL ENA
key=RB_MarketFilterParent,Value=[Market].[Hierarchy].[All]
key=RB_SubCategoryFilter,Value=[Market].[Hierarchy].[All]
key=RB_Segment,Value=
key=RB_Channel,Value=[Channel].[Channel].[All]
key=RB_SubChannel,Value=
key=RB_PeriodType,Value=
key=RB_Measure,Value=
key=RB_Market,Value=[Market].[Hierarchy].[All]
key=RB_Period,Value=[Period].[Hierarchy].[Period].&[MTH01]
key=uncheckedItems,Value=TOTAL MARKET
key=RB_Measure_Type,Value=sales
key=absoluteThousandConversion,Value=Thousand
key=RB_TopCountComGlance,Value=10
key=RB_TopCountBrandGlance,Value=10
key=RB_TopCountSubBrandGlance,Value=10
key=RB_TopCountSKUGlance,Value=10
key=RB_TopCountMoleculeAtaGlance,Value=5
key=RB_ComSnapshotTopCount,Value=5
key=RB_TopCountBrandSnapshot,Value=5
key=RB_TopCountSubBrandSnapshot,Value=5
key=RB_TopCountMoleculeSnapshot,Value=5
key=RB_TopCountSKUSnapshot,Value=5
key=RB_ComTrendTopCount,Value=5
key=RB_TopCountBrandTrend,Value=5
key=RB_TopCountSubBrandTrend,Value=5
key=RB_TopCountMoleculeTrend,Value=5
key=RB_TopCountSKUTrend,Value=5
key=RB_CategoryTrendTopCount,Value=5
key=CurrentNavigationId,Value=navigation1
key=Navigation_Label,Value=Home
key=GuideLevel,Value=JJV-M
key=EmailTemplate,Value=
key=IsIMSUser,Value=false
key=@@navigation,Value=NavHome
key=@@navigation_label,Value=Home
key=@@MarketCategory_text,Value=All RB Categories
                            

-----------------------------------------------------------------
                            2015-05-29 19:30:20,104 [12] INFO  IMS.Logger.Logger [(null)] –                             
                            Parameter for Module=8
key=NavigationName,Value=NavHome
key=recordCount,Value=5
key=RB_Geo,Value=[Geo].[Hierarchy].[MARKET].&[TOTAL ENA]
key=RB_Geo_text,Value=TOTAL ENA
key=RB_MarketFilterParent,Value=[Market].[Hierarchy].[All]
key=RB_SubCategoryFilter,Value=[Market].[Hierarchy].[All]
key=RB_Segment,Value=
key=RB_Channel,Value=[Channel].[Channel].[All]
key=RB_SubChannel,Value=
key=RB_PeriodType,Value=
key=RB_Measure,Value=
key=RB_Market,Value=[Market].[Hierarchy].[All]
key=RB_Period,Value=[Period].[Hierarchy].[Period].&[MTH01]
key=uncheckedItems,Value=TOTAL MARKET
key=RB_Measure_Type,Value=sales
key=absoluteThousandConversion,Value=Thousand
key=RB_TopCountComGlance,Value=10
key=RB_TopCountBrandGlance,Value=10
key=RB_TopCountSubBrandGlance,Value=10
key=RB_TopCountSKUGlance,Value=10
key=RB_TopCountMoleculeAtaGlance,Value=5
key=RB_ComSnapshotTopCount,Value=5
key=RB_TopCountBrandSnapshot,Value=5
key=RB_TopCountSubBrandSnapshot,Value=5
key=RB_TopCountMoleculeSnapshot,Value=5
key=RB_TopCountSKUSnapshot,Value=5
key=RB_ComTrendTopCount,Value=5
key=RB_TopCountBrandTrend,Value=5
key=RB_TopCountSubBrandTrend,Value=5
key=RB_TopCountMoleculeTrend,Value=5
key=RB_TopCountSKUTrend,Value=5
key=RB_CategoryTrendTopCount,Value=5
key=CurrentNavigationId,Value=navigation1
key=Navigation_Label,Value=Home
key=GuideLevel,Value=JJV-M
key=EmailTemplate,Value=
key=IsIMSUser,Value=false
key=@@navigation,Value=NavHome
key=@@navigation_label,Value=Home
key=@@MarketCategory_text,Value=All RB Categories
key=@@Channel_text,Value=All Channels
                            

-----------------------------------------------------------------
                            2015-05-29 19:30:20,932 [12] INFO  IMS.Logger.Logger [(null)] –                             
                            Parameter for Module=7
key=NavigationName,Value=NavHome
key=recordCount,Value=5
key=RB_Geo,Value=[Geo].[Hierarchy].[MARKET].&[TOTAL ENA]
key=RB_Geo_text,Value=TOTAL ENA
key=RB_MarketFilterParent,Value=[Market].[Hierarchy].[All]
key=RB_SubCategoryFilter,Value=[Market].[Hierarchy].[All]
key=RB_Segment,Value=
key=RB_Channel,Value=[Channel].[Channel].[All]
key=RB_SubChannel,Value=
key=RB_PeriodType,Value=[Period].[PeriodTypeName].&[Monthly]
key=RB_Measure,Value=
key=RB_Market,Value=[Market].[Hierarchy].[All]
key=RB_Period,Value=[Period].[Hierarchy].[Period].&[MTH01]
key=uncheckedItems,Value=TOTAL MARKET
key=RB_Measure_Type,Value=sales
key=absoluteThousandConversion,Value=Thousand
key=RB_TopCountComGlance,Value=10
key=RB_TopCountBrandGlance,Value=10
key=RB_TopCountSubBrandGlance,Value=10
key=RB_TopCountSKUGlance,Value=10
key=RB_TopCountMoleculeAtaGlance,Value=5
key=RB_ComSnapshotTopCount,Value=5
key=RB_TopCountBrandSnapshot,Value=5
key=RB_TopCountSubBrandSnapshot,Value=5
key=RB_TopCountMoleculeSnapshot,Value=5
key=RB_TopCountSKUSnapshot,Value=5
key=RB_ComTrendTopCount,Value=5
key=RB_TopCountBrandTrend,Value=5
key=RB_TopCountSubBrandTrend,Value=5
key=RB_TopCountMoleculeTrend,Value=5
key=RB_TopCountSKUTrend,Value=5
key=RB_CategoryTrendTopCount,Value=5
key=CurrentNavigationId,Value=navigation1
key=Navigation_Label,Value=Home
key=GuideLevel,Value=JJV-M
key=EmailTemplate,Value=
key=IsIMSUser,Value=false
key=@@navigation,Value=NavHome
key=@@navigation_label,Value=Home
key=@@MarketCategory_text,Value=All RB Categories
key=@@Channel_text,Value=All Channels
key=@@PeriodType_text,Value=Monthly
                            

-----------------------------------------------------------------
                            2015-05-29 19:30:21,757 [12] INFO  IMS.Logger.Logger [(null)] –                             
                            Parameter for Module=4
key=NavigationName,Value=NavHome
key=recordCount,Value=5
key=RB_Geo,Value=[Geo].[Hierarchy].[MARKET].&[TOTAL ENA]
key=RB_Geo_text,Value=TOTAL ENA
key=RB_MarketFilterParent,Value=[Market].[Hierarchy].[All]
key=RB_SubCategoryFilter,Value=[Market].[Hierarchy].[All]
key=RB_Segment,Value=
key=RB_Channel,Value=[Channel].[Channel].[All]
key=RB_SubChannel,Value=
key=RB_PeriodType,Value=[Period].[PeriodTypeName].&[Monthly]
key=RB_Measure,Value=Measures.LCDR
key=RB_Market,Value=[Market].[Hierarchy].[All]
key=RB_Period,Value=[Period].[Hierarchy].[Period].&[MTH01]
key=uncheckedItems,Value=TOTAL MARKET
key=RB_Measure_Type,Value=sales
key=absoluteThousandConversion,Value=Thousand
key=RB_TopCountComGlance,Value=10
key=RB_TopCountBrandGlance,Value=10
key=RB_TopCountSubBrandGlance,Value=10
key=RB_TopCountSKUGlance,Value=10
key=RB_TopCountMoleculeAtaGlance,Value=5
key=RB_ComSnapshotTopCount,Value=5
key=RB_TopCountBrandSnapshot,Value=5
key=RB_TopCountSubBrandSnapshot,Value=5
key=RB_TopCountMoleculeSnapshot,Value=5
key=RB_TopCountSKUSnapshot,Value=5
key=RB_ComTrendTopCount,Value=5
key=RB_TopCountBrandTrend,Value=5
key=RB_TopCountSubBrandTrend,Value=5
key=RB_TopCountMoleculeTrend,Value=5
key=RB_TopCountSKUTrend,Value=5
key=RB_CategoryTrendTopCount,Value=5
key=CurrentNavigationId,Value=navigation1
key=Navigation_Label,Value=Home
key=GuideLevel,Value=JJV-M
key=EmailTemplate,Value=
key=IsIMSUser,Value=false
key=@@navigation,Value=NavHome
key=@@navigation_label,Value=Home
key=@@MarketCategory_text,Value=All RB Categories
key=@@Channel_text,Value=All Channels
key=@@PeriodType_text,Value=Monthly
key=@@Measure_text,Value=$ Value Retail
                            

-----------------------------------------------------------------
                            2015-05-29 19:30:22,590 [12] INFO  IMS.Logger.Logger [(null)] –                             
                            Parameter for Module=6
key=NavigationName,Value=NavHome
key=recordCount,Value=5
key=RB_Geo,Value=[Geo].[Hierarchy].[MARKET].&[TOTAL ENA]
key=RB_Geo_text,Value=TOTAL ENA
key=RB_MarketFilterParent,Value=[Market].[Hierarchy].[All]
key=RB_SubCategoryFilter,Value=[Market].[Hierarchy].[All]
key=RB_Segment,Value=
key=RB_Channel,Value=[Channel].[Channel].[All]
key=RB_SubChannel,Value=
key=RB_PeriodType,Value=[Period].[PeriodTypeName].&[Monthly]
key=RB_Measure,Value=Measures.LCDR
key=RB_Market,Value=[Market].[Hierarchy].[All]
key=RB_Period,Value=[Period].[Hierarchy].[Period].&[MTH01]
key=uncheckedItems,Value=TOTAL MARKET
key=RB_Measure_Type,Value=sales
key=absoluteThousandConversion,Value=Thousand
key=RB_TopCountComGlance,Value=10
key=RB_TopCountBrandGlance,Value=10
key=RB_TopCountSubBrandGlance,Value=10
key=RB_TopCountSKUGlance,Value=10
key=RB_TopCountMoleculeAtaGlance,Value=5
key=RB_ComSnapshotTopCount,Value=5
key=RB_TopCountBrandSnapshot,Value=5
key=RB_TopCountSubBrandSnapshot,Value=5
key=RB_TopCountMoleculeSnapshot,Value=5
key=RB_TopCountSKUSnapshot,Value=5
key=RB_ComTrendTopCount,Value=5
key=RB_TopCountBrandTrend,Value=5
key=RB_TopCountSubBrandTrend,Value=5
key=RB_TopCountMoleculeTrend,Value=5
key=RB_TopCountSKUTrend,Value=5
key=RB_CategoryTrendTopCount,Value=5
key=CurrentNavigationId,Value=navigation1
key=Navigation_Label,Value=Home
key=GuideLevel,Value=JJV-M
key=EmailTemplate,Value=
key=IsIMSUser,Value=false
key=@@navigation,Value=NavHome
key=@@navigation_label,Value=Home
key=@@MarketCategory_text,Value=All RB Categories
key=@@Channel_text,Value=All Channels
key=@@PeriodType_text,Value=Monthly
key=@@Measure_text,Value=$ Value Retail
key=@@MarketSubCategory_text,Value=-na-
                            

-----------------------------------------------------------------
                            2015-05-29 19:30:23,458 [12] INFO  IMS.Logger.Logger [(null)] –                             
                            Parameter for Module=10
key=NavigationName,Value=NavHome
key=recordCount,Value=5
key=RB_Geo,Value=[Geo].[Hierarchy].[MARKET].&[TOTAL ENA]
key=RB_Geo_text,Value=TOTAL ENA
key=RB_MarketFilterParent,Value=[Market].[Hierarchy].[All]
key=RB_SubCategoryFilter,Value=[Market].[Hierarchy].[All]
key=RB_Segment,Value=
key=RB_Channel,Value=[Channel].[Channel].[All]
key=RB_SubChannel,Value=[Channel].[SubChannel].[All]
key=RB_PeriodType,Value=[Period].[PeriodTypeName].&[Monthly]
key=RB_Measure,Value=Measures.LCDR
key=RB_Market,Value=[Market].[Hierarchy].[All]
key=RB_Period,Value=[Period].[Hierarchy].[Period].&[MTH01]
key=uncheckedItems,Value=TOTAL MARKET
key=RB_Measure_Type,Value=sales
key=absoluteThousandConversion,Value=Thousand
key=RB_TopCountComGlance,Value=10
key=RB_TopCountBrandGlance,Value=10
key=RB_TopCountSubBrandGlance,Value=10
key=RB_TopCountSKUGlance,Value=10
key=RB_TopCountMoleculeAtaGlance,Value=5
key=RB_ComSnapshotTopCount,Value=5
key=RB_TopCountBrandSnapshot,Value=5
key=RB_TopCountSubBrandSnapshot,Value=5
key=RB_TopCountMoleculeSnapshot,Value=5
key=RB_TopCountSKUSnapshot,Value=5
key=RB_ComTrendTopCount,Value=5
key=RB_TopCountBrandTrend,Value=5
key=RB_TopCountSubBrandTrend,Value=5
key=RB_TopCountMoleculeTrend,Value=5
key=RB_TopCountSKUTrend,Value=5
key=RB_CategoryTrendTopCount,Value=5
key=CurrentNavigationId,Value=navigation1
key=Navigation_Label,Value=Home
key=GuideLevel,Value=JJV-M
key=EmailTemplate,Value=
key=IsIMSUser,Value=false
key=@@navigation,Value=NavHome
key=@@navigation_label,Value=Home
key=@@MarketCategory_text,Value=All RB Categories
key=@@Channel_text,Value=All Channels
key=@@PeriodType_text,Value=Monthly
key=@@Measure_text,Value=$ Value Retail
key=@@MarketSubCategory_text,Value=-na-
key=@@SubChannel_text,Value=All Sub Channels
                            

-----------------------------------------------------------------
                            2015-05-29 19:33:47,592 [21] INFO  IMS.Logger.Logger [(null)] –                             
                            Parameter for Module=3
key=NavigationName,Value=NavHome
key=recordCount,Value=5
key=RB_Geo,Value=[Geo].[Hierarchy].[MARKET].&[TOTAL ENA]
key=RB_Geo_text,Value=TOTAL ENA
key=RB_MarketFilterParent,Value=[Market].[Hierarchy].[All]
key=RB_SubCategoryFilter,Value=[Market].[Hierarchy].[All]
key=RB_Segment,Value=[Market].[Hierarchy].[All]
key=RB_Channel,Value=[Channel].[Channel].[All]
key=RB_SubChannel,Value=[Channel].[SubChannel].[All]
key=RB_PeriodType,Value=[Period].[PeriodTypeName].&[Monthly]
key=RB_Measure,Value=Measures.LCDR
key=RB_Market,Value=[Market].[Hierarchy].[All]
key=RB_Period,Value=[Period].[Hierarchy].[Period].&[MTH01]
key=uncheckedItems,Value=TOTAL MARKET
key=RB_Measure_Type,Value=sales
key=absoluteThousandConversion,Value=Thousand
key=RB_TopCountComGlance,Value=10
key=RB_TopCountBrandGlance,Value=10
key=RB_TopCountSubBrandGlance,Value=10
key=RB_TopCountSKUGlance,Value=10
key=RB_TopCountMoleculeAtaGlance,Value=5
key=RB_ComSnapshotTopCount,Value=5
key=RB_TopCountBrandSnapshot,Value=5
key=RB_TopCountSubBrandSnapshot,Value=5
key=RB_TopCountMoleculeSnapshot,Value=5
key=RB_TopCountSKUSnapshot,Value=5
key=RB_ComTrendTopCount,Value=5
key=RB_TopCountBrandTrend,Value=5
key=RB_TopCountSubBrandTrend,Value=5
key=RB_TopCountMoleculeTrend,Value=5
key=RB_TopCountSKUTrend,Value=5
key=RB_CategoryTrendTopCount,Value=5
key=CurrentNavigationId,Value=navigation1
key=Navigation_Label,Value=Home
key=GuideLevel,Value=JJV-M
key=EmailTemplate,Value=
key=IsIMSUser,Value=true
key=@@navigation,Value=NavHome
key=@@navigation_label,Value=Home
                            

-----------------------------------------------------------------
                            2015-05-29 19:33:49,799 [21] INFO  IMS.Logger.Logger [(null)] –                             
                            Parameter for Module=5
key=NavigationName,Value=NavHome
key=recordCount,Value=5
key=RB_Geo,Value=[Geo].[Hierarchy].[MARKET].&[TOTAL ENA]
key=RB_Geo_text,Value=TOTAL ENA
key=RB_MarketFilterParent,Value=[Market].[Hierarchy].[All]
key=RB_SubCategoryFilter,Value=[Market].[Hierarchy].[All]
key=RB_Segment,Value=[Market].[Hierarchy].[All]
key=RB_Channel,Value=[Channel].[Channel].[All]
key=RB_SubChannel,Value=[Channel].[SubChannel].[All]
key=RB_PeriodType,Value=[Period].[PeriodTypeName].&[Monthly]
key=RB_Measure,Value=Measures.LCDR
key=RB_Market,Value=[Market].[Hierarchy].[All]
key=RB_Period,Value=[Period].[Hierarchy].[Period].&[MTH01]
key=uncheckedItems,Value=TOTAL MARKET
key=RB_Measure_Type,Value=sales
key=absoluteThousandConversion,Value=Thousand
key=RB_TopCountComGlance,Value=10
key=RB_TopCountBrandGlance,Value=10
key=RB_TopCountSubBrandGlance,Value=10
key=RB_TopCountSKUGlance,Value=10
key=RB_TopCountMoleculeAtaGlance,Value=5
key=RB_ComSnapshotTopCount,Value=5
key=RB_TopCountBrandSnapshot,Value=5
key=RB_TopCountSubBrandSnapshot,Value=5
key=RB_TopCountMoleculeSnapshot,Value=5
key=RB_TopCountSKUSnapshot,Value=5
key=RB_ComTrendTopCount,Value=5
key=RB_TopCountBrandTrend,Value=5
key=RB_TopCountSubBrandTrend,Value=5
key=RB_TopCountMoleculeTrend,Value=5
key=RB_TopCountSKUTrend,Value=5
key=RB_CategoryTrendTopCount,Value=5
key=CurrentNavigationId,Value=navigation1
key=Navigation_Label,Value=Home
key=GuideLevel,Value=JJV-M
key=EmailTemplate,Value=
key=IsIMSUser,Value=true
key=@@navigation,Value=NavHome
key=@@navigation_label,Value=Home
key=@@MarketCategory_text,Value=All RB Categories
                            

-----------------------------------------------------------------
                            2015-05-29 19:33:50,627 [21] INFO  IMS.Logger.Logger [(null)] –                             
                            Parameter for Module=8
key=NavigationName,Value=NavHome
key=recordCount,Value=5
key=RB_Geo,Value=[Geo].[Hierarchy].[MARKET].&[TOTAL ENA]
key=RB_Geo_text,Value=TOTAL ENA
key=RB_MarketFilterParent,Value=[Market].[Hierarchy].[All]
key=RB_SubCategoryFilter,Value=[Market].[Hierarchy].[All]
key=RB_Segment,Value=[Market].[Hierarchy].[All]
key=RB_Channel,Value=[Channel].[Channel].[All]
key=RB_SubChannel,Value=[Channel].[SubChannel].[All]
key=RB_PeriodType,Value=[Period].[PeriodTypeName].&[Monthly]
key=RB_Measure,Value=Measures.LCDR
key=RB_Market,Value=[Market].[Hierarchy].[All]
key=RB_Period,Value=[Period].[Hierarchy].[Period].&[MTH01]
key=uncheckedItems,Value=TOTAL MARKET
key=RB_Measure_Type,Value=sales
key=absoluteThousandConversion,Value=Thousand
key=RB_TopCountComGlance,Value=10
key=RB_TopCountBrandGlance,Value=10
key=RB_TopCountSubBrandGlance,Value=10
key=RB_TopCountSKUGlance,Value=10
key=RB_TopCountMoleculeAtaGlance,Value=5
key=RB_ComSnapshotTopCount,Value=5
key=RB_TopCountBrandSnapshot,Value=5
key=RB_TopCountSubBrandSnapshot,Value=5
key=RB_TopCountMoleculeSnapshot,Value=5
key=RB_TopCountSKUSnapshot,Value=5
key=RB_ComTrendTopCount,Value=5
key=RB_TopCountBrandTrend,Value=5
key=RB_TopCountSubBrandTrend,Value=5
key=RB_TopCountMoleculeTrend,Value=5
key=RB_TopCountSKUTrend,Value=5
key=RB_CategoryTrendTopCount,Value=5
key=CurrentNavigationId,Value=navigation1
key=Navigation_Label,Value=Home
key=GuideLevel,Value=JJV-M
key=EmailTemplate,Value=
key=IsIMSUser,Value=true
key=@@navigation,Value=NavHome
key=@@navigation_label,Value=Home
key=@@MarketCategory_text,Value=All RB Categories
key=@@Channel_text,Value=All Channels
                            

-----------------------------------------------------------------
                            2015-05-29 19:33:51,452 [21] INFO  IMS.Logger.Logger [(null)] –                             
                            Parameter for Module=7
key=NavigationName,Value=NavHome
key=recordCount,Value=5
key=RB_Geo,Value=[Geo].[Hierarchy].[MARKET].&[TOTAL ENA]
key=RB_Geo_text,Value=TOTAL ENA
key=RB_MarketFilterParent,Value=[Market].[Hierarchy].[All]
key=RB_SubCategoryFilter,Value=[Market].[Hierarchy].[All]
key=RB_Segment,Value=[Market].[Hierarchy].[All]
key=RB_Channel,Value=[Channel].[Channel].[All]
key=RB_SubChannel,Value=[Channel].[SubChannel].[All]
key=RB_PeriodType,Value=[Period].[PeriodTypeName].&[Monthly]
key=RB_Measure,Value=Measures.LCDR
key=RB_Market,Value=[Market].[Hierarchy].[All]
key=RB_Period,Value=[Period].[Hierarchy].[Period].&[MTH01]
key=uncheckedItems,Value=TOTAL MARKET
key=RB_Measure_Type,Value=sales
key=absoluteThousandConversion,Value=Thousand
key=RB_TopCountComGlance,Value=10
key=RB_TopCountBrandGlance,Value=10
key=RB_TopCountSubBrandGlance,Value=10
key=RB_TopCountSKUGlance,Value=10
key=RB_TopCountMoleculeAtaGlance,Value=5
key=RB_ComSnapshotTopCount,Value=5
key=RB_TopCountBrandSnapshot,Value=5
key=RB_TopCountSubBrandSnapshot,Value=5
key=RB_TopCountMoleculeSnapshot,Value=5
key=RB_TopCountSKUSnapshot,Value=5
key=RB_ComTrendTopCount,Value=5
key=RB_TopCountBrandTrend,Value=5
key=RB_TopCountSubBrandTrend,Value=5
key=RB_TopCountMoleculeTrend,Value=5
key=RB_TopCountSKUTrend,Value=5
key=RB_CategoryTrendTopCount,Value=5
key=CurrentNavigationId,Value=navigation1
key=Navigation_Label,Value=Home
key=GuideLevel,Value=JJV-M
key=EmailTemplate,Value=
key=IsIMSUser,Value=true
key=@@navigation,Value=NavHome
key=@@navigation_label,Value=Home
key=@@MarketCategory_text,Value=All RB Categories
key=@@Channel_text,Value=All Channels
key=@@PeriodType_text,Value=Monthly
                            

-----------------------------------------------------------------
                            2015-05-29 19:33:52,276 [21] INFO  IMS.Logger.Logger [(null)] –                             
                            Parameter for Module=4
key=NavigationName,Value=NavHome
key=recordCount,Value=5
key=RB_Geo,Value=[Geo].[Hierarchy].[MARKET].&[TOTAL ENA]
key=RB_Geo_text,Value=TOTAL ENA
key=RB_MarketFilterParent,Value=[Market].[Hierarchy].[All]
key=RB_SubCategoryFilter,Value=[Market].[Hierarchy].[All]
key=RB_Segment,Value=[Market].[Hierarchy].[All]
key=RB_Channel,Value=[Channel].[Channel].[All]
key=RB_SubChannel,Value=[Channel].[SubChannel].[All]
key=RB_PeriodType,Value=[Period].[PeriodTypeName].&[Monthly]
key=RB_Measure,Value=Measures.LCDR
key=RB_Market,Value=[Market].[Hierarchy].[All]
key=RB_Period,Value=[Period].[Hierarchy].[Period].&[MTH01]
key=uncheckedItems,Value=TOTAL MARKET
key=RB_Measure_Type,Value=sales
key=absoluteThousandConversion,Value=Thousand
key=RB_TopCountComGlance,Value=10
key=RB_TopCountBrandGlance,Value=10
key=RB_TopCountSubBrandGlance,Value=10
key=RB_TopCountSKUGlance,Value=10
key=RB_TopCountMoleculeAtaGlance,Value=5
key=RB_ComSnapshotTopCount,Value=5
key=RB_TopCountBrandSnapshot,Value=5
key=RB_TopCountSubBrandSnapshot,Value=5
key=RB_TopCountMoleculeSnapshot,Value=5
key=RB_TopCountSKUSnapshot,Value=5
key=RB_ComTrendTopCount,Value=5
key=RB_TopCountBrandTrend,Value=5
key=RB_TopCountSubBrandTrend,Value=5
key=RB_TopCountMoleculeTrend,Value=5
key=RB_TopCountSKUTrend,Value=5
key=RB_CategoryTrendTopCount,Value=5
key=CurrentNavigationId,Value=navigation1
key=Navigation_Label,Value=Home
key=GuideLevel,Value=JJV-M
key=EmailTemplate,Value=
key=IsIMSUser,Value=true
key=@@navigation,Value=NavHome
key=@@navigation_label,Value=Home
key=@@MarketCategory_text,Value=All RB Categories
key=@@Channel_text,Value=All Channels
key=@@PeriodType_text,Value=Monthly
key=@@Measure_text,Value=$ Value Retail
                            

-----------------------------------------------------------------
                            2015-05-29 19:33:53,103 [21] INFO  IMS.Logger.Logger [(null)] –                             
                            Parameter for Module=6
key=NavigationName,Value=NavHome
key=recordCount,Value=5
key=RB_Geo,Value=[Geo].[Hierarchy].[MARKET].&[TOTAL ENA]
key=RB_Geo_text,Value=TOTAL ENA
key=RB_MarketFilterParent,Value=[Market].[Hierarchy].[All]
key=RB_SubCategoryFilter,Value=[Market].[Hierarchy].[All]
key=RB_Segment,Value=[Market].[Hierarchy].[All]
key=RB_Channel,Value=[Channel].[Channel].[All]
key=RB_SubChannel,Value=[Channel].[SubChannel].[All]
key=RB_PeriodType,Value=[Period].[PeriodTypeName].&[Monthly]
key=RB_Measure,Value=Measures.LCDR
key=RB_Market,Value=[Market].[Hierarchy].[All]
key=RB_Period,Value=[Period].[Hierarchy].[Period].&[MTH01]
key=uncheckedItems,Value=TOTAL MARKET
key=RB_Measure_Type,Value=sales
key=absoluteThousandConversion,Value=Thousand
key=RB_TopCountComGlance,Value=10
key=RB_TopCountBrandGlance,Value=10
key=RB_TopCountSubBrandGlance,Value=10
key=RB_TopCountSKUGlance,Value=10
key=RB_TopCountMoleculeAtaGlance,Value=5
key=RB_ComSnapshotTopCount,Value=5
key=RB_TopCountBrandSnapshot,Value=5
key=RB_TopCountSubBrandSnapshot,Value=5
key=RB_TopCountMoleculeSnapshot,Value=5
key=RB_TopCountSKUSnapshot,Value=5
key=RB_ComTrendTopCount,Value=5
key=RB_TopCountBrandTrend,Value=5
key=RB_TopCountSubBrandTrend,Value=5
key=RB_TopCountMoleculeTrend,Value=5
key=RB_TopCountSKUTrend,Value=5
key=RB_CategoryTrendTopCount,Value=5
key=CurrentNavigationId,Value=navigation1
key=Navigation_Label,Value=Home
key=GuideLevel,Value=JJV-M
key=EmailTemplate,Value=
key=IsIMSUser,Value=true
key=@@navigation,Value=NavHome
key=@@navigation_label,Value=Home
key=@@MarketCategory_text,Value=All RB Categories
key=@@Channel_text,Value=All Channels
key=@@PeriodType_text,Value=Monthly
key=@@Measure_text,Value=$ Value Retail
key=@@MarketSubCategory_text,Value=-na-
                            

-----------------------------------------------------------------
                            2015-05-29 19:34:14,453 [21] ERROR IMS.Logger.Logger [(null)] –                             
                            Could not connect to net.tcp://cdtsweb345d:9010/CubeDataService. The connection attempt lasted for a time span of 00:00:21.2061204. TCP error code 10060: A connection attempt failed because the connected party did not properly respond after a period of time, or established connection failed because connected host has failed to respond 162.44.15.76:9010.                             

-----------------------------------------------------------------
                            2015-05-29 19:34:19,430 [8] FATAL IMS.Logger.Logger [(null)] –                             
                            Exception has been thrown by the target of an invocation.                            

System.Reflection.TargetInvocationException: Exception has been thrown by the target of an invocation. ---> DashboardFramework.FilterValueLoadException: Error in loading filter values. Filter name: SubChannel
Detail: 
System.NullReferenceException: Object reference not set to an instance of an object.
   at Dashboard.DataComponents.Transformers.CubeDataToDictionaryTransformer.GetData() in d:\MerckSeronoDashboard\Dashboard\DataComponents\Transformers\CubeDataToDictionaryTransformer.cs:line 25
   at DashboardFramework.DataFlow.TransformerComponent.GetData(IReadOnlyDictionary`2 parameters, Object inputData)
   at DashboardFramework.DataFlow.DataFlow`1.GetData(IReadOnlyDictionary`2 parameters)
   at DashboardFramework.Filter`1.LoadValues()
   at DashboardFramework.Filter`1.LoadValues()
   at DashboardFramework.StateManagement.CommandGenerators.SingleFilterLoad.GetLoadValuesCommand()
   at DashboardFramework.StateManagement.CommandGenerators.SingleFilterLoad.GetCommands()
   at DashboardFramework.StateManagement.CommandGenerators.FilterAndWidgetContainerLoad.GetSingleFilterCommands(IFilter filter)
   at System.Linq.Enumerable.<SelectManyIterator>d__14`2.MoveNext()
   at System.Collections.Generic.List`1.InsertRange(Int32 index, IEnumerable`1 collection)
   at System.Collections.Generic.List`1.AddRange(IEnumerable`1 collection)
   at DashboardFramework.StateManagement.CommandGenerators.FilterAndWidgetContainerLoad.GetCommands()
   at DashboardFramework.StateManagement.CommandGenerators.DashboardLoad.GetCommands()
   at DashboardFramework.StateManagement.StateManager.LoadDashboard(Boolean fullLoad, String navName, Dictionary`2 parameters)
   at DashboardFramework.StateManagement.StateManager.Init(DashboardState state)
   at DashboardFramework.StateManagement.StateManager.Init(String stateString)
   --- End of inner exception stack trace ---
   at System.RuntimeMethodHandle.InvokeMethod(Object target, Object[] arguments, Signature sig, Boolean constructor)
   at System.Reflection.RuntimeMethodInfo.UnsafeInvokeInternal(Object obj, Object[] parameters, Object[] arguments)
   at System.Reflection.RuntimeMethodInfo.Invoke(Object obj, BindingFlags invokeAttr, Binder binder, Object[] parameters, CultureInfo culture)
   at System.Reflection.MethodBase.Invoke(Object obj, Object[] parameters)
   at DashboardFramework.Web.Helpers.MethodInvokeInfo.Invoke(DashboardController dashboardController, StateManager stateManager, Object[] parameters)
   at DashboardFramework.Web.Controllers.DashboardController.InvokeMethod(HandleActionParams handleActionParams)
   at DashboardFramework.Web.Controllers.DashboardController.HandleAction(HandleActionParams handleActionParams)
