-----------------------------------------------------------------
                            2015-03-25 13:25:04,091 [8] INFO  IMS.Logger.Logger [(null)] –                             
                            Parameter for Module=3
key=NavigationName,Value=NavHome
key=recordCount,Value=5
key=RB_Geo,Value=[Geo].[Hierarchy].[MARKET].&[TOTAL ENA]
key=RB_Geo_text,Value=TOTAL ENA
key=RB_MarketFilterParent,Value=[Market].[Hierarchy].[All]
key=RB_SubCategoryFilter,Value=[Market].[Hierarchy].[All]
key=RB_Segment,Value=
key=RB_Channel,Value=[Channel].[Channel].[All]
key=RB_SubChannel,Value=
key=RB_PeriodType,Value=
key=RB_Measure,Value=
key=RB_Market,Value=[Market].[Hierarchy].[All]
key=RB_Period,Value=[Period].[Hierarchy].[Period].&[MTH01]
key=uncheckedItems,Value=TOTAL MARKET
key=RB_Measure_Type,Value=sales
key=absoluteThousandConversion,Value=Absolute
key=RB_TopCountComGlance,Value=5
key=RB_TopCountBrandGlance,Value=5
key=RB_TopCountSubBrandGlance,Value=5
key=RB_TopCountSKUGlance,Value=5
key=RB_TopCountMoleculeAtaGlance,Value=5
key=RB_ComSnapshotTopCount,Value=5
key=RB_TopCountBrandSnapshot,Value=5
key=RB_TopCountSubBrandSnapshot,Value=5
key=RB_TopCountMoleculeSnapshot,Value=5
key=RB_TopCountSKUSnapshot,Value=5
key=RB_ComTrendTopCount,Value=5
key=RB_TopCountBrandTrend,Value=5
key=RB_TopCountSubBrandTrend,Value=5
key=RB_TopCountMoleculeTrend,Value=5
key=RB_TopCountSKUTrend,Value=5
key=RB_CategoryTrendTopCount,Value=5
key=CurrentNavigationId,Value=navigation1
key=Navigation_Label,Value=Home
key=GuideLevel,Value=JJV-M
key=EmailTemplate,Value=
key=IsIMSUser,Value=false
key=@@navigation,Value=NavHome
key=@@navigation_label,Value=Home
                            

-----------------------------------------------------------------
                            2015-03-25 13:25:04,325 [8] INFO  IMS.Logger.Logger [(null)] –                             
                            Parameter for Module=8
key=NavigationName,Value=NavHome
key=recordCount,Value=5
key=RB_Geo,Value=[Geo].[Hierarchy].[MARKET].&[TOTAL ENA]
key=RB_Geo_text,Value=TOTAL ENA
key=RB_MarketFilterParent,Value=[Market].[Hierarchy].[All]
key=RB_SubCategoryFilter,Value=[Market].[Hierarchy].[All]
key=RB_Segment,Value=
key=RB_Channel,Value=[Channel].[Channel].[All]
key=RB_SubChannel,Value=
key=RB_PeriodType,Value=
key=RB_Measure,Value=
key=RB_Market,Value=[Market].[Hierarchy].[All]
key=RB_Period,Value=[Period].[Hierarchy].[Period].&[MTH01]
key=uncheckedItems,Value=TOTAL MARKET
key=RB_Measure_Type,Value=sales
key=absoluteThousandConversion,Value=Absolute
key=RB_TopCountComGlance,Value=5
key=RB_TopCountBrandGlance,Value=5
key=RB_TopCountSubBrandGlance,Value=5
key=RB_TopCountSKUGlance,Value=5
key=RB_TopCountMoleculeAtaGlance,Value=5
key=RB_ComSnapshotTopCount,Value=5
key=RB_TopCountBrandSnapshot,Value=5
key=RB_TopCountSubBrandSnapshot,Value=5
key=RB_TopCountMoleculeSnapshot,Value=5
key=RB_TopCountSKUSnapshot,Value=5
key=RB_ComTrendTopCount,Value=5
key=RB_TopCountBrandTrend,Value=5
key=RB_TopCountSubBrandTrend,Value=5
key=RB_TopCountMoleculeTrend,Value=5
key=RB_TopCountSKUTrend,Value=5
key=RB_CategoryTrendTopCount,Value=5
key=CurrentNavigationId,Value=navigation1
key=Navigation_Label,Value=Home
key=GuideLevel,Value=JJV-M
key=EmailTemplate,Value=
key=IsIMSUser,Value=false
key=@@navigation,Value=NavHome
key=@@navigation_label,Value=Home
key=@@MarketCategory_text,Value=All RB Categories
                            

-----------------------------------------------------------------
                            2015-03-25 13:25:04,354 [8] INFO  IMS.Logger.Logger [(null)] –                             
                            Parameter for Module=7
key=NavigationName,Value=NavHome
key=recordCount,Value=5
key=RB_Geo,Value=[Geo].[Hierarchy].[MARKET].&[TOTAL ENA]
key=RB_Geo_text,Value=TOTAL ENA
key=RB_MarketFilterParent,Value=[Market].[Hierarchy].[All]
key=RB_SubCategoryFilter,Value=[Market].[Hierarchy].[All]
key=RB_Segment,Value=
key=RB_Channel,Value=[Channel].[Channel].[All]
key=RB_SubChannel,Value=
key=RB_PeriodType,Value=[Period].[PeriodTypeName].&[Monthly]
key=RB_Measure,Value=
key=RB_Market,Value=[Market].[Hierarchy].[All]
key=RB_Period,Value=[Period].[Hierarchy].[Period].&[MTH01]
key=uncheckedItems,Value=TOTAL MARKET
key=RB_Measure_Type,Value=sales
key=absoluteThousandConversion,Value=Absolute
key=RB_TopCountComGlance,Value=5
key=RB_TopCountBrandGlance,Value=5
key=RB_TopCountSubBrandGlance,Value=5
key=RB_TopCountSKUGlance,Value=5
key=RB_TopCountMoleculeAtaGlance,Value=5
key=RB_ComSnapshotTopCount,Value=5
key=RB_TopCountBrandSnapshot,Value=5
key=RB_TopCountSubBrandSnapshot,Value=5
key=RB_TopCountMoleculeSnapshot,Value=5
key=RB_TopCountSKUSnapshot,Value=5
key=RB_ComTrendTopCount,Value=5
key=RB_TopCountBrandTrend,Value=5
key=RB_TopCountSubBrandTrend,Value=5
key=RB_TopCountMoleculeTrend,Value=5
key=RB_TopCountSKUTrend,Value=5
key=RB_CategoryTrendTopCount,Value=5
key=CurrentNavigationId,Value=navigation1
key=Navigation_Label,Value=Home
key=GuideLevel,Value=JJV-M
key=EmailTemplate,Value=
key=IsIMSUser,Value=false
key=@@navigation,Value=NavHome
key=@@navigation_label,Value=Home
key=@@MarketCategory_text,Value=All RB Categories
key=@@PeriodType_text,Value=Monthly
                            

-----------------------------------------------------------------
                            2015-03-25 13:25:04,413 [8] INFO  IMS.Logger.Logger [(null)] –                             
                            Parameter for Module=4
key=NavigationName,Value=NavHome
key=recordCount,Value=5
key=RB_Geo,Value=[Geo].[Hierarchy].[MARKET].&[TOTAL ENA]
key=RB_Geo_text,Value=TOTAL ENA
key=RB_MarketFilterParent,Value=[Market].[Hierarchy].[All]
key=RB_SubCategoryFilter,Value=[Market].[Hierarchy].[All]
key=RB_Segment,Value=
key=RB_Channel,Value=[Channel].[Channel].[All]
key=RB_SubChannel,Value=
key=RB_PeriodType,Value=[Period].[PeriodTypeName].&[Monthly]
key=RB_Measure,Value=Measures.LCDR
key=RB_Market,Value=[Market].[Hierarchy].[All]
key=RB_Period,Value=[Period].[Hierarchy].[Period].&[MTH01]
key=uncheckedItems,Value=TOTAL MARKET
key=RB_Measure_Type,Value=sales
key=absoluteThousandConversion,Value=Absolute
key=RB_TopCountComGlance,Value=5
key=RB_TopCountBrandGlance,Value=5
key=RB_TopCountSubBrandGlance,Value=5
key=RB_TopCountSKUGlance,Value=5
key=RB_TopCountMoleculeAtaGlance,Value=5
key=RB_ComSnapshotTopCount,Value=5
key=RB_TopCountBrandSnapshot,Value=5
key=RB_TopCountSubBrandSnapshot,Value=5
key=RB_TopCountMoleculeSnapshot,Value=5
key=RB_TopCountSKUSnapshot,Value=5
key=RB_ComTrendTopCount,Value=5
key=RB_TopCountBrandTrend,Value=5
key=RB_TopCountSubBrandTrend,Value=5
key=RB_TopCountMoleculeTrend,Value=5
key=RB_TopCountSKUTrend,Value=5
key=RB_CategoryTrendTopCount,Value=5
key=CurrentNavigationId,Value=navigation1
key=Navigation_Label,Value=Home
key=GuideLevel,Value=JJV-M
key=EmailTemplate,Value=
key=IsIMSUser,Value=false
key=@@navigation,Value=NavHome
key=@@navigation_label,Value=Home
key=@@MarketCategory_text,Value=All RB Categories
key=@@PeriodType_text,Value=Monthly
key=@@Measure_text,Value=$ Value Retail
                            

-----------------------------------------------------------------
                            2015-03-25 13:25:04,500 [8] INFO  IMS.Logger.Logger [(null)] –                             
                            Parameter for Module=10
key=NavigationName,Value=NavHome
key=recordCount,Value=5
key=RB_Geo,Value=[Geo].[Hierarchy].[MARKET].&[TOTAL ENA]
key=RB_Geo_text,Value=TOTAL ENA
key=RB_MarketFilterParent,Value=[Market].[Hierarchy].[All]
key=RB_SubCategoryFilter,Value=[Market].[Hierarchy].[All]
key=RB_Segment,Value=
key=RB_Channel,Value=[Channel].[Channel].[All]
key=RB_SubChannel,Value=
key=RB_PeriodType,Value=[Period].[PeriodTypeName].&[Monthly]
key=RB_Measure,Value=Measures.LCDR
key=RB_Market,Value=[Market].[Hierarchy].[All]
key=RB_Period,Value=[Period].[Hierarchy].[Period].&[MTH01]
key=uncheckedItems,Value=TOTAL MARKET
key=RB_Measure_Type,Value=sales
key=absoluteThousandConversion,Value=Absolute
key=RB_TopCountComGlance,Value=5
key=RB_TopCountBrandGlance,Value=5
key=RB_TopCountSubBrandGlance,Value=5
key=RB_TopCountSKUGlance,Value=5
key=RB_TopCountMoleculeAtaGlance,Value=5
key=RB_ComSnapshotTopCount,Value=5
key=RB_TopCountBrandSnapshot,Value=5
key=RB_TopCountSubBrandSnapshot,Value=5
key=RB_TopCountMoleculeSnapshot,Value=5
key=RB_TopCountSKUSnapshot,Value=5
key=RB_ComTrendTopCount,Value=5
key=RB_TopCountBrandTrend,Value=5
key=RB_TopCountSubBrandTrend,Value=5
key=RB_TopCountMoleculeTrend,Value=5
key=RB_TopCountSKUTrend,Value=5
key=RB_CategoryTrendTopCount,Value=5
key=CurrentNavigationId,Value=navigation1
key=Navigation_Label,Value=Home
key=GuideLevel,Value=JJV-M
key=EmailTemplate,Value=
key=IsIMSUser,Value=false
key=@@navigation,Value=NavHome
key=@@navigation_label,Value=Home
key=@@MarketCategory_text,Value=All RB Categories
key=@@PeriodType_text,Value=Monthly
key=@@Measure_text,Value=$ Value Retail
key=@@MarketSubCategory_text,Value=-na-
                            

-----------------------------------------------------------------
                            2015-03-25 13:25:04,557 [8] INFO  IMS.Logger.Logger [(null)] –                             
                            Parameter for Module=5
key=NavigationName,Value=NavHome
key=recordCount,Value=5
key=RB_Geo,Value=[Geo].[Hierarchy].[MARKET].&[TOTAL ENA]
key=RB_Geo_text,Value=TOTAL ENA
key=RB_MarketFilterParent,Value=[Market].[Hierarchy].[All]
key=RB_SubCategoryFilter,Value=[Market].[Hierarchy].[All]
key=RB_Segment,Value=[Market].[Hierarchy].[All]
key=RB_Channel,Value=[Channel].[Channel].[All]
key=RB_SubChannel,Value=
key=RB_PeriodType,Value=[Period].[PeriodTypeName].&[Monthly]
key=RB_Measure,Value=Measures.LCDR
key=RB_Market,Value=[Market].[Hierarchy].[All]
key=RB_Period,Value=[Period].[Hierarchy].[Period].&[MTH01]
key=uncheckedItems,Value=TOTAL MARKET
key=RB_Measure_Type,Value=sales
key=absoluteThousandConversion,Value=Absolute
key=RB_TopCountComGlance,Value=5
key=RB_TopCountBrandGlance,Value=5
key=RB_TopCountSubBrandGlance,Value=5
key=RB_TopCountSKUGlance,Value=5
key=RB_TopCountMoleculeAtaGlance,Value=5
key=RB_ComSnapshotTopCount,Value=5
key=RB_TopCountBrandSnapshot,Value=5
key=RB_TopCountSubBrandSnapshot,Value=5
key=RB_TopCountMoleculeSnapshot,Value=5
key=RB_TopCountSKUSnapshot,Value=5
key=RB_ComTrendTopCount,Value=5
key=RB_TopCountBrandTrend,Value=5
key=RB_TopCountSubBrandTrend,Value=5
key=RB_TopCountMoleculeTrend,Value=5
key=RB_TopCountSKUTrend,Value=5
key=RB_CategoryTrendTopCount,Value=5
key=CurrentNavigationId,Value=navigation1
key=Navigation_Label,Value=Home
key=GuideLevel,Value=JJV-M
key=EmailTemplate,Value=
key=IsIMSUser,Value=false
key=@@navigation,Value=NavHome
key=@@navigation_label,Value=Home
key=@@MarketCategory_text,Value=All RB Categories
key=@@PeriodType_text,Value=Monthly
key=@@Measure_text,Value=$ Value Retail
key=@@MarketSubCategory_text,Value=-na-
key=@@Segment_text,Value=-na-
key=@@HiddenMarket_text,Value=[Market].[Hierarchy].[All]
                            

-----------------------------------------------------------------
                            2015-03-25 13:25:04,605 [8] INFO  IMS.Logger.Logger [(null)] –                             
                            Parameter for Module=6
key=NavigationName,Value=NavHome
key=recordCount,Value=5
key=RB_Geo,Value=[Geo].[Hierarchy].[MARKET].&[TOTAL ENA]
key=RB_Geo_text,Value=TOTAL ENA
key=RB_MarketFilterParent,Value=[Market].[Hierarchy].[All]
key=RB_SubCategoryFilter,Value=[Market].[Hierarchy].[All]
key=RB_Segment,Value=[Market].[Hierarchy].[All]
key=RB_Channel,Value=[Channel].[Channel].[All]
key=RB_SubChannel,Value=
key=RB_PeriodType,Value=[Period].[PeriodTypeName].&[Monthly]
key=RB_Measure,Value=Measures.LCDR
key=RB_Market,Value=[Market].[Hierarchy].[All]
key=RB_Period,Value=[Period].[Hierarchy].[Period].&[MTH01]
key=uncheckedItems,Value=TOTAL MARKET
key=RB_Measure_Type,Value=sales
key=absoluteThousandConversion,Value=Absolute
key=RB_TopCountComGlance,Value=5
key=RB_TopCountBrandGlance,Value=5
key=RB_TopCountSubBrandGlance,Value=5
key=RB_TopCountSKUGlance,Value=5
key=RB_TopCountMoleculeAtaGlance,Value=5
key=RB_ComSnapshotTopCount,Value=5
key=RB_TopCountBrandSnapshot,Value=5
key=RB_TopCountSubBrandSnapshot,Value=5
key=RB_TopCountMoleculeSnapshot,Value=5
key=RB_TopCountSKUSnapshot,Value=5
key=RB_ComTrendTopCount,Value=5
key=RB_TopCountBrandTrend,Value=5
key=RB_TopCountSubBrandTrend,Value=5
key=RB_TopCountMoleculeTrend,Value=5
key=RB_TopCountSKUTrend,Value=5
key=RB_CategoryTrendTopCount,Value=5
key=CurrentNavigationId,Value=navigation1
key=Navigation_Label,Value=Home
key=GuideLevel,Value=JJV-M
key=EmailTemplate,Value=
key=IsIMSUser,Value=false
key=@@navigation,Value=NavHome
key=@@navigation_label,Value=Home
key=@@MarketCategory_text,Value=All RB Categories
key=@@PeriodType_text,Value=Monthly
key=@@Measure_text,Value=$ Value Retail
key=@@MarketSubCategory_text,Value=-na-
key=@@Segment_text,Value=-na-
key=@@HiddenMarket_text,Value=[Market].[Hierarchy].[All]
key=@@Channel_text,Value=All Channels
                            

-----------------------------------------------------------------
                            2015-03-25 13:25:04,616 [8] INFO  IMS.Logger.Logger [(null)] –                             
                            Parameter for Module=9
key=NavigationName,Value=NavHome
key=recordCount,Value=5
key=RB_Geo,Value=[Geo].[Hierarchy].[MARKET].&[TOTAL ENA]
key=RB_Geo_text,Value=TOTAL ENA
key=RB_MarketFilterParent,Value=[Market].[Hierarchy].[All]
key=RB_SubCategoryFilter,Value=[Market].[Hierarchy].[All]
key=RB_Segment,Value=[Market].[Hierarchy].[All]
key=RB_Channel,Value=[Channel].[Channel].[All]
key=RB_SubChannel,Value=[Channel].[SubChannel].[All]
key=RB_PeriodType,Value=[Period].[PeriodTypeName].&[Monthly]
key=RB_Measure,Value=Measures.LCDR
key=RB_Market,Value=[Market].[Hierarchy].[All]
key=RB_Period,Value=[Period].[Hierarchy].[Period].&[MTH01]
key=uncheckedItems,Value=TOTAL MARKET
key=RB_Measure_Type,Value=sales
key=absoluteThousandConversion,Value=Absolute
key=RB_TopCountComGlance,Value=5
key=RB_TopCountBrandGlance,Value=5
key=RB_TopCountSubBrandGlance,Value=5
key=RB_TopCountSKUGlance,Value=5
key=RB_TopCountMoleculeAtaGlance,Value=5
key=RB_ComSnapshotTopCount,Value=5
key=RB_TopCountBrandSnapshot,Value=5
key=RB_TopCountSubBrandSnapshot,Value=5
key=RB_TopCountMoleculeSnapshot,Value=5
key=RB_TopCountSKUSnapshot,Value=5
key=RB_ComTrendTopCount,Value=5
key=RB_TopCountBrandTrend,Value=5
key=RB_TopCountSubBrandTrend,Value=5
key=RB_TopCountMoleculeTrend,Value=5
key=RB_TopCountSKUTrend,Value=5
key=RB_CategoryTrendTopCount,Value=5
key=CurrentNavigationId,Value=navigation1
key=Navigation_Label,Value=Home
key=GuideLevel,Value=JJV-M
key=EmailTemplate,Value=
key=IsIMSUser,Value=false
key=@@navigation,Value=NavHome
key=@@navigation_label,Value=Home
key=@@MarketCategory_text,Value=All RB Categories
key=@@PeriodType_text,Value=Monthly
key=@@Measure_text,Value=$ Value Retail
key=@@MarketSubCategory_text,Value=-na-
key=@@Segment_text,Value=-na-
key=@@HiddenMarket_text,Value=[Market].[Hierarchy].[All]
key=@@Channel_text,Value=All Channels
key=@@SubChannel_text,Value=All Sub Channels
                            

-----------------------------------------------------------------
                            2015-03-25 13:25:06,836 [8] INFO  IMS.Logger.Logger [(null)] –                             
                            Parameter for Module=1
key=NavigationName,Value=NavHome
key=recordCount,Value=5
key=RB_Geo,Value=[Geo].[Hierarchy].[MARKET].&[TOTAL ENA]
key=RB_Geo_text,Value=TOTAL ENA
key=RB_MarketFilterParent,Value=[Market].[Hierarchy].[All]
key=RB_SubCategoryFilter,Value=[Market].[Hierarchy].[All]
key=RB_Segment,Value=[Market].[Hierarchy].[All]
key=RB_Channel,Value=[Channel].[Channel].[All]
key=RB_SubChannel,Value=[Channel].[SubChannel].[All]
key=RB_PeriodType,Value=[Period].[PeriodTypeName].&[Monthly]
key=RB_Measure,Value=Measures.LCDR
key=RB_Market,Value=[Market].[Hierarchy].[All]
key=RB_Period,Value=[Period].[Hierarchy].[Period].&[MTH01]
key=uncheckedItems,Value=TOTAL MARKET
key=RB_Measure_Type,Value=sales
key=absoluteThousandConversion,Value=Absolute
key=RB_TopCountComGlance,Value=5
key=RB_TopCountBrandGlance,Value=5
key=RB_TopCountSubBrandGlance,Value=5
key=RB_TopCountSKUGlance,Value=5
key=RB_TopCountMoleculeAtaGlance,Value=5
key=RB_ComSnapshotTopCount,Value=5
key=RB_TopCountBrandSnapshot,Value=5
key=RB_TopCountSubBrandSnapshot,Value=5
key=RB_TopCountMoleculeSnapshot,Value=5
key=RB_TopCountSKUSnapshot,Value=5
key=RB_ComTrendTopCount,Value=5
key=RB_TopCountBrandTrend,Value=5
key=RB_TopCountSubBrandTrend,Value=5
key=RB_TopCountMoleculeTrend,Value=5
key=RB_TopCountSKUTrend,Value=5
key=RB_CategoryTrendTopCount,Value=5
key=CurrentNavigationId,Value=navigation1
key=Navigation_Label,Value=Home
key=GuideLevel,Value=JJV-M
key=EmailTemplate,Value=
key=IsIMSUser,Value=true
key=@@navigation,Value=NavHome
key=@@navigation_label,Value=Home
key=@@MarketCategory_text,Value=All RB Categories
key=@@PeriodType_text,Value=Monthly
key=@@Measure_text,Value=$ Value Retail
key=@@MarketSubCategory_text,Value=-na-
key=@@Segment_text,Value=-na-
key=@@HiddenMarket_text,Value=[Market].[Hierarchy].[All]
key=@@Channel_text,Value=All Channels
key=@@SubChannel_text,Value=All Sub Channels
key=@@Period_text,Value=Jan 2015
                            

-----------------------------------------------------------------
                            2015-03-25 13:25:06,894 [8] INFO  IMS.Logger.Logger [(null)] –                             
                            Parameter for Module=2
key=NavigationName,Value=NavHome
key=recordCount,Value=5
key=RB_Geo,Value=[Geo].[Hierarchy].[MARKET].&[TOTAL ENA]
key=RB_Geo_text,Value=TOTAL ENA
key=RB_MarketFilterParent,Value=[Market].[Hierarchy].[All]
key=RB_SubCategoryFilter,Value=[Market].[Hierarchy].[All]
key=RB_Segment,Value=[Market].[Hierarchy].[All]
key=RB_Channel,Value=[Channel].[Channel].[All]
key=RB_SubChannel,Value=[Channel].[SubChannel].[All]
key=RB_PeriodType,Value=[Period].[PeriodTypeName].&[Monthly]
key=RB_Measure,Value=Measures.LCDR
key=RB_Market,Value=[Market].[Hierarchy].[All]
key=RB_Period,Value=[Period].[Hierarchy].[Period].&[MTH01]
key=uncheckedItems,Value=TOTAL MARKET
key=RB_Measure_Type,Value=sales
key=absoluteThousandConversion,Value=Absolute
key=RB_TopCountComGlance,Value=5
key=RB_TopCountBrandGlance,Value=5
key=RB_TopCountSubBrandGlance,Value=5
key=RB_TopCountSKUGlance,Value=5
key=RB_TopCountMoleculeAtaGlance,Value=5
key=RB_ComSnapshotTopCount,Value=5
key=RB_TopCountBrandSnapshot,Value=5
key=RB_TopCountSubBrandSnapshot,Value=5
key=RB_TopCountMoleculeSnapshot,Value=5
key=RB_TopCountSKUSnapshot,Value=5
key=RB_ComTrendTopCount,Value=5
key=RB_TopCountBrandTrend,Value=5
key=RB_TopCountSubBrandTrend,Value=5
key=RB_TopCountMoleculeTrend,Value=5
key=RB_TopCountSKUTrend,Value=5
key=RB_CategoryTrendTopCount,Value=5
key=CurrentNavigationId,Value=navigation1
key=Navigation_Label,Value=Home
key=GuideLevel,Value=JJV-M
key=EmailTemplate,Value=
key=IsIMSUser,Value=true
key=@@navigation,Value=NavHome
key=@@navigation_label,Value=Home
key=@@MarketCategory_text,Value=All RB Categories
key=@@PeriodType_text,Value=Monthly
key=@@Measure_text,Value=$ Value Retail
key=@@MarketSubCategory_text,Value=-na-
key=@@Segment_text,Value=-na-
key=@@HiddenMarket_text,Value=[Market].[Hierarchy].[All]
key=@@Channel_text,Value=All Channels
key=@@SubChannel_text,Value=All Sub Channels
key=@@Period_text,Value=Jan 2015
                            

-----------------------------------------------------------------
                            2015-03-25 13:25:08,975 [8] INFO  IMS.Logger.Logger [(null)] –                             
                            Parameter for Module=103
key=NavigationName,Value=NavHome
key=recordCount,Value=5
key=RB_Geo,Value=[Geo].[Hierarchy].[MARKET].&[TOTAL ENA]
key=RB_Geo_text,Value=TOTAL ENA
key=RB_MarketFilterParent,Value=[Market].[Hierarchy].[All]
key=RB_SubCategoryFilter,Value=[Market].[Hierarchy].[All]
key=RB_Segment,Value=[Market].[Hierarchy].[All]
key=RB_Channel,Value=[Channel].[Channel].[All]
key=RB_SubChannel,Value=[Channel].[SubChannel].[All]
key=RB_PeriodType,Value=[Period].[PeriodTypeName].&[Monthly]
key=RB_Measure,Value=Measures.LCDR
key=RB_Market,Value=[Market].[Hierarchy].[All]
key=RB_Period,Value=[Period].[Hierarchy].[Period].&[MTH01]
key=uncheckedItems,Value=TOTAL MARKET
key=RB_Measure_Type,Value=sales
key=absoluteThousandConversion,Value=Absolute
key=RB_TopCountComGlance,Value=5
key=RB_TopCountBrandGlance,Value=5
key=RB_TopCountSubBrandGlance,Value=5
key=RB_TopCountSKUGlance,Value=5
key=RB_TopCountMoleculeAtaGlance,Value=5
key=RB_ComSnapshotTopCount,Value=5
key=RB_TopCountBrandSnapshot,Value=5
key=RB_TopCountSubBrandSnapshot,Value=5
key=RB_TopCountMoleculeSnapshot,Value=5
key=RB_TopCountSKUSnapshot,Value=5
key=RB_ComTrendTopCount,Value=5
key=RB_TopCountBrandTrend,Value=5
key=RB_TopCountSubBrandTrend,Value=5
key=RB_TopCountMoleculeTrend,Value=5
key=RB_TopCountSKUTrend,Value=5
key=RB_CategoryTrendTopCount,Value=5
key=CurrentNavigationId,Value=navigation1
key=Navigation_Label,Value=Home
key=GuideLevel,Value=JJV-M
key=EmailTemplate,Value=
key=IsIMSUser,Value=true
key=@@navigation,Value=NavHome
key=@@navigation_label,Value=Home
key=@@MarketCategory_text,Value=All RB Categories
key=@@PeriodType_text,Value=Monthly
key=@@Measure_text,Value=$ Value Retail
key=@@MarketSubCategory_text,Value=-na-
key=@@Segment_text,Value=-na-
key=@@HiddenMarket_text,Value=[Market].[Hierarchy].[All]
key=@@Channel_text,Value=All Channels
key=@@SubChannel_text,Value=All Sub Channels
key=@@Period_text,Value=Jan 2015
                            

-----------------------------------------------------------------
                            2015-03-25 13:25:09,602 [8] INFO  IMS.Logger.Logger [(null)] –                             
                            Parameter for Module=101
key=NavigationName,Value=NavHome
key=recordCount,Value=5
key=RB_Geo,Value=[Geo].[Hierarchy].[MARKET].&[TOTAL ENA]
key=RB_Geo_text,Value=TOTAL ENA
key=RB_MarketFilterParent,Value=[Market].[Hierarchy].[All]
key=RB_SubCategoryFilter,Value=[Market].[Hierarchy].[All]
key=RB_Segment,Value=[Market].[Hierarchy].[All]
key=RB_Channel,Value=[Channel].[Channel].[All]
key=RB_SubChannel,Value=[Channel].[SubChannel].[All]
key=RB_PeriodType,Value=[Period].[PeriodTypeName].&[Monthly]
key=RB_Measure,Value=Measures.LCDR
key=RB_Market,Value=[Market].[Hierarchy].[All]
key=RB_Period,Value=[Period].[Hierarchy].[Period].&[MTH01]
key=uncheckedItems,Value=TOTAL MARKET
key=RB_Measure_Type,Value=sales
key=absoluteThousandConversion,Value=Absolute
key=RB_TopCountComGlance,Value=5
key=RB_TopCountBrandGlance,Value=5
key=RB_TopCountSubBrandGlance,Value=5
key=RB_TopCountSKUGlance,Value=5
key=RB_TopCountMoleculeAtaGlance,Value=5
key=RB_ComSnapshotTopCount,Value=5
key=RB_TopCountBrandSnapshot,Value=5
key=RB_TopCountSubBrandSnapshot,Value=5
key=RB_TopCountMoleculeSnapshot,Value=5
key=RB_TopCountSKUSnapshot,Value=5
key=RB_ComTrendTopCount,Value=5
key=RB_TopCountBrandTrend,Value=5
key=RB_TopCountSubBrandTrend,Value=5
key=RB_TopCountMoleculeTrend,Value=5
key=RB_TopCountSKUTrend,Value=5
key=RB_CategoryTrendTopCount,Value=5
key=CurrentNavigationId,Value=navigation1
key=Navigation_Label,Value=Home
key=GuideLevel,Value=JJV-M
key=EmailTemplate,Value=
key=IsIMSUser,Value=true
key=@@navigation,Value=NavHome
key=@@navigation_label,Value=Home
key=@@MarketCategory_text,Value=All RB Categories
key=@@PeriodType_text,Value=Monthly
key=@@Measure_text,Value=$ Value Retail
key=@@MarketSubCategory_text,Value=-na-
key=@@Segment_text,Value=-na-
key=@@HiddenMarket_text,Value=[Market].[Hierarchy].[All]
key=@@Channel_text,Value=All Channels
key=@@SubChannel_text,Value=All Sub Channels
key=@@Period_text,Value=Jan 2015
                            

-----------------------------------------------------------------
                            2015-03-25 13:25:10,250 [8] INFO  IMS.Logger.Logger [(null)] –                             
                            Parameter for Module=102
key=NavigationName,Value=NavHome
key=recordCount,Value=5
key=RB_Geo,Value=[Geo].[Hierarchy].[MARKET].&[TOTAL ENA]
key=RB_Geo_text,Value=TOTAL ENA
key=RB_MarketFilterParent,Value=[Market].[Hierarchy].[All]
key=RB_SubCategoryFilter,Value=[Market].[Hierarchy].[All]
key=RB_Segment,Value=[Market].[Hierarchy].[All]
key=RB_Channel,Value=[Channel].[Channel].[All]
key=RB_SubChannel,Value=[Channel].[SubChannel].[All]
key=RB_PeriodType,Value=[Period].[PeriodTypeName].&[Monthly]
key=RB_Measure,Value=Measures.LCDR
key=RB_Market,Value=[Market].[Hierarchy].[All]
key=RB_Period,Value=[Period].[Hierarchy].[Period].&[MTH01]
key=uncheckedItems,Value=TOTAL MARKET
key=RB_Measure_Type,Value=sales
key=absoluteThousandConversion,Value=Absolute
key=RB_TopCountComGlance,Value=5
key=RB_TopCountBrandGlance,Value=5
key=RB_TopCountSubBrandGlance,Value=5
key=RB_TopCountSKUGlance,Value=5
key=RB_TopCountMoleculeAtaGlance,Value=5
key=RB_ComSnapshotTopCount,Value=5
key=RB_TopCountBrandSnapshot,Value=5
key=RB_TopCountSubBrandSnapshot,Value=5
key=RB_TopCountMoleculeSnapshot,Value=5
key=RB_TopCountSKUSnapshot,Value=5
key=RB_ComTrendTopCount,Value=5
key=RB_TopCountBrandTrend,Value=5
key=RB_TopCountSubBrandTrend,Value=5
key=RB_TopCountMoleculeTrend,Value=5
key=RB_TopCountSKUTrend,Value=5
key=RB_CategoryTrendTopCount,Value=5
key=CurrentNavigationId,Value=navigation1
key=Navigation_Label,Value=Home
key=GuideLevel,Value=JJV-M
key=EmailTemplate,Value=
key=IsIMSUser,Value=true
key=@@navigation,Value=NavHome
key=@@navigation_label,Value=Home
key=@@MarketCategory_text,Value=All RB Categories
key=@@PeriodType_text,Value=Monthly
key=@@Measure_text,Value=$ Value Retail
key=@@MarketSubCategory_text,Value=-na-
key=@@Segment_text,Value=-na-
key=@@HiddenMarket_text,Value=[Market].[Hierarchy].[All]
key=@@Channel_text,Value=All Channels
key=@@SubChannel_text,Value=All Sub Channels
key=@@Period_text,Value=Jan 2015
                            

-----------------------------------------------------------------
                            2015-03-25 13:25:39,298 [7] INFO  IMS.Logger.Logger [(null)] –                             
                            Parameter for Module=4
key=NavigationName,Value=NavHome
key=recordCount,Value=5
key=RB_Geo,Value=[Geo].[Hierarchy].[MARKET].&[TOTAL ENA]
key=RB_Geo_text,Value=TOTAL ENA
key=RB_MarketFilterParent,Value=[Market].[Hierarchy].[Category].&[ANALGESICS]
key=RB_SubCategoryFilter,Value=[Market].[Hierarchy].[All]
key=RB_Segment,Value=[Market].[Hierarchy].[All]
key=RB_Channel,Value=[Channel].[Channel].[All]
key=RB_SubChannel,Value=[Channel].[SubChannel].[All]
key=RB_PeriodType,Value=[Period].[PeriodTypeName].&[Monthly]
key=RB_Measure,Value=Measures.LCDR
key=RB_Market,Value=[Market].[Hierarchy].[All]
key=RB_Period,Value=[Period].[Hierarchy].[Period].&[MTH01]
key=uncheckedItems,Value=TOTAL MARKET
key=RB_Measure_Type,Value=sales
key=absoluteThousandConversion,Value=Absolute
key=RB_TopCountComGlance,Value=5
key=RB_TopCountBrandGlance,Value=5
key=RB_TopCountSubBrandGlance,Value=5
key=RB_TopCountSKUGlance,Value=5
key=RB_TopCountMoleculeAtaGlance,Value=5
key=RB_ComSnapshotTopCount,Value=5
key=RB_TopCountBrandSnapshot,Value=5
key=RB_TopCountSubBrandSnapshot,Value=5
key=RB_TopCountMoleculeSnapshot,Value=5
key=RB_TopCountSKUSnapshot,Value=5
key=RB_ComTrendTopCount,Value=5
key=RB_TopCountBrandTrend,Value=5
key=RB_TopCountSubBrandTrend,Value=5
key=RB_TopCountMoleculeTrend,Value=5
key=RB_TopCountSKUTrend,Value=5
key=RB_CategoryTrendTopCount,Value=5
key=CurrentNavigationId,Value=navigation1
key=Navigation_Label,Value=Home
key=GuideLevel,Value=JJV-M
key=EmailTemplate,Value=
key=IsIMSUser,Value=true
key=@@navigation,Value=NavHome
key=@@navigation_label,Value=Home
key=@@MarketCategory_text,Value=ANALGESICS
key=@@PeriodType_text,Value=Monthly
key=@@Measure_text,Value=$ Value Retail
key=@@MarketSubCategory_text,Value=-na-
key=@@Segment_text,Value=-na-
key=@@HiddenMarket_text,Value=[Market].[Hierarchy].[All]
key=@@Channel_text,Value=All Channels
key=@@SubChannel_text,Value=All Sub Channels
key=@@Period_text,Value=Jan 2015
                            

-----------------------------------------------------------------
                            2015-03-25 13:25:39,308 [7] INFO  IMS.Logger.Logger [(null)] –                             
                            Parameter for Module=10
key=NavigationName,Value=NavHome
key=recordCount,Value=5
key=RB_Geo,Value=[Geo].[Hierarchy].[MARKET].&[TOTAL ENA]
key=RB_Geo_text,Value=TOTAL ENA
key=RB_MarketFilterParent,Value=[Market].[Hierarchy].[Category].&[ANALGESICS]
key=RB_SubCategoryFilter,Value=[Market].[Hierarchy].[Category].&[ANALGESICS]
key=RB_Segment,Value=[Market].[Hierarchy].[All]
key=RB_Channel,Value=[Channel].[Channel].[All]
key=RB_SubChannel,Value=[Channel].[SubChannel].[All]
key=RB_PeriodType,Value=[Period].[PeriodTypeName].&[Monthly]
key=RB_Measure,Value=Measures.LCDR
key=RB_Market,Value=[Market].[Hierarchy].[All]
key=RB_Period,Value=[Period].[Hierarchy].[Period].&[MTH01]
key=uncheckedItems,Value=TOTAL MARKET
key=RB_Measure_Type,Value=sales
key=absoluteThousandConversion,Value=Absolute
key=RB_TopCountComGlance,Value=5
key=RB_TopCountBrandGlance,Value=5
key=RB_TopCountSubBrandGlance,Value=5
key=RB_TopCountSKUGlance,Value=5
key=RB_TopCountMoleculeAtaGlance,Value=5
key=RB_ComSnapshotTopCount,Value=5
key=RB_TopCountBrandSnapshot,Value=5
key=RB_TopCountSubBrandSnapshot,Value=5
key=RB_TopCountMoleculeSnapshot,Value=5
key=RB_TopCountSKUSnapshot,Value=5
key=RB_ComTrendTopCount,Value=5
key=RB_TopCountBrandTrend,Value=5
key=RB_TopCountSubBrandTrend,Value=5
key=RB_TopCountMoleculeTrend,Value=5
key=RB_TopCountSKUTrend,Value=5
key=RB_CategoryTrendTopCount,Value=5
key=CurrentNavigationId,Value=navigation1
key=Navigation_Label,Value=Home
key=GuideLevel,Value=JJV-M
key=EmailTemplate,Value=
key=IsIMSUser,Value=true
key=@@navigation,Value=NavHome
key=@@navigation_label,Value=Home
key=@@MarketCategory_text,Value=ANALGESICS
key=@@PeriodType_text,Value=Monthly
key=@@Measure_text,Value=$ Value Retail
key=@@MarketSubCategory_text,Value=All RB Sub-Categories
key=@@Segment_text,Value=-na-
key=@@HiddenMarket_text,Value=[Market].[Hierarchy].[All]
key=@@Channel_text,Value=All Channels
key=@@SubChannel_text,Value=All Sub Channels
key=@@Period_text,Value=Jan 2015
                            

-----------------------------------------------------------------
                            2015-03-25 13:25:39,317 [7] INFO  IMS.Logger.Logger [(null)] –                             
                            Parameter for Module=5
key=NavigationName,Value=NavHome
key=recordCount,Value=5
key=RB_Geo,Value=[Geo].[Hierarchy].[MARKET].&[TOTAL ENA]
key=RB_Geo_text,Value=TOTAL ENA
key=RB_MarketFilterParent,Value=[Market].[Hierarchy].[Category].&[ANALGESICS]
key=RB_SubCategoryFilter,Value=[Market].[Hierarchy].[Category].&[ANALGESICS]
key=RB_Segment,Value=[Market].[Hierarchy].[All]
key=RB_Channel,Value=[Channel].[Channel].[All]
key=RB_SubChannel,Value=[Channel].[SubChannel].[All]
key=RB_PeriodType,Value=[Period].[PeriodTypeName].&[Monthly]
key=RB_Measure,Value=Measures.LCDR
key=RB_Market,Value=[Market].[Hierarchy].[Category].&[ANALGESICS]
key=RB_Period,Value=[Period].[Hierarchy].[Period].&[MTH01]
key=uncheckedItems,Value=TOTAL MARKET
key=RB_Measure_Type,Value=sales
key=absoluteThousandConversion,Value=Absolute
key=RB_TopCountComGlance,Value=5
key=RB_TopCountBrandGlance,Value=5
key=RB_TopCountSubBrandGlance,Value=5
key=RB_TopCountSKUGlance,Value=5
key=RB_TopCountMoleculeAtaGlance,Value=5
key=RB_ComSnapshotTopCount,Value=5
key=RB_TopCountBrandSnapshot,Value=5
key=RB_TopCountSubBrandSnapshot,Value=5
key=RB_TopCountMoleculeSnapshot,Value=5
key=RB_TopCountSKUSnapshot,Value=5
key=RB_ComTrendTopCount,Value=5
key=RB_TopCountBrandTrend,Value=5
key=RB_TopCountSubBrandTrend,Value=5
key=RB_TopCountMoleculeTrend,Value=5
key=RB_TopCountSKUTrend,Value=5
key=RB_CategoryTrendTopCount,Value=5
key=CurrentNavigationId,Value=navigation1
key=Navigation_Label,Value=Home
key=GuideLevel,Value=JJV-M
key=EmailTemplate,Value=
key=IsIMSUser,Value=true
key=@@navigation,Value=NavHome
key=@@navigation_label,Value=Home
key=@@MarketCategory_text,Value=ANALGESICS
key=@@PeriodType_text,Value=Monthly
key=@@Measure_text,Value=$ Value Retail
key=@@MarketSubCategory_text,Value=All RB Sub-Categories
key=@@Segment_text,Value=-na-
key=@@HiddenMarket_text,Value=[Market].[Hierarchy].[Category].&[ANALGESICS]
key=@@Channel_text,Value=All Channels
key=@@SubChannel_text,Value=All Sub Channels
key=@@Period_text,Value=Jan 2015
                            

-----------------------------------------------------------------
                            2015-03-25 13:25:39,323 [7] INFO  IMS.Logger.Logger [(null)] –                             
                            Parameter for Module=9
key=NavigationName,Value=NavHome
key=recordCount,Value=5
key=RB_Geo,Value=[Geo].[Hierarchy].[MARKET].&[TOTAL ENA]
key=RB_Geo_text,Value=TOTAL ENA
key=RB_MarketFilterParent,Value=[Market].[Hierarchy].[Category].&[ANALGESICS]
key=RB_SubCategoryFilter,Value=[Market].[Hierarchy].[Category].&[ANALGESICS]
key=RB_Segment,Value=[Market].[Hierarchy].[All]
key=RB_Channel,Value=[Channel].[Channel].[All]
key=RB_SubChannel,Value=[Channel].[SubChannel].[All]
key=RB_PeriodType,Value=[Period].[PeriodTypeName].&[Monthly]
key=RB_Measure,Value=Measures.LCDR
key=RB_Market,Value=[Market].[Hierarchy].[Category].&[ANALGESICS]
key=RB_Period,Value=[Period].[Hierarchy].[Period].&[MTH01]
key=uncheckedItems,Value=TOTAL MARKET
key=RB_Measure_Type,Value=sales
key=absoluteThousandConversion,Value=Absolute
key=RB_TopCountComGlance,Value=5
key=RB_TopCountBrandGlance,Value=5
key=RB_TopCountSubBrandGlance,Value=5
key=RB_TopCountSKUGlance,Value=5
key=RB_TopCountMoleculeAtaGlance,Value=5
key=RB_ComSnapshotTopCount,Value=5
key=RB_TopCountBrandSnapshot,Value=5
key=RB_TopCountSubBrandSnapshot,Value=5
key=RB_TopCountMoleculeSnapshot,Value=5
key=RB_TopCountSKUSnapshot,Value=5
key=RB_ComTrendTopCount,Value=5
key=RB_TopCountBrandTrend,Value=5
key=RB_TopCountSubBrandTrend,Value=5
key=RB_TopCountMoleculeTrend,Value=5
key=RB_TopCountSKUTrend,Value=5
key=RB_CategoryTrendTopCount,Value=5
key=CurrentNavigationId,Value=navigation1
key=Navigation_Label,Value=Home
key=GuideLevel,Value=JJV-M
key=EmailTemplate,Value=
key=IsIMSUser,Value=true
key=@@navigation,Value=NavHome
key=@@navigation_label,Value=Home
key=@@MarketCategory_text,Value=ANALGESICS
key=@@PeriodType_text,Value=Monthly
key=@@Measure_text,Value=$ Value Retail
key=@@MarketSubCategory_text,Value=All RB Sub-Categories
key=@@Segment_text,Value=-na-
key=@@HiddenMarket_text,Value=[Market].[Hierarchy].[Category].&[ANALGESICS]
key=@@Channel_text,Value=All Channels
key=@@SubChannel_text,Value=All Sub Channels
key=@@Period_text,Value=Jan 2015
                            

-----------------------------------------------------------------
                            2015-03-25 13:25:39,338 [7] INFO  IMS.Logger.Logger [(null)] –                             
                            Parameter for Module=103
key=NavigationName,Value=NavHome
key=recordCount,Value=5
key=RB_Geo,Value=[Geo].[Hierarchy].[MARKET].&[TOTAL ENA]
key=RB_Geo_text,Value=TOTAL ENA
key=RB_MarketFilterParent,Value=[Market].[Hierarchy].[Category].&[ANALGESICS]
key=RB_SubCategoryFilter,Value=[Market].[Hierarchy].[Category].&[ANALGESICS]
key=RB_Segment,Value=[Market].[Hierarchy].[All]
key=RB_Channel,Value=[Channel].[Channel].[All]
key=RB_SubChannel,Value=[Channel].[SubChannel].[All]
key=RB_PeriodType,Value=[Period].[PeriodTypeName].&[Monthly]
key=RB_Measure,Value=Measures.LCDR
key=RB_Market,Value=[Market].[Hierarchy].[Category].&[ANALGESICS]
key=RB_Period,Value=[Period].[Hierarchy].[Period].&[MTH01]
key=uncheckedItems,Value=TOTAL MARKET
key=RB_Measure_Type,Value=sales
key=absoluteThousandConversion,Value=Absolute
key=RB_TopCountComGlance,Value=5
key=RB_TopCountBrandGlance,Value=5
key=RB_TopCountSubBrandGlance,Value=5
key=RB_TopCountSKUGlance,Value=5
key=RB_TopCountMoleculeAtaGlance,Value=5
key=RB_ComSnapshotTopCount,Value=5
key=RB_TopCountBrandSnapshot,Value=5
key=RB_TopCountSubBrandSnapshot,Value=5
key=RB_TopCountMoleculeSnapshot,Value=5
key=RB_TopCountSKUSnapshot,Value=5
key=RB_ComTrendTopCount,Value=5
key=RB_TopCountBrandTrend,Value=5
key=RB_TopCountSubBrandTrend,Value=5
key=RB_TopCountMoleculeTrend,Value=5
key=RB_TopCountSKUTrend,Value=5
key=RB_CategoryTrendTopCount,Value=5
key=CurrentNavigationId,Value=navigation1
key=Navigation_Label,Value=Home
key=GuideLevel,Value=JJV-M
key=EmailTemplate,Value=
key=IsIMSUser,Value=true
key=@@navigation,Value=NavHome
key=@@navigation_label,Value=Home
key=@@MarketCategory_text,Value=ANALGESICS
key=@@PeriodType_text,Value=Monthly
key=@@Measure_text,Value=$ Value Retail
key=@@MarketSubCategory_text,Value=All RB Sub-Categories
key=@@Segment_text,Value=-na-
key=@@HiddenMarket_text,Value=[Market].[Hierarchy].[Category].&[ANALGESICS]
key=@@Channel_text,Value=All Channels
key=@@SubChannel_text,Value=All Sub Channels
key=@@Period_text,Value=Jan 2015
                            

-----------------------------------------------------------------
                            2015-03-25 13:25:39,346 [7] INFO  IMS.Logger.Logger [(null)] –                             
                            Parameter for Module=101
key=NavigationName,Value=NavHome
key=recordCount,Value=5
key=RB_Geo,Value=[Geo].[Hierarchy].[MARKET].&[TOTAL ENA]
key=RB_Geo_text,Value=TOTAL ENA
key=RB_MarketFilterParent,Value=[Market].[Hierarchy].[Category].&[ANALGESICS]
key=RB_SubCategoryFilter,Value=[Market].[Hierarchy].[Category].&[ANALGESICS]
key=RB_Segment,Value=[Market].[Hierarchy].[All]
key=RB_Channel,Value=[Channel].[Channel].[All]
key=RB_SubChannel,Value=[Channel].[SubChannel].[All]
key=RB_PeriodType,Value=[Period].[PeriodTypeName].&[Monthly]
key=RB_Measure,Value=Measures.LCDR
key=RB_Market,Value=[Market].[Hierarchy].[Category].&[ANALGESICS]
key=RB_Period,Value=[Period].[Hierarchy].[Period].&[MTH01]
key=uncheckedItems,Value=TOTAL MARKET
key=RB_Measure_Type,Value=sales
key=absoluteThousandConversion,Value=Absolute
key=RB_TopCountComGlance,Value=5
key=RB_TopCountBrandGlance,Value=5
key=RB_TopCountSubBrandGlance,Value=5
key=RB_TopCountSKUGlance,Value=5
key=RB_TopCountMoleculeAtaGlance,Value=5
key=RB_ComSnapshotTopCount,Value=5
key=RB_TopCountBrandSnapshot,Value=5
key=RB_TopCountSubBrandSnapshot,Value=5
key=RB_TopCountMoleculeSnapshot,Value=5
key=RB_TopCountSKUSnapshot,Value=5
key=RB_ComTrendTopCount,Value=5
key=RB_TopCountBrandTrend,Value=5
key=RB_TopCountSubBrandTrend,Value=5
key=RB_TopCountMoleculeTrend,Value=5
key=RB_TopCountSKUTrend,Value=5
key=RB_CategoryTrendTopCount,Value=5
key=CurrentNavigationId,Value=navigation1
key=Navigation_Label,Value=Home
key=GuideLevel,Value=JJV-M
key=EmailTemplate,Value=
key=IsIMSUser,Value=true
key=@@navigation,Value=NavHome
key=@@navigation_label,Value=Home
key=@@MarketCategory_text,Value=ANALGESICS
key=@@PeriodType_text,Value=Monthly
key=@@Measure_text,Value=$ Value Retail
key=@@MarketSubCategory_text,Value=All RB Sub-Categories
key=@@Segment_text,Value=-na-
key=@@HiddenMarket_text,Value=[Market].[Hierarchy].[Category].&[ANALGESICS]
key=@@Channel_text,Value=All Channels
key=@@SubChannel_text,Value=All Sub Channels
key=@@Period_text,Value=Jan 2015
                            

-----------------------------------------------------------------
                            2015-03-25 13:25:39,354 [7] INFO  IMS.Logger.Logger [(null)] –                             
                            Parameter for Module=102
key=NavigationName,Value=NavHome
key=recordCount,Value=5
key=RB_Geo,Value=[Geo].[Hierarchy].[MARKET].&[TOTAL ENA]
key=RB_Geo_text,Value=TOTAL ENA
key=RB_MarketFilterParent,Value=[Market].[Hierarchy].[Category].&[ANALGESICS]
key=RB_SubCategoryFilter,Value=[Market].[Hierarchy].[Category].&[ANALGESICS]
key=RB_Segment,Value=[Market].[Hierarchy].[All]
key=RB_Channel,Value=[Channel].[Channel].[All]
key=RB_SubChannel,Value=[Channel].[SubChannel].[All]
key=RB_PeriodType,Value=[Period].[PeriodTypeName].&[Monthly]
key=RB_Measure,Value=Measures.LCDR
key=RB_Market,Value=[Market].[Hierarchy].[Category].&[ANALGESICS]
key=RB_Period,Value=[Period].[Hierarchy].[Period].&[MTH01]
key=uncheckedItems,Value=TOTAL MARKET
key=RB_Measure_Type,Value=sales
key=absoluteThousandConversion,Value=Absolute
key=RB_TopCountComGlance,Value=5
key=RB_TopCountBrandGlance,Value=5
key=RB_TopCountSubBrandGlance,Value=5
key=RB_TopCountSKUGlance,Value=5
key=RB_TopCountMoleculeAtaGlance,Value=5
key=RB_ComSnapshotTopCount,Value=5
key=RB_TopCountBrandSnapshot,Value=5
key=RB_TopCountSubBrandSnapshot,Value=5
key=RB_TopCountMoleculeSnapshot,Value=5
key=RB_TopCountSKUSnapshot,Value=5
key=RB_ComTrendTopCount,Value=5
key=RB_TopCountBrandTrend,Value=5
key=RB_TopCountSubBrandTrend,Value=5
key=RB_TopCountMoleculeTrend,Value=5
key=RB_TopCountSKUTrend,Value=5
key=RB_CategoryTrendTopCount,Value=5
key=CurrentNavigationId,Value=navigation1
key=Navigation_Label,Value=Home
key=GuideLevel,Value=JJV-M
key=EmailTemplate,Value=
key=IsIMSUser,Value=true
key=@@navigation,Value=NavHome
key=@@navigation_label,Value=Home
key=@@MarketCategory_text,Value=ANALGESICS
key=@@PeriodType_text,Value=Monthly
key=@@Measure_text,Value=$ Value Retail
key=@@MarketSubCategory_text,Value=All RB Sub-Categories
key=@@Segment_text,Value=-na-
key=@@HiddenMarket_text,Value=[Market].[Hierarchy].[Category].&[ANALGESICS]
key=@@Channel_text,Value=All Channels
key=@@SubChannel_text,Value=All Sub Channels
key=@@Period_text,Value=Jan 2015
                            

-----------------------------------------------------------------
                            2015-03-25 13:25:44,412 [8] INFO  IMS.Logger.Logger [(null)] –                             
                            Parameter for Module=10
key=NavigationName,Value=NavHome
key=recordCount,Value=5
key=RB_Geo,Value=[Geo].[Hierarchy].[MARKET].&[TOTAL ENA]
key=RB_Geo_text,Value=TOTAL ENA
key=RB_MarketFilterParent,Value=[Market].[Hierarchy].[Category].&[ANALGESICS]
key=RB_SubCategoryFilter,Value=[Market].[Hierarchy].[Category].&[ANALGESICS].&[CHILD]
key=RB_Segment,Value=[Market].[Hierarchy].[All]
key=RB_Channel,Value=[Channel].[Channel].[All]
key=RB_SubChannel,Value=[Channel].[SubChannel].[All]
key=RB_PeriodType,Value=[Period].[PeriodTypeName].&[Monthly]
key=RB_Measure,Value=Measures.LCDR
key=RB_Market,Value=[Market].[Hierarchy].[Category].&[ANALGESICS]
key=RB_Period,Value=[Period].[Hierarchy].[Period].&[MTH01]
key=uncheckedItems,Value=TOTAL MARKET
key=RB_Measure_Type,Value=sales
key=absoluteThousandConversion,Value=Absolute
key=RB_TopCountComGlance,Value=5
key=RB_TopCountBrandGlance,Value=5
key=RB_TopCountSubBrandGlance,Value=5
key=RB_TopCountSKUGlance,Value=5
key=RB_TopCountMoleculeAtaGlance,Value=5
key=RB_ComSnapshotTopCount,Value=5
key=RB_TopCountBrandSnapshot,Value=5
key=RB_TopCountSubBrandSnapshot,Value=5
key=RB_TopCountMoleculeSnapshot,Value=5
key=RB_TopCountSKUSnapshot,Value=5
key=RB_ComTrendTopCount,Value=5
key=RB_TopCountBrandTrend,Value=5
key=RB_TopCountSubBrandTrend,Value=5
key=RB_TopCountMoleculeTrend,Value=5
key=RB_TopCountSKUTrend,Value=5
key=RB_CategoryTrendTopCount,Value=5
key=CurrentNavigationId,Value=navigation1
key=Navigation_Label,Value=Home
key=GuideLevel,Value=JJV-M
key=EmailTemplate,Value=
key=IsIMSUser,Value=true
key=@@navigation,Value=NavHome
key=@@navigation_label,Value=Home
key=@@MarketCategory_text,Value=ANALGESICS
key=@@PeriodType_text,Value=Monthly
key=@@Measure_text,Value=$ Value Retail
key=@@MarketSubCategory_text,Value=CHILD
key=@@Segment_text,Value=-na-
key=@@HiddenMarket_text,Value=[Market].[Hierarchy].[Category].&[ANALGESICS]
key=@@Channel_text,Value=All Channels
key=@@SubChannel_text,Value=All Sub Channels
key=@@Period_text,Value=Jan 2015
                            

-----------------------------------------------------------------
                            2015-03-25 13:25:44,421 [8] INFO  IMS.Logger.Logger [(null)] –                             
                            Parameter for Module=5
key=NavigationName,Value=NavHome
key=recordCount,Value=5
key=RB_Geo,Value=[Geo].[Hierarchy].[MARKET].&[TOTAL ENA]
key=RB_Geo_text,Value=TOTAL ENA
key=RB_MarketFilterParent,Value=[Market].[Hierarchy].[Category].&[ANALGESICS]
key=RB_SubCategoryFilter,Value=[Market].[Hierarchy].[Category].&[ANALGESICS].&[CHILD]
key=RB_Segment,Value=[Market].[Hierarchy].[Category].&[ANALGESICS].&[CHILD]
key=RB_Channel,Value=[Channel].[Channel].[All]
key=RB_SubChannel,Value=[Channel].[SubChannel].[All]
key=RB_PeriodType,Value=[Period].[PeriodTypeName].&[Monthly]
key=RB_Measure,Value=Measures.LCDR
key=RB_Market,Value=[Market].[Hierarchy].[Category].&[ANALGESICS].&[CHILD]
key=RB_Period,Value=[Period].[Hierarchy].[Period].&[MTH01]
key=uncheckedItems,Value=TOTAL MARKET
key=RB_Measure_Type,Value=sales
key=absoluteThousandConversion,Value=Absolute
key=RB_TopCountComGlance,Value=5
key=RB_TopCountBrandGlance,Value=5
key=RB_TopCountSubBrandGlance,Value=5
key=RB_TopCountSKUGlance,Value=5
key=RB_TopCountMoleculeAtaGlance,Value=5
key=RB_ComSnapshotTopCount,Value=5
key=RB_TopCountBrandSnapshot,Value=5
key=RB_TopCountSubBrandSnapshot,Value=5
key=RB_TopCountMoleculeSnapshot,Value=5
key=RB_TopCountSKUSnapshot,Value=5
key=RB_ComTrendTopCount,Value=5
key=RB_TopCountBrandTrend,Value=5
key=RB_TopCountSubBrandTrend,Value=5
key=RB_TopCountMoleculeTrend,Value=5
key=RB_TopCountSKUTrend,Value=5
key=RB_CategoryTrendTopCount,Value=5
key=CurrentNavigationId,Value=navigation1
key=Navigation_Label,Value=Home
key=GuideLevel,Value=JJV-M
key=EmailTemplate,Value=
key=IsIMSUser,Value=true
key=@@navigation,Value=NavHome
key=@@navigation_label,Value=Home
key=@@MarketCategory_text,Value=ANALGESICS
key=@@PeriodType_text,Value=Monthly
key=@@Measure_text,Value=$ Value Retail
key=@@MarketSubCategory_text,Value=CHILD
key=@@Segment_text,Value=All RB Segments
key=@@HiddenMarket_text,Value=[Market].[Hierarchy].[Category].&[ANALGESICS].&[CHILD]
key=@@Channel_text,Value=All Channels
key=@@SubChannel_text,Value=All Sub Channels
key=@@Period_text,Value=Jan 2015
                            

-----------------------------------------------------------------
                            2015-03-25 13:25:44,429 [8] INFO  IMS.Logger.Logger [(null)] –                             
                            Parameter for Module=9
key=NavigationName,Value=NavHome
key=recordCount,Value=5
key=RB_Geo,Value=[Geo].[Hierarchy].[MARKET].&[TOTAL ENA]
key=RB_Geo_text,Value=TOTAL ENA
key=RB_MarketFilterParent,Value=[Market].[Hierarchy].[Category].&[ANALGESICS]
key=RB_SubCategoryFilter,Value=[Market].[Hierarchy].[Category].&[ANALGESICS].&[CHILD]
key=RB_Segment,Value=[Market].[Hierarchy].[Category].&[ANALGESICS].&[CHILD]
key=RB_Channel,Value=[Channel].[Channel].[All]
key=RB_SubChannel,Value=[Channel].[SubChannel].[All]
key=RB_PeriodType,Value=[Period].[PeriodTypeName].&[Monthly]
key=RB_Measure,Value=Measures.LCDR
key=RB_Market,Value=[Market].[Hierarchy].[Category].&[ANALGESICS].&[CHILD]
key=RB_Period,Value=[Period].[Hierarchy].[Period].&[MTH01]
key=uncheckedItems,Value=TOTAL MARKET
key=RB_Measure_Type,Value=sales
key=absoluteThousandConversion,Value=Absolute
key=RB_TopCountComGlance,Value=5
key=RB_TopCountBrandGlance,Value=5
key=RB_TopCountSubBrandGlance,Value=5
key=RB_TopCountSKUGlance,Value=5
key=RB_TopCountMoleculeAtaGlance,Value=5
key=RB_ComSnapshotTopCount,Value=5
key=RB_TopCountBrandSnapshot,Value=5
key=RB_TopCountSubBrandSnapshot,Value=5
key=RB_TopCountMoleculeSnapshot,Value=5
key=RB_TopCountSKUSnapshot,Value=5
key=RB_ComTrendTopCount,Value=5
key=RB_TopCountBrandTrend,Value=5
key=RB_TopCountSubBrandTrend,Value=5
key=RB_TopCountMoleculeTrend,Value=5
key=RB_TopCountSKUTrend,Value=5
key=RB_CategoryTrendTopCount,Value=5
key=CurrentNavigationId,Value=navigation1
key=Navigation_Label,Value=Home
key=GuideLevel,Value=JJV-M
key=EmailTemplate,Value=
key=IsIMSUser,Value=true
key=@@navigation,Value=NavHome
key=@@navigation_label,Value=Home
key=@@MarketCategory_text,Value=ANALGESICS
key=@@PeriodType_text,Value=Monthly
key=@@Measure_text,Value=$ Value Retail
key=@@MarketSubCategory_text,Value=CHILD
key=@@Segment_text,Value=All RB Segments
key=@@HiddenMarket_text,Value=[Market].[Hierarchy].[Category].&[ANALGESICS].&[CHILD]
key=@@Channel_text,Value=All Channels
key=@@SubChannel_text,Value=All Sub Channels
key=@@Period_text,Value=Jan 2015
                            

-----------------------------------------------------------------
                            2015-03-25 13:25:44,441 [8] INFO  IMS.Logger.Logger [(null)] –                             
                            Parameter for Module=103
key=NavigationName,Value=NavHome
key=recordCount,Value=5
key=RB_Geo,Value=[Geo].[Hierarchy].[MARKET].&[TOTAL ENA]
key=RB_Geo_text,Value=TOTAL ENA
key=RB_MarketFilterParent,Value=[Market].[Hierarchy].[Category].&[ANALGESICS]
key=RB_SubCategoryFilter,Value=[Market].[Hierarchy].[Category].&[ANALGESICS].&[CHILD]
key=RB_Segment,Value=[Market].[Hierarchy].[Category].&[ANALGESICS].&[CHILD]
key=RB_Channel,Value=[Channel].[Channel].[All]
key=RB_SubChannel,Value=[Channel].[SubChannel].[All]
key=RB_PeriodType,Value=[Period].[PeriodTypeName].&[Monthly]
key=RB_Measure,Value=Measures.LCDR
key=RB_Market,Value=[Market].[Hierarchy].[Category].&[ANALGESICS].&[CHILD]
key=RB_Period,Value=[Period].[Hierarchy].[Period].&[MTH01]
key=uncheckedItems,Value=TOTAL MARKET
key=RB_Measure_Type,Value=sales
key=absoluteThousandConversion,Value=Absolute
key=RB_TopCountComGlance,Value=5
key=RB_TopCountBrandGlance,Value=5
key=RB_TopCountSubBrandGlance,Value=5
key=RB_TopCountSKUGlance,Value=5
key=RB_TopCountMoleculeAtaGlance,Value=5
key=RB_ComSnapshotTopCount,Value=5
key=RB_TopCountBrandSnapshot,Value=5
key=RB_TopCountSubBrandSnapshot,Value=5
key=RB_TopCountMoleculeSnapshot,Value=5
key=RB_TopCountSKUSnapshot,Value=5
key=RB_ComTrendTopCount,Value=5
key=RB_TopCountBrandTrend,Value=5
key=RB_TopCountSubBrandTrend,Value=5
key=RB_TopCountMoleculeTrend,Value=5
key=RB_TopCountSKUTrend,Value=5
key=RB_CategoryTrendTopCount,Value=5
key=CurrentNavigationId,Value=navigation1
key=Navigation_Label,Value=Home
key=GuideLevel,Value=JJV-M
key=EmailTemplate,Value=
key=IsIMSUser,Value=true
key=@@navigation,Value=NavHome
key=@@navigation_label,Value=Home
key=@@MarketCategory_text,Value=ANALGESICS
key=@@PeriodType_text,Value=Monthly
key=@@Measure_text,Value=$ Value Retail
key=@@MarketSubCategory_text,Value=CHILD
key=@@Segment_text,Value=All RB Segments
key=@@HiddenMarket_text,Value=[Market].[Hierarchy].[Category].&[ANALGESICS].&[CHILD]
key=@@Channel_text,Value=All Channels
key=@@SubChannel_text,Value=All Sub Channels
key=@@Period_text,Value=Jan 2015
                            

-----------------------------------------------------------------
                            2015-03-25 13:25:44,528 [8] INFO  IMS.Logger.Logger [(null)] –                             
                            Parameter for Module=101
key=NavigationName,Value=NavHome
key=recordCount,Value=5
key=RB_Geo,Value=[Geo].[Hierarchy].[MARKET].&[TOTAL ENA]
key=RB_Geo_text,Value=TOTAL ENA
key=RB_MarketFilterParent,Value=[Market].[Hierarchy].[Category].&[ANALGESICS]
key=RB_SubCategoryFilter,Value=[Market].[Hierarchy].[Category].&[ANALGESICS].&[CHILD]
key=RB_Segment,Value=[Market].[Hierarchy].[Category].&[ANALGESICS].&[CHILD]
key=RB_Channel,Value=[Channel].[Channel].[All]
key=RB_SubChannel,Value=[Channel].[SubChannel].[All]
key=RB_PeriodType,Value=[Period].[PeriodTypeName].&[Monthly]
key=RB_Measure,Value=Measures.LCDR
key=RB_Market,Value=[Market].[Hierarchy].[Category].&[ANALGESICS].&[CHILD]
key=RB_Period,Value=[Period].[Hierarchy].[Period].&[MTH01]
key=uncheckedItems,Value=TOTAL MARKET
key=RB_Measure_Type,Value=sales
key=absoluteThousandConversion,Value=Absolute
key=RB_TopCountComGlance,Value=5
key=RB_TopCountBrandGlance,Value=5
key=RB_TopCountSubBrandGlance,Value=5
key=RB_TopCountSKUGlance,Value=5
key=RB_TopCountMoleculeAtaGlance,Value=5
key=RB_ComSnapshotTopCount,Value=5
key=RB_TopCountBrandSnapshot,Value=5
key=RB_TopCountSubBrandSnapshot,Value=5
key=RB_TopCountMoleculeSnapshot,Value=5
key=RB_TopCountSKUSnapshot,Value=5
key=RB_ComTrendTopCount,Value=5
key=RB_TopCountBrandTrend,Value=5
key=RB_TopCountSubBrandTrend,Value=5
key=RB_TopCountMoleculeTrend,Value=5
key=RB_TopCountSKUTrend,Value=5
key=RB_CategoryTrendTopCount,Value=5
key=CurrentNavigationId,Value=navigation1
key=Navigation_Label,Value=Home
key=GuideLevel,Value=JJV-M
key=EmailTemplate,Value=
key=IsIMSUser,Value=true
key=@@navigation,Value=NavHome
key=@@navigation_label,Value=Home
key=@@MarketCategory_text,Value=ANALGESICS
key=@@PeriodType_text,Value=Monthly
key=@@Measure_text,Value=$ Value Retail
key=@@MarketSubCategory_text,Value=CHILD
key=@@Segment_text,Value=All RB Segments
key=@@HiddenMarket_text,Value=[Market].[Hierarchy].[Category].&[ANALGESICS].&[CHILD]
key=@@Channel_text,Value=All Channels
key=@@SubChannel_text,Value=All Sub Channels
key=@@Period_text,Value=Jan 2015
                            

-----------------------------------------------------------------
                            2015-03-25 13:25:44,615 [8] INFO  IMS.Logger.Logger [(null)] –                             
                            Parameter for Module=102
key=NavigationName,Value=NavHome
key=recordCount,Value=5
key=RB_Geo,Value=[Geo].[Hierarchy].[MARKET].&[TOTAL ENA]
key=RB_Geo_text,Value=TOTAL ENA
key=RB_MarketFilterParent,Value=[Market].[Hierarchy].[Category].&[ANALGESICS]
key=RB_SubCategoryFilter,Value=[Market].[Hierarchy].[Category].&[ANALGESICS].&[CHILD]
key=RB_Segment,Value=[Market].[Hierarchy].[Category].&[ANALGESICS].&[CHILD]
key=RB_Channel,Value=[Channel].[Channel].[All]
key=RB_SubChannel,Value=[Channel].[SubChannel].[All]
key=RB_PeriodType,Value=[Period].[PeriodTypeName].&[Monthly]
key=RB_Measure,Value=Measures.LCDR
key=RB_Market,Value=[Market].[Hierarchy].[Category].&[ANALGESICS].&[CHILD]
key=RB_Period,Value=[Period].[Hierarchy].[Period].&[MTH01]
key=uncheckedItems,Value=TOTAL MARKET
key=RB_Measure_Type,Value=sales
key=absoluteThousandConversion,Value=Absolute
key=RB_TopCountComGlance,Value=5
key=RB_TopCountBrandGlance,Value=5
key=RB_TopCountSubBrandGlance,Value=5
key=RB_TopCountSKUGlance,Value=5
key=RB_TopCountMoleculeAtaGlance,Value=5
key=RB_ComSnapshotTopCount,Value=5
key=RB_TopCountBrandSnapshot,Value=5
key=RB_TopCountSubBrandSnapshot,Value=5
key=RB_TopCountMoleculeSnapshot,Value=5
key=RB_TopCountSKUSnapshot,Value=5
key=RB_ComTrendTopCount,Value=5
key=RB_TopCountBrandTrend,Value=5
key=RB_TopCountSubBrandTrend,Value=5
key=RB_TopCountMoleculeTrend,Value=5
key=RB_TopCountSKUTrend,Value=5
key=RB_CategoryTrendTopCount,Value=5
key=CurrentNavigationId,Value=navigation1
key=Navigation_Label,Value=Home
key=GuideLevel,Value=JJV-M
key=EmailTemplate,Value=
key=IsIMSUser,Value=true
key=@@navigation,Value=NavHome
key=@@navigation_label,Value=Home
key=@@MarketCategory_text,Value=ANALGESICS
key=@@PeriodType_text,Value=Monthly
key=@@Measure_text,Value=$ Value Retail
key=@@MarketSubCategory_text,Value=CHILD
key=@@Segment_text,Value=All RB Segments
key=@@HiddenMarket_text,Value=[Market].[Hierarchy].[Category].&[ANALGESICS].&[CHILD]
key=@@Channel_text,Value=All Channels
key=@@SubChannel_text,Value=All Sub Channels
key=@@Period_text,Value=Jan 2015
                            

-----------------------------------------------------------------
                            2015-03-25 13:26:18,433 [8] INFO  IMS.Logger.Logger [(null)] –                             
                            Parameter for Module=3
key=NavigationName,Value=NavHome
key=recordCount,Value=5
key=RB_Geo,Value=[Geo].[Hierarchy].[COUNTRY].&[HUNGARY]
key=RB_Geo_text,Value=HUNGARY
key=RB_MarketFilterParent,Value=[Market].[Hierarchy].[Category].&[ANALGESICS]
key=RB_SubCategoryFilter,Value=[Market].[Hierarchy].[Category].&[ANALGESICS].&[CHILD]
key=RB_Segment,Value=[Market].[Hierarchy].[Category].&[ANALGESICS].&[CHILD]
key=RB_Channel,Value=[Channel].[Channel].[All]
key=RB_SubChannel,Value=[Channel].[SubChannel].[All]
key=RB_PeriodType,Value=[Period].[PeriodTypeName].&[Monthly]
key=RB_Measure,Value=Measures.LCDR
key=RB_Market,Value=[Market].[Hierarchy].[Category].&[ANALGESICS].&[CHILD]
key=RB_Period,Value=[Period].[Hierarchy].[Period].&[MTH01]
key=uncheckedItems,Value=TOTAL MARKET
key=RB_Measure_Type,Value=sales
key=absoluteThousandConversion,Value=Absolute
key=RB_TopCountComGlance,Value=5
key=RB_TopCountBrandGlance,Value=5
key=RB_TopCountSubBrandGlance,Value=5
key=RB_TopCountSKUGlance,Value=5
key=RB_TopCountMoleculeAtaGlance,Value=5
key=RB_ComSnapshotTopCount,Value=5
key=RB_TopCountBrandSnapshot,Value=5
key=RB_TopCountSubBrandSnapshot,Value=5
key=RB_TopCountMoleculeSnapshot,Value=5
key=RB_TopCountSKUSnapshot,Value=5
key=RB_ComTrendTopCount,Value=5
key=RB_TopCountBrandTrend,Value=5
key=RB_TopCountSubBrandTrend,Value=5
key=RB_TopCountMoleculeTrend,Value=5
key=RB_TopCountSKUTrend,Value=5
key=RB_CategoryTrendTopCount,Value=5
key=CurrentNavigationId,Value=navigation1
key=Navigation_Label,Value=Home
key=GuideLevel,Value=JJV-M
key=EmailTemplate,Value=
key=IsIMSUser,Value=true
key=@@navigation,Value=NavHome
key=@@navigation_label,Value=Home
key=@@MarketCategory_text,Value=ANALGESICS
key=@@PeriodType_text,Value=Monthly
key=@@Measure_text,Value=$ Value Retail
key=@@MarketSubCategory_text,Value=CHILD
key=@@Segment_text,Value=All RB Segments
key=@@HiddenMarket_text,Value=[Market].[Hierarchy].[Category].&[ANALGESICS].&[CHILD]
key=@@Channel_text,Value=All Channels
key=@@SubChannel_text,Value=All Sub Channels
key=@@Period_text,Value=Jan 2015
                            

-----------------------------------------------------------------
                            2015-03-25 13:26:20,557 [8] INFO  IMS.Logger.Logger [(null)] –                             
                            Parameter for Module=7
key=NavigationName,Value=NavHome
key=recordCount,Value=5
key=RB_Geo,Value=[Geo].[Hierarchy].[COUNTRY].&[HUNGARY]
key=RB_Geo_text,Value=HUNGARY
key=RB_MarketFilterParent,Value=[Market].[Hierarchy].[Category].&[ANALGESICS]
key=RB_SubCategoryFilter,Value=[Market].[Hierarchy].[Category].&[ANALGESICS].&[CHILD]
key=RB_Segment,Value=[Market].[Hierarchy].[Category].&[ANALGESICS].&[CHILD]
key=RB_Channel,Value=[Channel].[Channel].[All]
key=RB_SubChannel,Value=[Channel].[SubChannel].[All]
key=RB_PeriodType,Value=[Period].[PeriodTypeName].&[Monthly]
key=RB_Measure,Value=Measures.LCDR
key=RB_Market,Value=[Market].[Hierarchy].[Category].&[ANALGESICS].&[CHILD]
key=RB_Period,Value=[Period].[Hierarchy].[Period].&[MTH01]
key=uncheckedItems,Value=TOTAL MARKET
key=RB_Measure_Type,Value=sales
key=absoluteThousandConversion,Value=Absolute
key=RB_TopCountComGlance,Value=5
key=RB_TopCountBrandGlance,Value=5
key=RB_TopCountSubBrandGlance,Value=5
key=RB_TopCountSKUGlance,Value=5
key=RB_TopCountMoleculeAtaGlance,Value=5
key=RB_ComSnapshotTopCount,Value=5
key=RB_TopCountBrandSnapshot,Value=5
key=RB_TopCountSubBrandSnapshot,Value=5
key=RB_TopCountMoleculeSnapshot,Value=5
key=RB_TopCountSKUSnapshot,Value=5
key=RB_ComTrendTopCount,Value=5
key=RB_TopCountBrandTrend,Value=5
key=RB_TopCountSubBrandTrend,Value=5
key=RB_TopCountMoleculeTrend,Value=5
key=RB_TopCountSKUTrend,Value=5
key=RB_CategoryTrendTopCount,Value=5
key=CurrentNavigationId,Value=navigation1
key=Navigation_Label,Value=Home
key=GuideLevel,Value=JJV-M
key=EmailTemplate,Value=
key=IsIMSUser,Value=true
key=@@navigation,Value=NavHome
key=@@navigation_label,Value=Home
key=@@MarketCategory_text,Value=ANALGESICS
key=@@PeriodType_text,Value=Monthly
key=@@Measure_text,Value=$ Value Retail
key=@@MarketSubCategory_text,Value=CHILD
key=@@Segment_text,Value=All RB Segments
key=@@HiddenMarket_text,Value=[Market].[Hierarchy].[Category].&[ANALGESICS].&[CHILD]
key=@@Channel_text,Value=All Channels
key=@@SubChannel_text,Value=All Sub Channels
key=@@Period_text,Value=Jan 2015
                            

-----------------------------------------------------------------
                            2015-03-25 13:26:20,583 [8] INFO  IMS.Logger.Logger [(null)] –                             
                            Parameter for Module=5
key=NavigationName,Value=NavHome
key=recordCount,Value=5
key=RB_Geo,Value=[Geo].[Hierarchy].[COUNTRY].&[HUNGARY]
key=RB_Geo_text,Value=HUNGARY
key=RB_MarketFilterParent,Value=[Market].[Hierarchy].[Category].&[ANALGESICS]
key=RB_SubCategoryFilter,Value=[Market].[Hierarchy].[Category].&[ANALGESICS].&[CHILD]
key=RB_Segment,Value=[Market].[Hierarchy].[Category].&[ANALGESICS].&[CHILD]
key=RB_Channel,Value=[Channel].[Channel].[All]
key=RB_SubChannel,Value=[Channel].[SubChannel].[All]
key=RB_PeriodType,Value=[Period].[PeriodTypeName].&[Monthly]
key=RB_Measure,Value=Measures.LCDR
key=RB_Market,Value=[Market].[Hierarchy].[Category].&[ANALGESICS].&[CHILD]
key=RB_Period,Value=[Period].[Hierarchy].[Period].&[MTH01]
key=uncheckedItems,Value=TOTAL MARKET
key=RB_Measure_Type,Value=sales
key=absoluteThousandConversion,Value=Absolute
key=RB_TopCountComGlance,Value=5
key=RB_TopCountBrandGlance,Value=5
key=RB_TopCountSubBrandGlance,Value=5
key=RB_TopCountSKUGlance,Value=5
key=RB_TopCountMoleculeAtaGlance,Value=5
key=RB_ComSnapshotTopCount,Value=5
key=RB_TopCountBrandSnapshot,Value=5
key=RB_TopCountSubBrandSnapshot,Value=5
key=RB_TopCountMoleculeSnapshot,Value=5
key=RB_TopCountSKUSnapshot,Value=5
key=RB_ComTrendTopCount,Value=5
key=RB_TopCountBrandTrend,Value=5
key=RB_TopCountSubBrandTrend,Value=5
key=RB_TopCountMoleculeTrend,Value=5
key=RB_TopCountSKUTrend,Value=5
key=RB_CategoryTrendTopCount,Value=5
key=CurrentNavigationId,Value=navigation1
key=Navigation_Label,Value=Home
key=GuideLevel,Value=JJV-M
key=EmailTemplate,Value=
key=IsIMSUser,Value=true
key=@@navigation,Value=NavHome
key=@@navigation_label,Value=Home
key=@@MarketCategory_text,Value=ANALGESICS
key=@@PeriodType_text,Value=Monthly
key=@@Measure_text,Value=$ Value Retail
key=@@MarketSubCategory_text,Value=CHILD
key=@@Segment_text,Value=All RB Segments
key=@@HiddenMarket_text,Value=[Market].[Hierarchy].[Category].&[ANALGESICS].&[CHILD]
key=@@Channel_text,Value=All Channels
key=@@SubChannel_text,Value=All Sub Channels
key=@@Period_text,Value=Jan 2015
                            

-----------------------------------------------------------------
                            2015-03-25 13:26:20,592 [8] INFO  IMS.Logger.Logger [(null)] –                             
                            Parameter for Module=6
key=NavigationName,Value=NavHome
key=recordCount,Value=5
key=RB_Geo,Value=[Geo].[Hierarchy].[COUNTRY].&[HUNGARY]
key=RB_Geo_text,Value=HUNGARY
key=RB_MarketFilterParent,Value=[Market].[Hierarchy].[Category].&[ANALGESICS]
key=RB_SubCategoryFilter,Value=[Market].[Hierarchy].[Category].&[ANALGESICS].&[CHILD]
key=RB_Segment,Value=[Market].[Hierarchy].[Category].&[ANALGESICS].&[CHILD]
key=RB_Channel,Value=[Channel].[Channel].[All]
key=RB_SubChannel,Value=[Channel].[SubChannel].[All]
key=RB_PeriodType,Value=[Period].[PeriodTypeName].&[Monthly]
key=RB_Measure,Value=Measures.LCDR
key=RB_Market,Value=[Market].[Hierarchy].[Category].&[ANALGESICS].&[CHILD]
key=RB_Period,Value=[Period].[Hierarchy].[Period].&[MTH01]
key=uncheckedItems,Value=TOTAL MARKET
key=RB_Measure_Type,Value=sales
key=absoluteThousandConversion,Value=Absolute
key=RB_TopCountComGlance,Value=5
key=RB_TopCountBrandGlance,Value=5
key=RB_TopCountSubBrandGlance,Value=5
key=RB_TopCountSKUGlance,Value=5
key=RB_TopCountMoleculeAtaGlance,Value=5
key=RB_ComSnapshotTopCount,Value=5
key=RB_TopCountBrandSnapshot,Value=5
key=RB_TopCountSubBrandSnapshot,Value=5
key=RB_TopCountMoleculeSnapshot,Value=5
key=RB_TopCountSKUSnapshot,Value=5
key=RB_ComTrendTopCount,Value=5
key=RB_TopCountBrandTrend,Value=5
key=RB_TopCountSubBrandTrend,Value=5
key=RB_TopCountMoleculeTrend,Value=5
key=RB_TopCountSKUTrend,Value=5
key=RB_CategoryTrendTopCount,Value=5
key=CurrentNavigationId,Value=navigation1
key=Navigation_Label,Value=Home
key=GuideLevel,Value=JJV-M
key=EmailTemplate,Value=
key=IsIMSUser,Value=true
key=@@navigation,Value=NavHome
key=@@navigation_label,Value=Home
key=@@MarketCategory_text,Value=ANALGESICS
key=@@PeriodType_text,Value=Monthly
key=@@Measure_text,Value=$ Value Retail
key=@@MarketSubCategory_text,Value=CHILD
key=@@Segment_text,Value=All RB Segments
key=@@HiddenMarket_text,Value=[Market].[Hierarchy].[Category].&[ANALGESICS].&[CHILD]
key=@@Channel_text,Value=All Channels
key=@@SubChannel_text,Value=All Sub Channels
key=@@Period_text,Value=Jan 2015
                            

-----------------------------------------------------------------
                            2015-03-25 13:26:20,606 [8] INFO  IMS.Logger.Logger [(null)] –                             
                            Parameter for Module=1
key=NavigationName,Value=NavHome
key=recordCount,Value=5
key=RB_Geo,Value=[Geo].[Hierarchy].[COUNTRY].&[HUNGARY]
key=RB_Geo_text,Value=HUNGARY
key=RB_MarketFilterParent,Value=[Market].[Hierarchy].[Category].&[ANALGESICS]
key=RB_SubCategoryFilter,Value=[Market].[Hierarchy].[Category].&[ANALGESICS].&[CHILD]
key=RB_Segment,Value=[Market].[Hierarchy].[Category].&[ANALGESICS].&[CHILD]
key=RB_Channel,Value=[Channel].[Channel].[All]
key=RB_SubChannel,Value=[Channel].[SubChannel].[All]
key=RB_PeriodType,Value=[Period].[PeriodTypeName].&[Monthly]
key=RB_Measure,Value=Measures.LCDR
key=RB_Market,Value=[Market].[Hierarchy].[Category].&[ANALGESICS].&[CHILD]
key=RB_Period,Value=[Period].[Hierarchy].[Period].&[MTH01]
key=uncheckedItems,Value=TOTAL MARKET
key=RB_Measure_Type,Value=sales
key=absoluteThousandConversion,Value=Absolute
key=RB_TopCountComGlance,Value=5
key=RB_TopCountBrandGlance,Value=5
key=RB_TopCountSubBrandGlance,Value=5
key=RB_TopCountSKUGlance,Value=5
key=RB_TopCountMoleculeAtaGlance,Value=5
key=RB_ComSnapshotTopCount,Value=5
key=RB_TopCountBrandSnapshot,Value=5
key=RB_TopCountSubBrandSnapshot,Value=5
key=RB_TopCountMoleculeSnapshot,Value=5
key=RB_TopCountSKUSnapshot,Value=5
key=RB_ComTrendTopCount,Value=5
key=RB_TopCountBrandTrend,Value=5
key=RB_TopCountSubBrandTrend,Value=5
key=RB_TopCountMoleculeTrend,Value=5
key=RB_TopCountSKUTrend,Value=5
key=RB_CategoryTrendTopCount,Value=5
key=CurrentNavigationId,Value=navigation1
key=Navigation_Label,Value=Home
key=GuideLevel,Value=JJV-M
key=EmailTemplate,Value=
key=IsIMSUser,Value=true
key=@@navigation,Value=NavHome
key=@@navigation_label,Value=Home
key=@@MarketCategory_text,Value=ANALGESICS
key=@@PeriodType_text,Value=Monthly
key=@@Measure_text,Value=$ Value Retail
key=@@MarketSubCategory_text,Value=CHILD
key=@@Segment_text,Value=All RB Segments
key=@@HiddenMarket_text,Value=[Market].[Hierarchy].[Category].&[ANALGESICS].&[CHILD]
key=@@Channel_text,Value=All Channels
key=@@SubChannel_text,Value=All Sub Channels
key=@@Period_text,Value=Jan 2015
                            

-----------------------------------------------------------------
                            2015-03-25 13:26:20,615 [8] INFO  IMS.Logger.Logger [(null)] –                             
                            Parameter for Module=2
key=NavigationName,Value=NavHome
key=recordCount,Value=5
key=RB_Geo,Value=[Geo].[Hierarchy].[COUNTRY].&[HUNGARY]
key=RB_Geo_text,Value=HUNGARY
key=RB_MarketFilterParent,Value=[Market].[Hierarchy].[Category].&[ANALGESICS]
key=RB_SubCategoryFilter,Value=[Market].[Hierarchy].[Category].&[ANALGESICS].&[CHILD]
key=RB_Segment,Value=[Market].[Hierarchy].[Category].&[ANALGESICS].&[CHILD]
key=RB_Channel,Value=[Channel].[Channel].[All]
key=RB_SubChannel,Value=[Channel].[SubChannel].[All]
key=RB_PeriodType,Value=[Period].[PeriodTypeName].&[Monthly]
key=RB_Measure,Value=Measures.LCDR
key=RB_Market,Value=[Market].[Hierarchy].[Category].&[ANALGESICS].&[CHILD]
key=RB_Period,Value=[Period].[Hierarchy].[Period].&[MTH01]
key=uncheckedItems,Value=TOTAL MARKET
key=RB_Measure_Type,Value=sales
key=absoluteThousandConversion,Value=Absolute
key=RB_TopCountComGlance,Value=5
key=RB_TopCountBrandGlance,Value=5
key=RB_TopCountSubBrandGlance,Value=5
key=RB_TopCountSKUGlance,Value=5
key=RB_TopCountMoleculeAtaGlance,Value=5
key=RB_ComSnapshotTopCount,Value=5
key=RB_TopCountBrandSnapshot,Value=5
key=RB_TopCountSubBrandSnapshot,Value=5
key=RB_TopCountMoleculeSnapshot,Value=5
key=RB_TopCountSKUSnapshot,Value=5
key=RB_ComTrendTopCount,Value=5
key=RB_TopCountBrandTrend,Value=5
key=RB_TopCountSubBrandTrend,Value=5
key=RB_TopCountMoleculeTrend,Value=5
key=RB_TopCountSKUTrend,Value=5
key=RB_CategoryTrendTopCount,Value=5
key=CurrentNavigationId,Value=navigation1
key=Navigation_Label,Value=Home
key=GuideLevel,Value=JJV-M
key=EmailTemplate,Value=
key=IsIMSUser,Value=true
key=@@navigation,Value=NavHome
key=@@navigation_label,Value=Home
key=@@MarketCategory_text,Value=ANALGESICS
key=@@PeriodType_text,Value=Monthly
key=@@Measure_text,Value=$ Value Retail
key=@@MarketSubCategory_text,Value=CHILD
key=@@Segment_text,Value=All RB Segments
key=@@HiddenMarket_text,Value=[Market].[Hierarchy].[Category].&[ANALGESICS].&[CHILD]
key=@@Channel_text,Value=All Channels
key=@@SubChannel_text,Value=All Sub Channels
key=@@Period_text,Value=Jan 2015
                            

-----------------------------------------------------------------
                            2015-03-25 13:26:20,657 [8] INFO  IMS.Logger.Logger [(null)] –                             
                            Parameter for Module=103
key=NavigationName,Value=NavHome
key=recordCount,Value=5
key=RB_Geo,Value=[Geo].[Hierarchy].[COUNTRY].&[HUNGARY]
key=RB_Geo_text,Value=HUNGARY
key=RB_MarketFilterParent,Value=[Market].[Hierarchy].[Category].&[ANALGESICS]
key=RB_SubCategoryFilter,Value=[Market].[Hierarchy].[Category].&[ANALGESICS].&[CHILD]
key=RB_Segment,Value=[Market].[Hierarchy].[Category].&[ANALGESICS].&[CHILD]
key=RB_Channel,Value=[Channel].[Channel].[All]
key=RB_SubChannel,Value=[Channel].[SubChannel].[All]
key=RB_PeriodType,Value=[Period].[PeriodTypeName].&[Monthly]
key=RB_Measure,Value=Measures.LCDR
key=RB_Market,Value=[Market].[Hierarchy].[Category].&[ANALGESICS].&[CHILD]
key=RB_Period,Value=[Period].[Hierarchy].[Period].&[MTH01]
key=uncheckedItems,Value=TOTAL MARKET
key=RB_Measure_Type,Value=sales
key=absoluteThousandConversion,Value=Absolute
key=RB_TopCountComGlance,Value=5
key=RB_TopCountBrandGlance,Value=5
key=RB_TopCountSubBrandGlance,Value=5
key=RB_TopCountSKUGlance,Value=5
key=RB_TopCountMoleculeAtaGlance,Value=5
key=RB_ComSnapshotTopCount,Value=5
key=RB_TopCountBrandSnapshot,Value=5
key=RB_TopCountSubBrandSnapshot,Value=5
key=RB_TopCountMoleculeSnapshot,Value=5
key=RB_TopCountSKUSnapshot,Value=5
key=RB_ComTrendTopCount,Value=5
key=RB_TopCountBrandTrend,Value=5
key=RB_TopCountSubBrandTrend,Value=5
key=RB_TopCountMoleculeTrend,Value=5
key=RB_TopCountSKUTrend,Value=5
key=RB_CategoryTrendTopCount,Value=5
key=CurrentNavigationId,Value=navigation1
key=Navigation_Label,Value=Home
key=GuideLevel,Value=JJV-M
key=EmailTemplate,Value=
key=IsIMSUser,Value=true
key=@@navigation,Value=NavHome
key=@@navigation_label,Value=Home
key=@@MarketCategory_text,Value=ANALGESICS
key=@@PeriodType_text,Value=Monthly
key=@@Measure_text,Value=$ Value Retail
key=@@MarketSubCategory_text,Value=CHILD
key=@@Segment_text,Value=All RB Segments
key=@@HiddenMarket_text,Value=[Market].[Hierarchy].[Category].&[ANALGESICS].&[CHILD]
key=@@Channel_text,Value=All Channels
key=@@SubChannel_text,Value=All Sub Channels
key=@@Period_text,Value=Jan 2015
                            

-----------------------------------------------------------------
                            2015-03-25 13:26:20,707 [8] INFO  IMS.Logger.Logger [(null)] –                             
                            Parameter for Module=101
key=NavigationName,Value=NavHome
key=recordCount,Value=5
key=RB_Geo,Value=[Geo].[Hierarchy].[COUNTRY].&[HUNGARY]
key=RB_Geo_text,Value=HUNGARY
key=RB_MarketFilterParent,Value=[Market].[Hierarchy].[Category].&[ANALGESICS]
key=RB_SubCategoryFilter,Value=[Market].[Hierarchy].[Category].&[ANALGESICS].&[CHILD]
key=RB_Segment,Value=[Market].[Hierarchy].[Category].&[ANALGESICS].&[CHILD]
key=RB_Channel,Value=[Channel].[Channel].[All]
key=RB_SubChannel,Value=[Channel].[SubChannel].[All]
key=RB_PeriodType,Value=[Period].[PeriodTypeName].&[Monthly]
key=RB_Measure,Value=Measures.LCDR
key=RB_Market,Value=[Market].[Hierarchy].[Category].&[ANALGESICS].&[CHILD]
key=RB_Period,Value=[Period].[Hierarchy].[Period].&[MTH01]
key=uncheckedItems,Value=TOTAL MARKET
key=RB_Measure_Type,Value=sales
key=absoluteThousandConversion,Value=Absolute
key=RB_TopCountComGlance,Value=5
key=RB_TopCountBrandGlance,Value=5
key=RB_TopCountSubBrandGlance,Value=5
key=RB_TopCountSKUGlance,Value=5
key=RB_TopCountMoleculeAtaGlance,Value=5
key=RB_ComSnapshotTopCount,Value=5
key=RB_TopCountBrandSnapshot,Value=5
key=RB_TopCountSubBrandSnapshot,Value=5
key=RB_TopCountMoleculeSnapshot,Value=5
key=RB_TopCountSKUSnapshot,Value=5
key=RB_ComTrendTopCount,Value=5
key=RB_TopCountBrandTrend,Value=5
key=RB_TopCountSubBrandTrend,Value=5
key=RB_TopCountMoleculeTrend,Value=5
key=RB_TopCountSKUTrend,Value=5
key=RB_CategoryTrendTopCount,Value=5
key=CurrentNavigationId,Value=navigation1
key=Navigation_Label,Value=Home
key=GuideLevel,Value=JJV-M
key=EmailTemplate,Value=
key=IsIMSUser,Value=true
key=@@navigation,Value=NavHome
key=@@navigation_label,Value=Home
key=@@MarketCategory_text,Value=ANALGESICS
key=@@PeriodType_text,Value=Monthly
key=@@Measure_text,Value=$ Value Retail
key=@@MarketSubCategory_text,Value=CHILD
key=@@Segment_text,Value=All RB Segments
key=@@HiddenMarket_text,Value=[Market].[Hierarchy].[Category].&[ANALGESICS].&[CHILD]
key=@@Channel_text,Value=All Channels
key=@@SubChannel_text,Value=All Sub Channels
key=@@Period_text,Value=Jan 2015
                            

-----------------------------------------------------------------
                            2015-03-25 13:26:20,771 [8] INFO  IMS.Logger.Logger [(null)] –                             
                            Parameter for Module=102
key=NavigationName,Value=NavHome
key=recordCount,Value=5
key=RB_Geo,Value=[Geo].[Hierarchy].[COUNTRY].&[HUNGARY]
key=RB_Geo_text,Value=HUNGARY
key=RB_MarketFilterParent,Value=[Market].[Hierarchy].[Category].&[ANALGESICS]
key=RB_SubCategoryFilter,Value=[Market].[Hierarchy].[Category].&[ANALGESICS].&[CHILD]
key=RB_Segment,Value=[Market].[Hierarchy].[Category].&[ANALGESICS].&[CHILD]
key=RB_Channel,Value=[Channel].[Channel].[All]
key=RB_SubChannel,Value=[Channel].[SubChannel].[All]
key=RB_PeriodType,Value=[Period].[PeriodTypeName].&[Monthly]
key=RB_Measure,Value=Measures.LCDR
key=RB_Market,Value=[Market].[Hierarchy].[Category].&[ANALGESICS].&[CHILD]
key=RB_Period,Value=[Period].[Hierarchy].[Period].&[MTH01]
key=uncheckedItems,Value=TOTAL MARKET
key=RB_Measure_Type,Value=sales
key=absoluteThousandConversion,Value=Absolute
key=RB_TopCountComGlance,Value=5
key=RB_TopCountBrandGlance,Value=5
key=RB_TopCountSubBrandGlance,Value=5
key=RB_TopCountSKUGlance,Value=5
key=RB_TopCountMoleculeAtaGlance,Value=5
key=RB_ComSnapshotTopCount,Value=5
key=RB_TopCountBrandSnapshot,Value=5
key=RB_TopCountSubBrandSnapshot,Value=5
key=RB_TopCountMoleculeSnapshot,Value=5
key=RB_TopCountSKUSnapshot,Value=5
key=RB_ComTrendTopCount,Value=5
key=RB_TopCountBrandTrend,Value=5
key=RB_TopCountSubBrandTrend,Value=5
key=RB_TopCountMoleculeTrend,Value=5
key=RB_TopCountSKUTrend,Value=5
key=RB_CategoryTrendTopCount,Value=5
key=CurrentNavigationId,Value=navigation1
key=Navigation_Label,Value=Home
key=GuideLevel,Value=JJV-M
key=EmailTemplate,Value=
key=IsIMSUser,Value=true
key=@@navigation,Value=NavHome
key=@@navigation_label,Value=Home
key=@@MarketCategory_text,Value=ANALGESICS
key=@@PeriodType_text,Value=Monthly
key=@@Measure_text,Value=$ Value Retail
key=@@MarketSubCategory_text,Value=CHILD
key=@@Segment_text,Value=All RB Segments
key=@@HiddenMarket_text,Value=[Market].[Hierarchy].[Category].&[ANALGESICS].&[CHILD]
key=@@Channel_text,Value=All Channels
key=@@SubChannel_text,Value=All Sub Channels
key=@@Period_text,Value=Jan 2015
                            

-----------------------------------------------------------------
                            2015-03-25 13:26:20,885 [8] ERROR IMS.Logger.Logger [(null)] –                             
                            Error executing the command. Please see the inner exception for details.
Commnad Details:
DbConnectionString:Data Source=DACSV0020\SQL2K12; Initial Catalog=IT_CUST_DEV_RB_DASHBOARD_DATA_DB
CubeConnectionString:Data Source=DACSV0020\SQL2K12;Initial Catalog=RBPo1DashboardCube;
CommandText:102
DataFormatFlat
CommandType:ViewId
Parameter(s):
NavigationName=NavHome
recordCount=5
RB_Geo=[Geo].[Hierarchy].[COUNTRY].&[HUNGARY]
RB_Geo_text=HUNGARY
RB_MarketFilterParent=[Market].[Hierarchy].[Category].&[ANALGESICS]
RB_SubCategoryFilter=[Market].[Hierarchy].[Category].&[ANALGESICS].&[CHILD]
RB_Segment=[Market].[Hierarchy].[Category].&[ANALGESICS].&[CHILD]
RB_Channel=[Channel].[Channel].[All]
RB_SubChannel=[Channel].[SubChannel].[All]
RB_PeriodType=[Period].[PeriodTypeName].&[Monthly]
RB_Measure=Measures.LCDR
RB_Market=[Market].[Hierarchy].[Category].&[ANALGESICS].&[CHILD]
RB_Period=[Period].[Hierarchy].[Period].&[MTH01]
uncheckedItems=TOTAL MARKET
RB_Measure_Type=sales
absoluteThousandConversion=Absolute
RB_TopCountComGlance=5
RB_TopCountBrandGlance=5
RB_TopCountSubBrandGlance=5
RB_TopCountSKUGlance=5
RB_TopCountMoleculeAtaGlance=5
RB_ComSnapshotTopCount=5
RB_TopCountBrandSnapshot=5
RB_TopCountSubBrandSnapshot=5
RB_TopCountMoleculeSnapshot=5
RB_TopCountSKUSnapshot=5
RB_ComTrendTopCount=5
RB_TopCountBrandTrend=5
RB_TopCountSubBrandTrend=5
RB_TopCountMoleculeTrend=5
RB_TopCountSKUTrend=5
RB_CategoryTrendTopCount=5
CurrentNavigationId=navigation1
Navigation_Label=Home
GuideLevel=JJV-M
EmailTemplate=
IsIMSUser=true
@@navigation=NavHome
@@navigation_label=Home
@@MarketCategory_text=ANALGESICS
@@PeriodType_text=Monthly
@@Measure_text=$ Value Retail
@@MarketSubCategory_text=CHILD
@@Segment_text=All RB Segments
@@HiddenMarket_text=[Market].[Hierarchy].[Category].&[ANALGESICS].&[CHILD]
@@Channel_text=All Channels
@@SubChannel_text=All Sub Channels
@@Period_text=Jan 2015
                            

